#
# A fatal error has been detected by the Java Runtime Environment:
#
#  EXCEPTION_ACCESS_VIOLATION (0xc0000005) at pc=0x00007ffdb76446a0, pid=21228, tid=12572
#
# JRE version: Java(TM) SE Runtime Environment 18.9 (11.0.10+8) (build 11.0.10+8-LTS-162)
# Java VM: Java HotSpot(TM) 64-Bit Server VM 18.9 (11.0.10+8-LTS-162, mixed mode, tiered, compressed oops, g1 gc, windows-amd64)
# Problematic frame:
# V  [jvm.dll+0x2b46a0]
#
# No core dump will be written. Minidumps are not enabled by default on client versions of Windows
#
# If you would like to submit a bug report, please visit:
#   https://bugreport.java.com/bugreport/crash.jsp
#

---------------  S U M M A R Y ------------

Command Line: com.launchacademy.PetAdoptionsApplication

Host: Intel(R) Core(TM) i3-1005G1 CPU @ 1.20GHz, 4 cores, 7G,  Windows 10 , 64 bit Build 19041 (10.0.19041.928)
Time: Thu May 20 14:32:52 2021 Pacific Daylight Time elapsed time: 8.811734 seconds (0d 0h 0m 8s)

---------------  T H R E A D  ---------------

Current thread (0x0000018704969000):  JavaThread "C2 CompilerThread1" daemon [_thread_in_native, id=12572, stack(0x00000027b5200000,0x00000027b5300000)]


Current CompileTask:
C2:   8811 5511   !   4       org.springframework.util.ReflectionUtils::doWithMethods (176 bytes)

Stack: [0x00000027b5200000,0x00000027b5300000],  sp=0x00000027b52fb0f0,  free space=1004k
Native frames: (J=compiled Java code, j=interpreted, Vv=VM code, C=native code)
V  [jvm.dll+0x2b46a0]
V  [jvm.dll+0x52bfa6]
V  [jvm.dll+0x1feb47]
V  [jvm.dll+0x1fc42f]
V  [jvm.dll+0x17f09c]
V  [jvm.dll+0x20bbd4]
V  [jvm.dll+0x209cab]
V  [jvm.dll+0x713619]
V  [jvm.dll+0x70c314]
V  [jvm.dll+0x613036]
C  [ucrtbase.dll+0x21bb2]
C  [KERNEL32.DLL+0x17034]
C  [ntdll.dll+0x52651]


siginfo: EXCEPTION_ACCESS_VIOLATION (0xc0000005), reading address 0x0000004000000020


Register to memory mapping:

RIP=0x00007ffdb76446a0 jvm.dll
RAX=0x0000018707164390 points into unknown readable memory: f8 92 a0 00 87 01 00 00
RBX=0x0000004000000000 is an unknown value
RCX=0x000001870713a040 points into unknown readable memory: 00 00 00 00 00 00 00 00
RDX=0x00000187071643e0 points into unknown readable memory: 48 94 a0 00 87 01 00 00
RSP=0x00000027b52fb0f0 is pointing into the stack for thread: 0x0000018704969000
RBP=0x000001870713a040 points into unknown readable memory: 00 00 00 00 00 00 00 00
RSI=0x0 is NULL
RDI=0x0000000000000003 is an unknown value
R8 =0x000001870713a040 points into unknown readable memory: 00 00 00 00 00 00 00 00
R9 =0x0000018707168120 points into unknown readable memory: c8 11 79 03 87 01 00 00
R10=0x000000000000012b is an unknown value
R11=0x0000018707164390 points into unknown readable memory: f8 92 a0 00 87 01 00 00
R12=0x0000018705585050 points into unknown readable memory: 30 a0 13 07 87 01 00 00
R13=0x0000018700a09448 points into unknown readable memory: b0 43 ba b7 fd 7f 00 00
R14=0x00000187071643e0 points into unknown readable memory: 48 94 a0 00 87 01 00 00
R15=0x0000018701024490 points into unknown readable memory: 01 00 00 00 ff ff ff ff


Registers:
RAX=0x0000018707164390, RBX=0x0000004000000000, RCX=0x000001870713a040, RDX=0x00000187071643e0
RSP=0x00000027b52fb0f0, RBP=0x000001870713a040, RSI=0x0000000000000000, RDI=0x0000000000000003
R8 =0x000001870713a040, R9 =0x0000018707168120, R10=0x000000000000012b, R11=0x0000018707164390
R12=0x0000018705585050, R13=0x0000018700a09448, R14=0x00000187071643e0, R15=0x0000018701024490
RIP=0x00007ffdb76446a0, EFLAGS=0x0000000000010206

Top of Stack: (sp=0x00000027b52fb0f0)
0x00000027b52fb0f0:   000001870713a040 0000000000000000
0x00000027b52fb100:   00000187021e30b0 0000018701024490
0x00000027b52fb110:   00000187071643e0 0000000000000871
0x00000027b52fb120:   000001870713a040 0000018704c28e00
0x00000027b52fb130:   0000018705585050 000001870558f420
0x00000027b52fb140:   000000000010b458 000001870558f420
0x00000027b52fb150:   00007ffdb7c30df0 0000018704c28e00
0x00000027b52fb160:   0000002700000200 0000018704b13110
0x00000027b52fb170:   00000000053d53ac 0000018704c28e00
0x00000027b52fb180:   0000018704a60f48 000000000000000a
0x00000027b52fb190:   0000018704a60f00 00007ffdb7bcd178
0x00000027b52fb1a0:   00000027b52fc1f0 00000027b52fb2c0
0x00000027b52fb1b0:   0000000000000000 00007ffdb78bbfa6
0x00000027b52fb1c0:   00000027b52fc1f0 0000002700001108
0x00000027b52fb1d0:   00000027b52fc1f0 0000018701024490
0x00000027b52fb1e0:   0000000000000200 00000187054e2bd0 

Instructions: (pc=0x00007ffdb76446a0)
0x00007ffdb7644680:   4d 89 58 20 4d 8b 40 28 4c 3b c5 75 f3 49 8b 46
0x00007ffdb7644690:   10 48 8b 58 38 48 85 db 74 71 66 0f 1f 44 00 00
0x00007ffdb76446a0:   48 8b 4b 20 48 85 c9 75 06 48 8b 4b 18 eb 43 48
0x00007ffdb76446b0:   83 79 20 00 74 2a e8 55 f9 ff ff 4c 8b 43 20 48 


Stack slot to memory mapping:
stack at sp + 0 slots: 0x000001870713a040 points into unknown readable memory: 00 00 00 00 00 00 00 00
stack at sp + 1 slots: 0x0 is NULL
stack at sp + 2 slots: 0x00000187021e30b0 points into unknown readable memory: a8 d1 bc b7 fd 7f 00 00
stack at sp + 3 slots: 0x0000018701024490 points into unknown readable memory: 01 00 00 00 ff ff ff ff
stack at sp + 4 slots: 0x00000187071643e0 points into unknown readable memory: 48 94 a0 00 87 01 00 00
stack at sp + 5 slots: 0x0000000000000871 is an unknown value
stack at sp + 6 slots: 0x000001870713a040 points into unknown readable memory: 00 00 00 00 00 00 00 00
stack at sp + 7 slots: 0x0000018704c28e00 points into unknown readable memory: 06 00 00 00 00 00 00 00


---------------  P R O C E S S  ---------------

Threads class SMR info:
_java_thread_list=0x0000018703812be0, length=20, elements={
0x0000018761973800, 0x000001877fcdb000, 0x000001877fce4800, 0x000001877fcf6800,
0x000001877fcf9800, 0x000001877fcfb000, 0x0000018700895800, 0x000001870089b000,
0x000001870098a800, 0x00000187009a1000, 0x0000018701039000, 0x0000018701499800,
0x0000018704964800, 0x0000018704964000, 0x0000018704967000, 0x0000018704968000,
0x0000018704966800, 0x0000018704965800, 0x0000018704969000, 0x000001870496a800
}

Java Threads: ( => current thread )
  0x0000018761973800 JavaThread "main" [_thread_blocked, id=20616, stack(0x00000027b4000000,0x00000027b4100000)]
  0x000001877fcdb000 JavaThread "Reference Handler" daemon [_thread_blocked, id=19836, stack(0x00000027b4800000,0x00000027b4900000)]
  0x000001877fce4800 JavaThread "Finalizer" daemon [_thread_blocked, id=16328, stack(0x00000027b4900000,0x00000027b4a00000)]
  0x000001877fcf6800 JavaThread "Signal Dispatcher" daemon [_thread_blocked, id=4476, stack(0x00000027b4a00000,0x00000027b4b00000)]
  0x000001877fcf9800 JavaThread "Attach Listener" daemon [_thread_blocked, id=9644, stack(0x00000027b4b00000,0x00000027b4c00000)]
  0x000001877fcfb000 JavaThread "C2 CompilerThread0" daemon [_thread_in_native, id=12192, stack(0x00000027b4c00000,0x00000027b4d00000)]
  0x0000018700895800 JavaThread "C1 CompilerThread0" daemon [_thread_blocked, id=19472, stack(0x00000027b4d00000,0x00000027b4e00000)]
  0x000001870089b000 JavaThread "Sweeper thread" daemon [_thread_blocked, id=16156, stack(0x00000027b4e00000,0x00000027b4f00000)]
  0x000001870098a800 JavaThread "Service Thread" daemon [_thread_blocked, id=17144, stack(0x00000027b4f00000,0x00000027b5000000)]
  0x00000187009a1000 JavaThread "Common-Cleaner" daemon [_thread_blocked, id=21160, stack(0x00000027b5100000,0x00000027b5200000)]
  0x0000018701039000 JavaThread "Thread-0" [_thread_blocked, id=16912, stack(0x00000027b5600000,0x00000027b5700000)]
  0x0000018701499800 JavaThread "restartedMain" [_thread_in_Java, id=10828, stack(0x00000027b5700000,0x00000027b5800000)]
  0x0000018704964800 JavaThread "Catalina-utility-1" [_thread_blocked, id=15764, stack(0x00000027b5800000,0x00000027b5900000)]
  0x0000018704964000 JavaThread "Catalina-utility-2" [_thread_blocked, id=11632, stack(0x00000027b5a00000,0x00000027b5b00000)]
  0x0000018704967000 JavaThread "container-0" [_thread_blocked, id=19792, stack(0x00000027b5b00000,0x00000027b5c00000)]
  0x0000018704968000 JavaThread "PostgreSQL-JDBC-SharedTimer-1" daemon [_thread_blocked, id=7340, stack(0x00000027b5d00000,0x00000027b5e00000)]
  0x0000018704966800 JavaThread "HikariPool-1 housekeeper" daemon [_thread_blocked, id=15396, stack(0x00000027b5e00000,0x00000027b5f00000)]
  0x0000018704965800 JavaThread "HikariPool-1 connection adder" daemon [_thread_blocked, id=16284, stack(0x00000027b5f00000,0x00000027b6000000)]
=>0x0000018704969000 JavaThread "C2 CompilerThread1" daemon [_thread_in_native, id=12572, stack(0x00000027b5200000,0x00000027b5300000)]
  0x000001870496a800 JavaThread "Live Reload Server" daemon [_thread_in_native, id=20512, stack(0x00000027b6100000,0x00000027b6200000)]

Other Threads:
  0x000001877fcb5000 VMThread "VM Thread" [stack: 0x00000027b4700000,0x00000027b4800000] [id=16460]
  0x0000018700993800 WatcherThread [stack: 0x00000027b5000000,0x00000027b5100000] [id=16516]
  0x000001876198c000 GCTaskThread "GC Thread#0" [stack: 0x00000027b4200000,0x00000027b4300000] [id=19816]
  0x000001870123c000 GCTaskThread "GC Thread#1" [stack: 0x00000027b5300000,0x00000027b5400000] [id=17024]
  0x000001870177c000 GCTaskThread "GC Thread#2" [stack: 0x00000027b5400000,0x00000027b5500000] [id=15500]
  0x0000018701a9b800 GCTaskThread "GC Thread#3" [stack: 0x00000027b5900000,0x00000027b5a00000] [id=19892]
  0x00000187619ba000 ConcurrentGCThread "G1 Main Marker" [stack: 0x00000027b4300000,0x00000027b4400000] [id=19652]
  0x00000187619bb800 ConcurrentGCThread "G1 Conc#0" [stack: 0x00000027b4400000,0x00000027b4500000] [id=19008]
  0x000001877fb20800 ConcurrentGCThread "G1 Refine#0" [stack: 0x00000027b4500000,0x00000027b4600000] [id=20352]
  0x0000018700b7e000 ConcurrentGCThread "G1 Refine#1" [stack: 0x00000027b5500000,0x00000027b5600000] [id=20804]
  0x000001877fb21800 ConcurrentGCThread "G1 Young RemSet Sampling" [stack: 0x00000027b4600000,0x00000027b4700000] [id=2224]

Threads with active compile tasks:
C2 CompilerThread0   8923 5419   !   4       org.springframework.core.annotation.AnnotatedElementUtils::searchWithFindSemantics (774 bytes)
C2 CompilerThread1   8923 5511   !   4       org.springframework.util.ReflectionUtils::doWithMethods (176 bytes)

VM state:not at safepoint (normal execution)

VM Mutex/Monitor currently owned by a thread: None

Heap address: 0x0000000083c00000, size: 1988 MB, Compressed Oops mode: 32-bit
Narrow klass base: 0x0000000000000000, Narrow klass shift: 3
Compressed class space size: 1073741824 Address: 0x0000000100000000

Heap:
 garbage-first heap   total 155648K, used 45362K [0x0000000083c00000, 0x0000000100000000)
  region size 1024K, 31 young (31744K), 9 survivors (9216K)
 Metaspace       used 62184K, capacity 63599K, committed 63784K, reserved 1103872K
  class space    used 7892K, capacity 8437K, committed 8488K, reserved 1048576K
Heap Regions: E=young(eden), S=young(survivor), O=old, HS=humongous(starts), HC=humongous(continues), CS=collection set, F=free, A=archive, TAMS=top-at-mark-start (previous, next)
|   0|0x0000000083c00000, 0x0000000083d00000, 0x0000000083d00000|100%|HS|  |TAMS 0x0000000083d00000, 0x0000000083c00000| Complete 
|   1|0x0000000083d00000, 0x0000000083e00000, 0x0000000083e00000|100%| O|  |TAMS 0x0000000083e00000, 0x0000000083d00000| Untracked 
|   2|0x0000000083e00000, 0x0000000083f00000, 0x0000000083f00000|100%| O|  |TAMS 0x0000000083f00000, 0x0000000083e00000| Untracked 
|   3|0x0000000083f00000, 0x0000000084000000, 0x0000000084000000|100%| O|  |TAMS 0x0000000084000000, 0x0000000083f00000| Untracked 
|   4|0x0000000084000000, 0x0000000084100000, 0x0000000084100000|100%| O|  |TAMS 0x0000000084100000, 0x0000000084000000| Untracked 
|   5|0x0000000084100000, 0x0000000084200000, 0x0000000084200000|100%| O|  |TAMS 0x0000000084200000, 0x0000000084100000| Untracked 
|   6|0x0000000084200000, 0x0000000084300000, 0x0000000084300000|100%| O|  |TAMS 0x0000000084300000, 0x0000000084200000| Untracked 
|   7|0x0000000084300000, 0x0000000084400000, 0x0000000084400000|100%| O|  |TAMS 0x0000000084400000, 0x0000000084300000| Untracked 
|   8|0x0000000084400000, 0x0000000084500000, 0x0000000084500000|100%| O|  |TAMS 0x0000000084500000, 0x0000000084400000| Untracked 
|   9|0x0000000084500000, 0x0000000084600000, 0x0000000084600000|100%| O|  |TAMS 0x0000000084600000, 0x0000000084500000| Untracked 
|  10|0x0000000084600000, 0x0000000084700000, 0x0000000084700000|100%| O|  |TAMS 0x0000000084700000, 0x0000000084600000| Untracked 
|  11|0x0000000084700000, 0x0000000084800000, 0x0000000084800000|100%| O|  |TAMS 0x0000000084800000, 0x0000000084700000| Untracked 
|  12|0x0000000084800000, 0x0000000084900000, 0x0000000084900000|100%| O|  |TAMS 0x0000000084900000, 0x0000000084800000| Untracked 
|  13|0x0000000084900000, 0x0000000084a00000, 0x0000000084a00000|100%| O|  |TAMS 0x0000000084a00000, 0x0000000084900000| Untracked 
|  14|0x0000000084a00000, 0x0000000084b00000, 0x0000000084b00000|100%| O|  |TAMS 0x0000000084b00000, 0x0000000084a00000| Untracked 
|  15|0x0000000084b00000, 0x0000000084b00000, 0x0000000084c00000|  0%| F|  |TAMS 0x0000000084b00000, 0x0000000084b00000| Untracked 
|  16|0x0000000084c00000, 0x0000000084c00000, 0x0000000084d00000|  0%| F|  |TAMS 0x0000000084c00000, 0x0000000084c00000| Untracked 
|  17|0x0000000084d00000, 0x0000000084d00000, 0x0000000084e00000|  0%| F|  |TAMS 0x0000000084d00000, 0x0000000084d00000| Untracked 
|  18|0x0000000084e00000, 0x0000000084e00000, 0x0000000084f00000|  0%| F|  |TAMS 0x0000000084e00000, 0x0000000084e00000| Untracked 
|  19|0x0000000084f00000, 0x0000000084f00000, 0x0000000085000000|  0%| F|  |TAMS 0x0000000084f00000, 0x0000000084f00000| Untracked 
|  20|0x0000000085000000, 0x0000000085000000, 0x0000000085100000|  0%| F|  |TAMS 0x0000000085000000, 0x0000000085000000| Untracked 
|  21|0x0000000085100000, 0x0000000085100000, 0x0000000085200000|  0%| F|  |TAMS 0x0000000085100000, 0x0000000085100000| Untracked 
|  22|0x0000000085200000, 0x0000000085200000, 0x0000000085300000|  0%| F|  |TAMS 0x0000000085200000, 0x0000000085200000| Untracked 
|  23|0x0000000085300000, 0x0000000085300000, 0x0000000085400000|  0%| F|  |TAMS 0x0000000085300000, 0x0000000085300000| Untracked 
|  24|0x0000000085400000, 0x0000000085400000, 0x0000000085500000|  0%| F|  |TAMS 0x0000000085400000, 0x0000000085400000| Untracked 
|  25|0x0000000085500000, 0x0000000085500000, 0x0000000085600000|  0%| F|  |TAMS 0x0000000085500000, 0x0000000085500000| Untracked 
|  26|0x0000000085600000, 0x0000000085600000, 0x0000000085700000|  0%| F|  |TAMS 0x0000000085600000, 0x0000000085600000| Untracked 
|  27|0x0000000085700000, 0x0000000085700000, 0x0000000085800000|  0%| F|  |TAMS 0x0000000085700000, 0x0000000085700000| Untracked 
|  28|0x0000000085800000, 0x0000000085800000, 0x0000000085900000|  0%| F|  |TAMS 0x0000000085800000, 0x0000000085800000| Untracked 
|  29|0x0000000085900000, 0x0000000085900000, 0x0000000085a00000|  0%| F|  |TAMS 0x0000000085900000, 0x0000000085900000| Untracked 
|  30|0x0000000085a00000, 0x0000000085a00000, 0x0000000085b00000|  0%| F|  |TAMS 0x0000000085a00000, 0x0000000085a00000| Untracked 
|  31|0x0000000085b00000, 0x0000000085b00000, 0x0000000085c00000|  0%| F|  |TAMS 0x0000000085b00000, 0x0000000085b00000| Untracked 
|  32|0x0000000085c00000, 0x0000000085c00000, 0x0000000085d00000|  0%| F|  |TAMS 0x0000000085c00000, 0x0000000085c00000| Untracked 
|  33|0x0000000085d00000, 0x0000000085d00000, 0x0000000085e00000|  0%| F|  |TAMS 0x0000000085d00000, 0x0000000085d00000| Untracked 
|  34|0x0000000085e00000, 0x0000000085e00000, 0x0000000085f00000|  0%| F|  |TAMS 0x0000000085e00000, 0x0000000085e00000| Untracked 
|  35|0x0000000085f00000, 0x0000000085f00000, 0x0000000086000000|  0%| F|  |TAMS 0x0000000085f00000, 0x0000000085f00000| Untracked 
|  36|0x0000000086000000, 0x0000000086000000, 0x0000000086100000|  0%| F|  |TAMS 0x0000000086000000, 0x0000000086000000| Untracked 
|  37|0x0000000086100000, 0x0000000086100000, 0x0000000086200000|  0%| F|  |TAMS 0x0000000086100000, 0x0000000086100000| Untracked 
|  38|0x0000000086200000, 0x0000000086200000, 0x0000000086300000|  0%| F|  |TAMS 0x0000000086200000, 0x0000000086200000| Untracked 
|  39|0x0000000086300000, 0x0000000086300000, 0x0000000086400000|  0%| F|  |TAMS 0x0000000086300000, 0x0000000086300000| Untracked 
|  40|0x0000000086400000, 0x0000000086400000, 0x0000000086500000|  0%| F|  |TAMS 0x0000000086400000, 0x0000000086400000| Untracked 
|  41|0x0000000086500000, 0x0000000086500000, 0x0000000086600000|  0%| F|  |TAMS 0x0000000086500000, 0x0000000086500000| Untracked 
|  42|0x0000000086600000, 0x0000000086600000, 0x0000000086700000|  0%| F|  |TAMS 0x0000000086600000, 0x0000000086600000| Untracked 
|  43|0x0000000086700000, 0x0000000086700000, 0x0000000086800000|  0%| F|  |TAMS 0x0000000086700000, 0x0000000086700000| Untracked 
|  44|0x0000000086800000, 0x0000000086800000, 0x0000000086900000|  0%| F|  |TAMS 0x0000000086800000, 0x0000000086800000| Untracked 
|  45|0x0000000086900000, 0x0000000086900000, 0x0000000086a00000|  0%| F|  |TAMS 0x0000000086900000, 0x0000000086900000| Untracked 
|  46|0x0000000086a00000, 0x0000000086a00000, 0x0000000086b00000|  0%| F|  |TAMS 0x0000000086a00000, 0x0000000086a00000| Untracked 
|  47|0x0000000086b00000, 0x0000000086b00000, 0x0000000086c00000|  0%| F|  |TAMS 0x0000000086b00000, 0x0000000086b00000| Untracked 
|  48|0x0000000086c00000, 0x0000000086c00000, 0x0000000086d00000|  0%| F|  |TAMS 0x0000000086c00000, 0x0000000086c00000| Untracked 
|  49|0x0000000086d00000, 0x0000000086d00000, 0x0000000086e00000|  0%| F|  |TAMS 0x0000000086d00000, 0x0000000086d00000| Untracked 
|  50|0x0000000086e00000, 0x0000000086e00000, 0x0000000086f00000|  0%| F|  |TAMS 0x0000000086e00000, 0x0000000086e00000| Untracked 
|  51|0x0000000086f00000, 0x0000000086f00000, 0x0000000087000000|  0%| F|  |TAMS 0x0000000086f00000, 0x0000000086f00000| Untracked 
|  52|0x0000000087000000, 0x0000000087000000, 0x0000000087100000|  0%| F|  |TAMS 0x0000000087000000, 0x0000000087000000| Untracked 
|  53|0x0000000087100000, 0x0000000087100000, 0x0000000087200000|  0%| F|  |TAMS 0x0000000087100000, 0x0000000087100000| Untracked 
|  54|0x0000000087200000, 0x0000000087200000, 0x0000000087300000|  0%| F|  |TAMS 0x0000000087200000, 0x0000000087200000| Untracked 
|  55|0x0000000087300000, 0x0000000087300000, 0x0000000087400000|  0%| F|  |TAMS 0x0000000087300000, 0x0000000087300000| Untracked 
|  56|0x0000000087400000, 0x0000000087400000, 0x0000000087500000|  0%| F|  |TAMS 0x0000000087400000, 0x0000000087400000| Untracked 
|  57|0x0000000087500000, 0x0000000087500000, 0x0000000087600000|  0%| F|  |TAMS 0x0000000087500000, 0x0000000087500000| Untracked 
|  58|0x0000000087600000, 0x0000000087600000, 0x0000000087700000|  0%| F|  |TAMS 0x0000000087600000, 0x0000000087600000| Untracked 
|  59|0x0000000087700000, 0x0000000087700000, 0x0000000087800000|  0%| F|  |TAMS 0x0000000087700000, 0x0000000087700000| Untracked 
|  60|0x0000000087800000, 0x0000000087800000, 0x0000000087900000|  0%| F|  |TAMS 0x0000000087800000, 0x0000000087800000| Untracked 
|  61|0x0000000087900000, 0x0000000087900000, 0x0000000087a00000|  0%| F|  |TAMS 0x0000000087900000, 0x0000000087900000| Untracked 
|  62|0x0000000087a00000, 0x0000000087a00000, 0x0000000087b00000|  0%| F|  |TAMS 0x0000000087a00000, 0x0000000087a00000| Untracked 
|  63|0x0000000087b00000, 0x0000000087b00000, 0x0000000087c00000|  0%| F|  |TAMS 0x0000000087b00000, 0x0000000087b00000| Untracked 
|  64|0x0000000087c00000, 0x0000000087c00000, 0x0000000087d00000|  0%| F|  |TAMS 0x0000000087c00000, 0x0000000087c00000| Untracked 
|  65|0x0000000087d00000, 0x0000000087d00000, 0x0000000087e00000|  0%| F|  |TAMS 0x0000000087d00000, 0x0000000087d00000| Untracked 
|  66|0x0000000087e00000, 0x0000000087e00000, 0x0000000087f00000|  0%| F|  |TAMS 0x0000000087e00000, 0x0000000087e00000| Untracked 
|  67|0x0000000087f00000, 0x0000000087f00000, 0x0000000088000000|  0%| F|  |TAMS 0x0000000087f00000, 0x0000000087f00000| Untracked 
|  68|0x0000000088000000, 0x0000000088000000, 0x0000000088100000|  0%| F|  |TAMS 0x0000000088000000, 0x0000000088000000| Untracked 
|  69|0x0000000088100000, 0x0000000088100000, 0x0000000088200000|  0%| F|  |TAMS 0x0000000088100000, 0x0000000088100000| Untracked 
|  70|0x0000000088200000, 0x0000000088200000, 0x0000000088300000|  0%| F|  |TAMS 0x0000000088200000, 0x0000000088200000| Untracked 
|  71|0x0000000088300000, 0x0000000088300000, 0x0000000088400000|  0%| F|  |TAMS 0x0000000088300000, 0x0000000088300000| Untracked 
|  72|0x0000000088400000, 0x0000000088400000, 0x0000000088500000|  0%| F|  |TAMS 0x0000000088400000, 0x0000000088400000| Untracked 
|  73|0x0000000088500000, 0x0000000088500000, 0x0000000088600000|  0%| F|  |TAMS 0x0000000088500000, 0x0000000088500000| Untracked 
|  74|0x0000000088600000, 0x0000000088600000, 0x0000000088700000|  0%| F|  |TAMS 0x0000000088600000, 0x0000000088600000| Untracked 
|  75|0x0000000088700000, 0x0000000088700000, 0x0000000088800000|  0%| F|  |TAMS 0x0000000088700000, 0x0000000088700000| Untracked 
|  76|0x0000000088800000, 0x0000000088800000, 0x0000000088900000|  0%| F|  |TAMS 0x0000000088800000, 0x0000000088800000| Untracked 
|  77|0x0000000088900000, 0x0000000088900000, 0x0000000088a00000|  0%| F|  |TAMS 0x0000000088900000, 0x0000000088900000| Untracked 
|  78|0x0000000088a00000, 0x0000000088a00000, 0x0000000088b00000|  0%| F|  |TAMS 0x0000000088a00000, 0x0000000088a00000| Untracked 
|  79|0x0000000088b00000, 0x0000000088b00000, 0x0000000088c00000|  0%| F|  |TAMS 0x0000000088b00000, 0x0000000088b00000| Untracked 
|  80|0x0000000088c00000, 0x0000000088c00000, 0x0000000088d00000|  0%| F|  |TAMS 0x0000000088c00000, 0x0000000088c00000| Untracked 
|  81|0x0000000088d00000, 0x0000000088d00000, 0x0000000088e00000|  0%| F|  |TAMS 0x0000000088d00000, 0x0000000088d00000| Untracked 
|  82|0x0000000088e00000, 0x0000000088e00000, 0x0000000088f00000|  0%| F|  |TAMS 0x0000000088e00000, 0x0000000088e00000| Untracked 
|  83|0x0000000088f00000, 0x0000000088f00000, 0x0000000089000000|  0%| F|  |TAMS 0x0000000088f00000, 0x0000000088f00000| Untracked 
|  84|0x0000000089000000, 0x0000000089000000, 0x0000000089100000|  0%| F|  |TAMS 0x0000000089000000, 0x0000000089000000| Untracked 
|  85|0x0000000089100000, 0x0000000089100000, 0x0000000089200000|  0%| F|  |TAMS 0x0000000089100000, 0x0000000089100000| Untracked 
|  86|0x0000000089200000, 0x000000008924c958, 0x0000000089300000| 29%| S|CS|TAMS 0x0000000089200000, 0x0000000089200000| Complete 
|  87|0x0000000089300000, 0x0000000089400000, 0x0000000089400000|100%| S|CS|TAMS 0x0000000089300000, 0x0000000089300000| Complete 
|  88|0x0000000089400000, 0x0000000089500000, 0x0000000089500000|100%| S|CS|TAMS 0x0000000089400000, 0x0000000089400000| Complete 
|  89|0x0000000089500000, 0x0000000089600000, 0x0000000089600000|100%| S|CS|TAMS 0x0000000089500000, 0x0000000089500000| Complete 
|  90|0x0000000089600000, 0x0000000089700000, 0x0000000089700000|100%| S|CS|TAMS 0x0000000089600000, 0x0000000089600000| Complete 
|  91|0x0000000089700000, 0x0000000089800000, 0x0000000089800000|100%| S|CS|TAMS 0x0000000089700000, 0x0000000089700000| Complete 
|  92|0x0000000089800000, 0x0000000089900000, 0x0000000089900000|100%| S|CS|TAMS 0x0000000089800000, 0x0000000089800000| Complete 
|  93|0x0000000089900000, 0x0000000089a00000, 0x0000000089a00000|100%| S|CS|TAMS 0x0000000089900000, 0x0000000089900000| Complete 
|  94|0x0000000089a00000, 0x0000000089b00000, 0x0000000089b00000|100%| S|CS|TAMS 0x0000000089a00000, 0x0000000089a00000| Complete 
|  95|0x0000000089b00000, 0x0000000089b00000, 0x0000000089c00000|  0%| F|  |TAMS 0x0000000089b00000, 0x0000000089b00000| Untracked 
|  96|0x0000000089c00000, 0x0000000089c00000, 0x0000000089d00000|  0%| F|  |TAMS 0x0000000089c00000, 0x0000000089c00000| Untracked 
|  97|0x0000000089d00000, 0x0000000089d00000, 0x0000000089e00000|  0%| F|  |TAMS 0x0000000089d00000, 0x0000000089d00000| Untracked 
|  98|0x0000000089e00000, 0x0000000089e00000, 0x0000000089f00000|  0%| F|  |TAMS 0x0000000089e00000, 0x0000000089e00000| Untracked 
|  99|0x0000000089f00000, 0x0000000089f00000, 0x000000008a000000|  0%| F|  |TAMS 0x0000000089f00000, 0x0000000089f00000| Untracked 
| 100|0x000000008a000000, 0x000000008a000000, 0x000000008a100000|  0%| F|  |TAMS 0x000000008a000000, 0x000000008a000000| Untracked 
| 101|0x000000008a100000, 0x000000008a100000, 0x000000008a200000|  0%| F|  |TAMS 0x000000008a100000, 0x000000008a100000| Untracked 
| 102|0x000000008a200000, 0x000000008a200000, 0x000000008a300000|  0%| F|  |TAMS 0x000000008a200000, 0x000000008a200000| Untracked 
| 103|0x000000008a300000, 0x000000008a300000, 0x000000008a400000|  0%| F|  |TAMS 0x000000008a300000, 0x000000008a300000| Untracked 
| 104|0x000000008a400000, 0x000000008a400000, 0x000000008a500000|  0%| F|  |TAMS 0x000000008a400000, 0x000000008a400000| Untracked 
| 105|0x000000008a500000, 0x000000008a500000, 0x000000008a600000|  0%| F|  |TAMS 0x000000008a500000, 0x000000008a500000| Untracked 
| 106|0x000000008a600000, 0x000000008a600000, 0x000000008a700000|  0%| F|  |TAMS 0x000000008a600000, 0x000000008a600000| Untracked 
| 107|0x000000008a700000, 0x000000008a700000, 0x000000008a800000|  0%| F|  |TAMS 0x000000008a700000, 0x000000008a700000| Untracked 
| 108|0x000000008a800000, 0x000000008a800000, 0x000000008a900000|  0%| F|  |TAMS 0x000000008a800000, 0x000000008a800000| Untracked 
| 109|0x000000008a900000, 0x000000008a900000, 0x000000008aa00000|  0%| F|  |TAMS 0x000000008a900000, 0x000000008a900000| Untracked 
| 110|0x000000008aa00000, 0x000000008aa00000, 0x000000008ab00000|  0%| F|  |TAMS 0x000000008aa00000, 0x000000008aa00000| Untracked 
| 111|0x000000008ab00000, 0x000000008ab00000, 0x000000008ac00000|  0%| F|  |TAMS 0x000000008ab00000, 0x000000008ab00000| Untracked 
| 112|0x000000008ac00000, 0x000000008ac00000, 0x000000008ad00000|  0%| F|  |TAMS 0x000000008ac00000, 0x000000008ac00000| Untracked 
| 113|0x000000008ad00000, 0x000000008ad00000, 0x000000008ae00000|  0%| F|  |TAMS 0x000000008ad00000, 0x000000008ad00000| Untracked 
| 114|0x000000008ae00000, 0x000000008ae00000, 0x000000008af00000|  0%| F|  |TAMS 0x000000008ae00000, 0x000000008ae00000| Untracked 
| 115|0x000000008af00000, 0x000000008af00000, 0x000000008b000000|  0%| F|  |TAMS 0x000000008af00000, 0x000000008af00000| Untracked 
| 116|0x000000008b000000, 0x000000008b000000, 0x000000008b100000|  0%| F|  |TAMS 0x000000008b000000, 0x000000008b000000| Untracked 
| 117|0x000000008b100000, 0x000000008b100000, 0x000000008b200000|  0%| F|  |TAMS 0x000000008b100000, 0x000000008b100000| Untracked 
| 118|0x000000008b200000, 0x000000008b200000, 0x000000008b300000|  0%| F|  |TAMS 0x000000008b200000, 0x000000008b200000| Untracked 
| 119|0x000000008b300000, 0x000000008b300000, 0x000000008b400000|  0%| F|  |TAMS 0x000000008b300000, 0x000000008b300000| Untracked 
| 120|0x000000008b400000, 0x000000008b400000, 0x000000008b500000|  0%| F|  |TAMS 0x000000008b400000, 0x000000008b400000| Untracked 
| 121|0x000000008b500000, 0x000000008b500000, 0x000000008b600000|  0%| F|  |TAMS 0x000000008b500000, 0x000000008b500000| Untracked 
| 122|0x000000008b600000, 0x000000008b600000, 0x000000008b700000|  0%| F|  |TAMS 0x000000008b600000, 0x000000008b600000| Untracked 
| 123|0x000000008b700000, 0x000000008b700000, 0x000000008b800000|  0%| F|  |TAMS 0x000000008b700000, 0x000000008b700000| Untracked 
| 124|0x000000008b800000, 0x000000008b800000, 0x000000008b900000|  0%| F|  |TAMS 0x000000008b800000, 0x000000008b800000| Untracked 
| 125|0x000000008b900000, 0x000000008b900000, 0x000000008ba00000|  0%| F|  |TAMS 0x000000008b900000, 0x000000008b900000| Untracked 
| 126|0x000000008ba00000, 0x000000008ba00000, 0x000000008bb00000|  0%| F|  |TAMS 0x000000008ba00000, 0x000000008ba00000| Untracked 
| 127|0x000000008bb00000, 0x000000008bb00000, 0x000000008bc00000|  0%| F|  |TAMS 0x000000008bb00000, 0x000000008bb00000| Untracked 
| 128|0x000000008bc00000, 0x000000008bc00000, 0x000000008bd00000|  0%| F|  |TAMS 0x000000008bc00000, 0x000000008bc00000| Untracked 
| 129|0x000000008bd00000, 0x000000008bd00000, 0x000000008be00000|  0%| F|  |TAMS 0x000000008bd00000, 0x000000008bd00000| Untracked 
| 130|0x000000008be00000, 0x000000008bf00000, 0x000000008bf00000|100%| E|  |TAMS 0x000000008be00000, 0x000000008be00000| Complete 
| 131|0x000000008bf00000, 0x000000008c000000, 0x000000008c000000|100%| E|CS|TAMS 0x000000008bf00000, 0x000000008bf00000| Complete 
| 132|0x000000008c000000, 0x000000008c100000, 0x000000008c100000|100%| E|CS|TAMS 0x000000008c000000, 0x000000008c000000| Complete 
| 133|0x000000008c100000, 0x000000008c200000, 0x000000008c200000|100%| E|CS|TAMS 0x000000008c100000, 0x000000008c100000| Complete 
| 134|0x000000008c200000, 0x000000008c300000, 0x000000008c300000|100%| E|CS|TAMS 0x000000008c200000, 0x000000008c200000| Complete 
| 135|0x000000008c300000, 0x000000008c400000, 0x000000008c400000|100%| E|CS|TAMS 0x000000008c300000, 0x000000008c300000| Complete 
| 136|0x000000008c400000, 0x000000008c500000, 0x000000008c500000|100%| E|CS|TAMS 0x000000008c400000, 0x000000008c400000| Complete 
| 137|0x000000008c500000, 0x000000008c600000, 0x000000008c600000|100%| E|CS|TAMS 0x000000008c500000, 0x000000008c500000| Complete 
| 138|0x000000008c600000, 0x000000008c700000, 0x000000008c700000|100%| E|CS|TAMS 0x000000008c600000, 0x000000008c600000| Complete 
| 139|0x000000008c700000, 0x000000008c800000, 0x000000008c800000|100%| E|CS|TAMS 0x000000008c700000, 0x000000008c700000| Complete 
| 140|0x000000008c800000, 0x000000008c900000, 0x000000008c900000|100%| E|CS|TAMS 0x000000008c800000, 0x000000008c800000| Complete 
| 141|0x000000008c900000, 0x000000008ca00000, 0x000000008ca00000|100%| E|CS|TAMS 0x000000008c900000, 0x000000008c900000| Complete 
| 142|0x000000008ca00000, 0x000000008cb00000, 0x000000008cb00000|100%| E|CS|TAMS 0x000000008ca00000, 0x000000008ca00000| Complete 
| 143|0x000000008cb00000, 0x000000008cc00000, 0x000000008cc00000|100%| E|CS|TAMS 0x000000008cb00000, 0x000000008cb00000| Complete 
| 144|0x000000008cc00000, 0x000000008cd00000, 0x000000008cd00000|100%| E|CS|TAMS 0x000000008cc00000, 0x000000008cc00000| Complete 
| 145|0x000000008cd00000, 0x000000008ce00000, 0x000000008ce00000|100%| E|CS|TAMS 0x000000008cd00000, 0x000000008cd00000| Complete 
| 146|0x000000008ce00000, 0x000000008cf00000, 0x000000008cf00000|100%| E|CS|TAMS 0x000000008ce00000, 0x000000008ce00000| Complete 
| 147|0x000000008cf00000, 0x000000008d000000, 0x000000008d000000|100%| E|CS|TAMS 0x000000008cf00000, 0x000000008cf00000| Complete 
| 148|0x000000008d000000, 0x000000008d100000, 0x000000008d100000|100%| E|CS|TAMS 0x000000008d000000, 0x000000008d000000| Complete 
| 149|0x000000008d100000, 0x000000008d200000, 0x000000008d200000|100%| E|CS|TAMS 0x000000008d100000, 0x000000008d100000| Complete 
| 150|0x000000008d200000, 0x000000008d300000, 0x000000008d300000|100%| E|CS|TAMS 0x000000008d200000, 0x000000008d200000| Complete 
| 151|0x000000008d300000, 0x000000008d400000, 0x000000008d400000|100%| E|CS|TAMS 0x000000008d300000, 0x000000008d300000| Complete 

Card table byte_map: [0x00000187791e0000,0x00000187795d0000] _byte_map_base: 0x0000018778dc2000

Marking Bits (Prev, Next): (CMBitMap*) 0x00000187619b1670, (CMBitMap*) 0x00000187619b1638
 Prev Bits: [0x000001877b8d0000, 0x000001877d7e0000)
 Next Bits: [0x00000187799c0000, 0x000001877b8d0000)

Polling page: 0x000001875f8c0000

Metaspace:

Usage:
  Non-class:     53.87 MB capacity,    53.02 MB ( 98%) used,   693.28 KB (  1%) free+waste,   175.94 KB ( <1%) overhead. 
      Class:      8.24 MB capacity,     7.71 MB ( 94%) used,   462.91 KB (  5%) free+waste,    81.94 KB ( <1%) overhead. 
       Both:     62.11 MB capacity,    60.73 MB ( 98%) used,     1.13 MB (  2%) free+waste,   257.88 KB ( <1%) overhead. 

Virtual space:
  Non-class space:       54.00 MB reserved,      54.00 MB (100%) committed 
      Class space:        1.00 GB reserved,       8.29 MB ( <1%) committed 
             Both:        1.05 GB reserved,      62.29 MB (  6%) committed 

Chunk freelists:
   Non-Class:  768 bytes
       Class:  1.38 KB
        Both:  2.13 KB

CodeHeap 'non-profiled nmethods': size=120064Kb used=3318Kb max_used=3318Kb free=116745Kb
 bounds [0x00000187718b0000, 0x0000018771bf0000, 0x0000018778df0000]
CodeHeap 'profiled nmethods': size=120000Kb used=12725Kb max_used=12725Kb free=107275Kb
 bounds [0x000001876a380000, 0x000001876aff0000, 0x00000187718b0000]
CodeHeap 'non-nmethods': size=5696Kb used=1220Kb max_used=1270Kb free=4475Kb
 bounds [0x0000018769df0000, 0x000001876a060000, 0x000001876a380000]
 total_blobs=6092 nmethods=5520 adapters=483
 compilation: enabled
              stopped_count=0, restarted_count=0
 full_count=0

Compilation events (10 events):
Event: 8.776 Thread 0x0000018700895800 5524       1       java.beans.FeatureDescriptor::setHidden (6 bytes)
Event: 8.776 Thread 0x0000018700895800 nmethod 5524 0x0000018771bed290 code [0x0000018771bed420, 0x0000018771bed4d8]
Event: 8.776 Thread 0x0000018700895800 5525       1       java.beans.FeatureDescriptor::setPreferred (6 bytes)
Event: 8.776 Thread 0x0000018700895800 nmethod 5525 0x0000018771bed590 code [0x0000018771bed720, 0x0000018771bed7d8]
Event: 8.789 Thread 0x0000018700895800 5526       3       java.lang.reflect.Method::isSynthetic (5 bytes)
Event: 8.789 Thread 0x0000018700895800 nmethod 5526 0x000001876afe3090 code [0x000001876afe3240, 0x000001876afe3478]
Event: 8.789 Thread 0x0000018700895800 5527       3       java.beans.Introspector::addPropertyDescriptor (265 bytes)
Event: 8.797 Thread 0x0000018700895800 nmethod 5527 0x000001876afe3590 code [0x000001876afe3c20, 0x000001876afe8638]
Event: 8.797 Thread 0x0000018700895800 5528       3       com.sun.beans.util.Cache$CacheEntry::matches (53 bytes)
Event: 8.797 Thread 0x0000018700895800 nmethod 5528 0x000001876afe9910 code [0x000001876afe9ae0, 0x000001876afea048]

GC Heap History (10 events):
Event: 3.326 GC heap before
{Heap before GC invocations=6 (full 0):
 garbage-first heap   total 129024K, used 81382K [0x0000000083c00000, 0x0000000100000000)
  region size 1024K, 75 young (76800K), 6 survivors (6144K)
 Metaspace       used 33968K, capacity 34868K, committed 35068K, reserved 1079296K
  class space    used 3992K, capacity 4299K, committed 4348K, reserved 1048576K
}
Event: 3.335 GC heap after
{Heap after GC invocations=7 (full 0):
 garbage-first heap   total 129024K, used 14469K [0x0000000083c00000, 0x0000000100000000)
  region size 1024K, 6 young (6144K), 6 survivors (6144K)
 Metaspace       used 33968K, capacity 34868K, committed 35068K, reserved 1079296K
  class space    used 3992K, capacity 4299K, committed 4348K, reserved 1048576K
}
Event: 3.597 GC heap before
{Heap before GC invocations=7 (full 0):
 garbage-first heap   total 129024K, used 26757K [0x0000000083c00000, 0x0000000100000000)
  region size 1024K, 19 young (19456K), 6 survivors (6144K)
 Metaspace       used 35015K, capacity 35908K, committed 36048K, reserved 1081344K
  class space    used 4117K, capacity 4475K, committed 4560K, reserved 1048576K
}
Event: 3.604 GC heap after
{Heap after GC invocations=8 (full 0):
 garbage-first heap   total 155648K, used 15620K [0x0000000083c00000, 0x0000000100000000)
  region size 1024K, 4 young (4096K), 4 survivors (4096K)
 Metaspace       used 35015K, capacity 35908K, committed 36048K, reserved 1081344K
  class space    used 4117K, capacity 4475K, committed 4560K, reserved 1048576K
}
Event: 4.526 GC heap before
{Heap before GC invocations=9 (full 0):
 garbage-first heap   total 155648K, used 94468K [0x0000000083c00000, 0x0000000100000000)
  region size 1024K, 82 young (83968K), 4 survivors (4096K)
 Metaspace       used 39765K, capacity 40863K, committed 41040K, reserved 1085440K
  class space    used 4666K, capacity 5114K, committed 5200K, reserved 1048576K
}
Event: 4.533 GC heap after
{Heap after GC invocations=10 (full 0):
 garbage-first heap   total 155648K, used 18259K [0x0000000083c00000, 0x0000000100000000)
  region size 1024K, 7 young (7168K), 7 survivors (7168K)
 Metaspace       used 39765K, capacity 40863K, committed 41040K, reserved 1085440K
  class space    used 4666K, capacity 5114K, committed 5200K, reserved 1048576K
}
Event: 6.262 GC heap before
{Heap before GC invocations=10 (full 0):
 garbage-first heap   total 155648K, used 99155K [0x0000000083c00000, 0x0000000100000000)
  region size 1024K, 87 young (89088K), 7 survivors (7168K)
 Metaspace       used 49344K, capacity 50526K, committed 50640K, reserved 1093632K
  class space    used 6061K, capacity 6542K, committed 6608K, reserved 1048576K
}
Event: 6.272 GC heap after
{Heap after GC invocations=11 (full 0):
 garbage-first heap   total 155648K, used 21436K [0x0000000083c00000, 0x0000000100000000)
  region size 1024K, 7 young (7168K), 7 survivors (7168K)
 Metaspace       used 49344K, capacity 50526K, committed 50640K, reserved 1093632K
  class space    used 6061K, capacity 6542K, committed 6608K, reserved 1048576K
}
Event: 7.774 GC heap before
{Heap before GC invocations=11 (full 0):
 garbage-first heap   total 155648K, used 78780K [0x0000000083c00000, 0x0000000100000000)
  region size 1024K, 64 young (65536K), 7 survivors (7168K)
 Metaspace       used 59206K, capacity 60415K, committed 60496K, reserved 1101824K
  class space    used 7484K, capacity 7974K, committed 8016K, reserved 1048576K
}
Event: 7.783 GC heap after
{Heap after GC invocations=12 (full 0):
 garbage-first heap   total 155648K, used 23858K [0x0000000083c00000, 0x0000000100000000)
  region size 1024K, 9 young (9216K), 9 survivors (9216K)
 Metaspace       used 59206K, capacity 60415K, committed 60496K, reserved 1101824K
  class space    used 7484K, capacity 7974K, committed 8016K, reserved 1048576K
}

Deoptimization events (10 events):
Event: 7.714 Thread 0x0000018701499800 Uncommon trap: reason=class_check action=maybe_recompile pc=0x0000018771a5d504 method=org.springframework.beans.factory.support.AbstractBeanFactory.isTypeMatch(Ljava/lang/String;Lorg/springframework/core/ResolvableType;)Z @ 47 c2
Event: 7.878 Thread 0x0000018701499800 Uncommon trap: reason=speculate_null_assert action=make_not_entrant pc=0x00000187719cd814 method=org.springframework.util.ConcurrentReferenceHashMap$Segment.restructureIfNecessary(Z)V @ 34 c2
Event: 7.909 Thread 0x0000018701499800 Uncommon trap: reason=class_check action=maybe_recompile pc=0x0000018771afcd48 method=org.springframework.core.annotation.AnnotationUtils.hasPlainJavaAnnotationsOnly(Ljava/lang/Object;)Z @ 23 c2
Event: 7.909 Thread 0x0000018701499800 Uncommon trap: reason=class_check action=maybe_recompile pc=0x0000018771afcd48 method=org.springframework.core.annotation.AnnotationUtils.hasPlainJavaAnnotationsOnly(Ljava/lang/Object;)Z @ 23 c2
Event: 7.910 Thread 0x0000018701499800 Uncommon trap: reason=class_check action=maybe_recompile pc=0x0000018771afcd48 method=org.springframework.core.annotation.AnnotationUtils.hasPlainJavaAnnotationsOnly(Ljava/lang/Object;)Z @ 23 c2
Event: 7.910 Thread 0x0000018701499800 Uncommon trap: reason=class_check action=maybe_recompile pc=0x0000018771afcd48 method=org.springframework.core.annotation.AnnotationUtils.hasPlainJavaAnnotationsOnly(Ljava/lang/Object;)Z @ 23 c2
Event: 8.267 Thread 0x0000018701499800 Uncommon trap: reason=profile_predicate action=maybe_recompile pc=0x0000018771bc73f0 method=org.springframework.core.annotation.AnnotatedElementUtils.searchWithFindSemantics(Ljava/lang/reflect/AnnotatedElement;Ljava/util/Set;Ljava/lang/String;Ljava/lang/C
Event: 8.267 Thread 0x0000018701499800 Uncommon trap: reason=profile_predicate action=maybe_recompile pc=0x0000018771bc73f0 method=org.springframework.core.annotation.AnnotatedElementUtils.searchWithFindSemantics(Ljava/lang/reflect/AnnotatedElement;Ljava/util/Set;Ljava/lang/String;Ljava/lang/C
Event: 8.267 Thread 0x0000018701499800 Uncommon trap: reason=profile_predicate action=maybe_recompile pc=0x0000018771bc73f0 method=org.springframework.core.annotation.AnnotatedElementUtils.searchWithFindSemantics(Ljava/lang/reflect/AnnotatedElement;Ljava/util/Set;Ljava/lang/String;Ljava/lang/C
Event: 8.267 Thread 0x0000018701499800 Uncommon trap: reason=profile_predicate action=maybe_recompile pc=0x0000018771bc73f0 method=org.springframework.core.annotation.AnnotatedElementUtils.searchWithFindSemantics(Ljava/lang/reflect/AnnotatedElement;Ljava/util/Set;Ljava/lang/String;Ljava/lang/C

Classes redefined (0 events):
No events

Internal exceptions (10 events):
Event: 8.780 Thread 0x0000018701499800 Exception <a 'java/lang/ClassNotFoundException'{0x000000008bf6a3c8}: org/springframework/web/servlet/config/annotation/DelegatingWebMvcConfigurationCustomizer> (0x000000008bf6a3c8) thrown at [./open/src/hotspot/share/classfile/systemDictionary.cpp, line 2
Event: 8.782 Thread 0x0000018701499800 Exception <a 'java/lang/ClassNotFoundException'{0x000000008bf81470}: org/springframework/boot/autoconfigure/web/servlet/WebMvcAutoConfiguration$EnableWebMvcConfigurationCustomizer> (0x000000008bf81470) thrown at [./open/src/hotspot/share/classfile/systemD
Event: 8.784 Thread 0x0000018701499800 Exception <a 'java/lang/ClassNotFoundException'{0x000000008bf9d8f8}: org/springframework/boot/autoconfigure/web/servlet/WebMvcAutoConfiguration$EnableWebMvcConfiguration$$EnhancerBySpringCGLIB$$92d1c9ecCustomizer> (0x000000008bf9d8f8) thrown at [./open/sr
Event: 8.791 Thread 0x0000018701499800 Exception <a 'java/lang/ClassNotFoundException'{0x000000008bfc4d28}: org/springframework/context/annotation/ConfigurationClassEnhancer$EnhancedConfigurationCustomizer> (0x000000008bfc4d28) thrown at [./open/src/hotspot/share/classfile/systemDictionary.cpp
Event: 8.792 Thread 0x0000018701499800 Exception <a 'java/lang/ClassNotFoundException'{0x000000008bfd20d0}: org/springframework/beans/factory/BeanFactoryAwareCustomizer> (0x000000008bfd20d0) thrown at [./open/src/hotspot/share/classfile/systemDictionary.cpp, line 228]
Event: 8.796 Thread 0x0000018701499800 Exception <a 'java/lang/ClassNotFoundException'{0x000000008bfdec68}: org/springframework/beans/factory/AwareCustomizer> (0x000000008bfdec68) thrown at [./open/src/hotspot/share/classfile/systemDictionary.cpp, line 228]
Event: 8.797 Thread 0x0000018701499800 Exception <a 'java/lang/ClassNotFoundException'{0x000000008bfec028}: org/springframework/context/ApplicationContextAwareCustomizer> (0x000000008bfec028) thrown at [./open/src/hotspot/share/classfile/systemDictionary.cpp, line 228]
Event: 8.799 Thread 0x0000018701499800 Exception <a 'java/lang/ClassNotFoundException'{0x000000008bff8ff8}: org/springframework/beans/factory/AwareCustomizer> (0x000000008bff8ff8) thrown at [./open/src/hotspot/share/classfile/systemDictionary.cpp, line 228]
Event: 8.799 Thread 0x0000018701499800 Exception <a 'java/lang/ClassNotFoundException'{0x000000008be06890}: org/springframework/web/context/ServletContextAwareCustomizer> (0x000000008be06890) thrown at [./open/src/hotspot/share/classfile/systemDictionary.cpp, line 228]
Event: 8.802 Thread 0x0000018701499800 Exception <a 'java/lang/ClassNotFoundException'{0x000000008be13338}: org/springframework/beans/factory/AwareCustomizer> (0x000000008be13338) thrown at [./open/src/hotspot/share/classfile/systemDictionary.cpp, line 228]

Events (10 events):
Event: 8.799 loading class org/springframework/web/context/ServletContextAwareCustomizer
Event: 8.799 loading class org/springframework/web/context/ServletContextAwareCustomizer done
Event: 8.799 loading class org/springframework/web/context/ServletContextAwareCustomizer
Event: 8.799 loading class org/springframework/web/context/ServletContextAwareCustomizer done
Event: 8.800 loading class org/springframework/beans/factory/AwareCustomizer
Event: 8.800 loading class org/springframework/beans/factory/AwareCustomizer done
Event: 8.801 loading class org/springframework/beans/factory/AwareCustomizer
Event: 8.801 loading class org/springframework/beans/factory/AwareCustomizer done
Event: 8.802 loading class org/springframework/beans/factory/AwareCustomizer
Event: 8.802 loading class org/springframework/beans/factory/AwareCustomizer done


Dynamic libraries:
0x00007ff6521d0000 - 0x00007ff6521df000 	C:\Program Files\Java\jdk-11.0.10\bin\java.exe
0x00007ffe2cb50000 - 0x00007ffe2cd45000 	C:\WINDOWS\SYSTEM32\ntdll.dll
0x00007ffe2b340000 - 0x00007ffe2b3fd000 	C:\WINDOWS\System32\KERNEL32.DLL
0x00007ffe2a390000 - 0x00007ffe2a658000 	C:\WINDOWS\System32\KERNELBASE.dll
0x00007ffe27680000 - 0x00007ffe27710000 	C:\WINDOWS\SYSTEM32\apphelp.dll
0x00007ffe2a660000 - 0x00007ffe2a760000 	C:\WINDOWS\System32\ucrtbase.dll
0x00007ffe0e4a0000 - 0x00007ffe0e4b8000 	C:\Program Files\Java\jdk-11.0.10\bin\jli.dll
0x00007ffe2b460000 - 0x00007ffe2b50c000 	C:\WINDOWS\System32\ADVAPI32.dll
0x00007ffe2bd90000 - 0x00007ffe2be2e000 	C:\WINDOWS\System32\msvcrt.dll
0x00007ffe2c790000 - 0x00007ffe2c82b000 	C:\WINDOWS\System32\sechost.dll
0x00007ffe2bc60000 - 0x00007ffe2bd8b000 	C:\WINDOWS\System32\RPCRT4.dll
0x00007ffe2b040000 - 0x00007ffe2b1e0000 	C:\WINDOWS\System32\USER32.dll
0x00007ffe2a760000 - 0x00007ffe2a782000 	C:\WINDOWS\System32\win32u.dll
0x00007ffe2ca60000 - 0x00007ffe2ca8a000 	C:\WINDOWS\System32\GDI32.dll
0x00007ffe2a9f0000 - 0x00007ffe2aafb000 	C:\WINDOWS\System32\gdi32full.dll
0x00007ffe2a2f0000 - 0x00007ffe2a38d000 	C:\WINDOWS\System32\msvcp_win.dll
0x00007ffe223c0000 - 0x00007ffe223d5000 	C:\Program Files\Java\jdk-11.0.10\bin\VCRUNTIME140.dll
0x00007ffe29790000 - 0x00007ffe29a2a000 	C:\WINDOWS\WinSxS\amd64_microsoft.windows.common-controls_6595b64144ccf1df_6.0.19041.844_none_ca00b6081b84eb1d\COMCTL32.dll
0x00007ffe26d50000 - 0x00007ffe26d5a000 	C:\WINDOWS\SYSTEM32\VERSION.dll
0x00007ffe2be40000 - 0x00007ffe2be70000 	C:\WINDOWS\System32\IMM32.DLL
0x00007ffdfcb20000 - 0x00007ffdfcbbb000 	C:\Program Files\Java\jdk-11.0.10\bin\msvcp140.dll
0x00007ffdb7390000 - 0x00007ffdb7e8b000 	C:\Program Files\Java\jdk-11.0.10\bin\server\jvm.dll
0x00007ffe2c780000 - 0x00007ffe2c788000 	C:\WINDOWS\System32\PSAPI.DLL
0x00007ffe0c180000 - 0x00007ffe0c189000 	C:\WINDOWS\SYSTEM32\WSOCK32.dll
0x00007ffe2c920000 - 0x00007ffe2c98b000 	C:\WINDOWS\System32\WS2_32.dll
0x00007ffe11890000 - 0x00007ffe118b7000 	C:\WINDOWS\SYSTEM32\WINMM.dll
0x00007ffe28510000 - 0x00007ffe28522000 	C:\WINDOWS\SYSTEM32\kernel.appcore.dll
0x00007ffe24740000 - 0x00007ffe24750000 	C:\Program Files\Java\jdk-11.0.10\bin\verify.dll
0x00007ffe29d10000 - 0x00007ffe29ef4000 	C:\WINDOWS\SYSTEM32\DBGHELP.DLL
0x00007ffe29c10000 - 0x00007ffe29c3c000 	C:\WINDOWS\SYSTEM32\dbgcore.DLL
0x00007ffe2ab00000 - 0x00007ffe2ab80000 	C:\WINDOWS\System32\bcryptPrimitives.dll
0x00007ffe09d60000 - 0x00007ffe09d88000 	C:\Program Files\Java\jdk-11.0.10\bin\java.dll
0x00007ffe221a0000 - 0x00007ffe221aa000 	C:\Program Files\Java\jdk-11.0.10\bin\jimage.dll
0x00007ffe09d40000 - 0x00007ffe09d56000 	C:\Program Files\Java\jdk-11.0.10\bin\zip.dll
0x00007ffe2b510000 - 0x00007ffe2bc52000 	C:\WINDOWS\System32\SHELL32.dll
0x00007ffe27c50000 - 0x00007ffe283e0000 	C:\WINDOWS\SYSTEM32\windows.storage.dll
0x00007ffe2ace0000 - 0x00007ffe2b035000 	C:\WINDOWS\System32\combase.dll
0x00007ffe29610000 - 0x00007ffe2963c000 	C:\WINDOWS\SYSTEM32\Wldp.dll
0x00007ffe2c050000 - 0x00007ffe2c0fe000 	C:\WINDOWS\System32\SHCORE.dll
0x00007ffe2c830000 - 0x00007ffe2c885000 	C:\WINDOWS\System32\shlwapi.dll
0x00007ffe2a1d0000 - 0x00007ffe2a1ef000 	C:\WINDOWS\SYSTEM32\profapi.dll
0x00007ffe09d20000 - 0x00007ffe09d39000 	C:\Program Files\Java\jdk-11.0.10\bin\net.dll
0x00007ffe165d0000 - 0x00007ffe166db000 	C:\WINDOWS\SYSTEM32\WINHTTP.dll
0x00007ffe294f0000 - 0x00007ffe2955a000 	C:\WINDOWS\system32\mswsock.dll
0x00007ffdfd410000 - 0x00007ffdfd422000 	C:\Program Files\Java\jdk-11.0.10\bin\nio.dll
0x00007ffe15fe0000 - 0x00007ffe15fe9000 	C:\Program Files\Java\jdk-11.0.10\bin\management.dll
0x00007ffe0ea50000 - 0x00007ffe0ea5b000 	C:\Program Files\Java\jdk-11.0.10\bin\management_ext.dll
0x00007ffdf6e80000 - 0x00007ffdf6e97000 	C:\WINDOWS\system32\napinsp.dll
0x00007ffdf1470000 - 0x00007ffdf148b000 	C:\WINDOWS\system32\pnrpnsp.dll
0x00007ffe24e10000 - 0x00007ffe24e25000 	C:\WINDOWS\system32\wshbth.dll
0x00007ffe26e80000 - 0x00007ffe26e9d000 	C:\WINDOWS\system32\NLAapi.dll
0x00007ffe29070000 - 0x00007ffe290ab000 	C:\WINDOWS\SYSTEM32\IPHLPAPI.DLL
0x00007ffe290b0000 - 0x00007ffe2917c000 	C:\WINDOWS\SYSTEM32\DNSAPI.dll
0x00007ffe2be30000 - 0x00007ffe2be38000 	C:\WINDOWS\System32\NSI.dll
0x00007ffdf1450000 - 0x00007ffdf1462000 	C:\WINDOWS\System32\winrnr.dll
0x00007ffe12c80000 - 0x00007ffe12c8a000 	C:\Windows\System32\rasadhlp.dll
0x00007ffe12ba0000 - 0x00007ffe12c1f000 	C:\WINDOWS\System32\fwpuclnt.dll
0x00007ffe2ab80000 - 0x00007ffe2aba7000 	C:\WINDOWS\System32\bcrypt.dll
0x00007ffe2a020000 - 0x00007ffe2a038000 	C:\WINDOWS\SYSTEM32\CRYPTSP.dll
0x00007ffe28d40000 - 0x00007ffe28d74000 	C:\WINDOWS\system32\rsaenh.dll
0x00007ffe2a190000 - 0x00007ffe2a1be000 	C:\WINDOWS\SYSTEM32\USERENV.dll
0x00007ffe295b0000 - 0x00007ffe295bc000 	C:\WINDOWS\SYSTEM32\CRYPTBASE.dll
0x00007ffe28400000 - 0x00007ffe28417000 	C:\WINDOWS\SYSTEM32\dhcpcsvc6.DLL
0x00007ffe283e0000 - 0x00007ffe283fd000 	C:\WINDOWS\SYSTEM32\dhcpcsvc.DLL

dbghelp: loaded successfully - version: 4.0.5 - missing functions: none
symbol engine: initialized successfully - sym options: 0x614 - pdb path: .;C:\Program Files\Java\jdk-11.0.10\bin;C:\WINDOWS\SYSTEM32;C:\WINDOWS\WinSxS\amd64_microsoft.windows.common-controls_6595b64144ccf1df_6.0.19041.844_none_ca00b6081b84eb1d;C:\Program Files\Java\jdk-11.0.10\bin\server

VM Arguments:
java_command: com.launchacademy.PetAdoptionsApplication
java_class_path (initial): C:\Users\sinaf\challenges\java-spring-express-refactor\target\classes;C:\Users\sinaf\.m2\repository\org\springframework\boot\spring-boot-starter-data-jpa\2.1.6.RELEASE\spring-boot-starter-data-jpa-2.1.6.RELEASE.jar;C:\Users\sinaf\.m2\repository\org\springframework\boot\spring-boot-starter-aop\2.1.6.RELEASE\spring-boot-starter-aop-2.1.6.RELEASE.jar;C:\Users\sinaf\.m2\repository\org\springframework\spring-aop\5.1.8.RELEASE\spring-aop-5.1.8.RELEASE.jar;C:\Users\sinaf\.m2\repository\org\aspectj\aspectjweaver\1.9.4\aspectjweaver-1.9.4.jar;C:\Users\sinaf\.m2\repository\org\springframework\boot\spring-boot-starter-jdbc\2.1.6.RELEASE\spring-boot-starter-jdbc-2.1.6.RELEASE.jar;C:\Users\sinaf\.m2\repository\com\zaxxer\HikariCP\3.2.0\HikariCP-3.2.0.jar;C:\Users\sinaf\.m2\repository\org\springframework\spring-jdbc\5.1.8.RELEASE\spring-jdbc-5.1.8.RELEASE.jar;C:\Users\sinaf\.m2\repository\javax\transaction\javax.transaction-api\1.3\javax.transaction-api-1.3.jar;C:\Users\sinaf\.m2\repository\javax\xml\bind\jaxb-api\2.3.1\jaxb-api-2.3.1.jar;C:\Users\sinaf\.m2\repository\javax\activation\javax.activation-api\1.2.0\javax.activation-api-1.2.0.jar;C:\Users\sinaf\.m2\repository\org\hibernate\hibernate-core\5.3.10.Final\hibernate-core-5.3.10.Final.jar;C:\Users\sinaf\.m2\repository\org\jboss\logging\jboss-logging\3.3.2.Final\jboss-logging-3.3.2.Final.jar;C:\Users\sinaf\.m2\repository\javax\persistence\javax.persistence-api\2.2\javax.persistence-api-2.2.jar;C:\Users\sinaf\.m2\repository\org\javassist\javassist\3.23.2-GA\javassist-3.23.2-GA.jar;C:\Users\sinaf\.m2\repository\net\bytebuddy\byte-buddy\1.9.13\byte-buddy-1.9.13.jar;C:\Users\sinaf\.m2\repository\antlr\antlr\2.7.7\antlr-2.7.7.jar;C:\Users\sinaf\.m2\repository\org\jboss\jandex\2.0.5.Final\jandex-2.0.5.Final.jar;C:\Users\sinaf\.m2\repository\com\fasterxml\classmate\1.4.0\classmate-1.4.0.jar;C:\Users\sinaf\.m2\repository\org\dom4j\dom4j\2.1.1\dom4j-2.1.1.jar;C:\Users\sinaf\.m2\repository\org\hibernate\com
Launcher Type: SUN_STANDARD

[Global flags]
     intx CICompilerCount                          = 3                                         {product} {ergonomic}
     uint ConcGCThreads                            = 1                                         {product} {ergonomic}
     uint G1ConcRefinementThreads                  = 4                                         {product} {ergonomic}
   size_t G1HeapRegionSize                         = 1048576                                   {product} {ergonomic}
    uintx GCDrainStackTargetSize                   = 64                                        {product} {ergonomic}
   size_t InitialHeapSize                          = 132120576                                 {product} {ergonomic}
   size_t MarkStackSize                            = 4194304                                   {product} {ergonomic}
   size_t MaxHeapSize                              = 2084569088                                {product} {ergonomic}
   size_t MaxNewSize                               = 1249902592                                {product} {ergonomic}
   size_t MinHeapDeltaBytes                        = 1048576                                   {product} {ergonomic}
    uintx NonNMethodCodeHeapSize                   = 5830732                                {pd product} {ergonomic}
    uintx NonProfiledCodeHeapSize                  = 122913754                              {pd product} {ergonomic}
    uintx ProfiledCodeHeapSize                     = 122913754                              {pd product} {ergonomic}
    uintx ReservedCodeCacheSize                    = 251658240                              {pd product} {ergonomic}
     bool SegmentedCodeCache                       = true                                      {product} {ergonomic}
     bool UseCompressedClassPointers               = true                                 {lp64_product} {ergonomic}
     bool UseCompressedOops                        = true                                 {lp64_product} {ergonomic}
     bool UseG1GC                                  = true                                      {product} {ergonomic}
     bool UseLargePagesIndividualAllocation        = false                                  {pd product} {ergonomic}

Logging:
Log output configuration:
 #0: stdout all=warning uptime,level,tags
 #1: stderr all=off uptime,level,tags

Environment Variables:
JAVA_HOME=
PATH=C:\Users\sinaf\bin;C:\Program Files\Git\mingw64\bin;C:\Program Files\Git\usr\local\bin;C:\Program Files\Git\usr\bin;C:\Program Files\Git\usr\bin;C:\Program Files\Git\mingw64\bin;C:\Program Files\Git\usr\bin;C:\Users\sinaf\bin;C:\Program Files\Common Files\Oracle\Java\javapath;C:\Python39\Scripts;C:\Python39;C:\Program Files\Microsoft MPI\Bin;C:\WINDOWS\system32;C:\WINDOWS;C:\WINDOWS\System32\Wbem;C:\WINDOWS\System32\WindowsPowerShell\v1.0;C:\WINDOWS\System32\OpenSSH;C:\Program Files\Microsoft SQL Server\Client SDK\ODBC\170\Tools\Binn;C:\Program Files (x86)\Microsoft SQL Server\150\Tools\Binn;C:\Program Files\Microsoft SQL Server\150\Tools\Binn;C:\Program Files\Microsoft SQL Server\150\DTS\Binn;C:\Program Files (x86)\Microsoft SQL Server\150\DTS\Binn;C:\Program Files\dotnet;C:\Program Files\Microsoft SQL Server\130\Tools\Binn;C:\Program Files\Git\cmd;C:\Program Files\Git\mingw64\bin;C:\Program Files\Git\usr\bin;C:\Program Files (x86)\Yarn\bin;C:\Program Files (x86)\dotnet;C:\Program Files\nodejs;C:\ProgramData\chocolatey\bin;C:\Program Files\JetBrains\IntelliJ IDEA Community Edition 2020.3.3\bin;C:\Program Files\Java\jdk-11.0.10\bin;C:\Users\sinaf\AppData\Local\Microsoft\WindowsApps;C:\Users\sinaf\AppData\Local\Programs\Microsoft VS Code\bin;C:\Users\sinaf\AppData\Local\Yarn\bin;C:\Users\sinaf\AppData\Roaming\npm;C:\Users\sinaf\AppData\Local\GitHubDesktop\bin;C:\Program Files\PostgreSQL\12\bin;C:\Program Files\Git\usr\bin\vendor_perl;C:\Program Files\Git\usr\bin\core_perl
USERNAME=sinaf
SHELL=C:\Program Files\Git\usr\bin\bash.exe
DISPLAY=needs-to-be-defined
OS=Windows_NT
PROCESSOR_IDENTIFIER=Intel64 Family 6 Model 126 Stepping 5, GenuineIntel



---------------  S Y S T E M  ---------------

OS: Windows 10 , 64 bit Build 19041 (10.0.19041.928)

CPU:total 4 (initial active 4) (2 cores per cpu, 2 threads per core) family 6 model 126 stepping 5 microcode 0xa0, cmov, cx8, fxsr, mmx, sse, sse2, sse3, ssse3, sse4.1, sse4.2, popcnt, avx, avx2, aes, clmul, erms, 3dnowpref, lzcnt, ht, tsc, tscinvbit, bmi1, bmi2, adx, evex, sha, fma

Memory: 4k page, system-wide physical 7946M (625M free)
TotalPageFile size 16138M (AvailPageFile size 4570M)
current process WorkingSet (physical memory assigned to process): 299M, peak: 299M
current process commit charge ("private bytes"): 362M, peak: 362M

vm_info: Java HotSpot(TM) 64-Bit Server VM (11.0.10+8-LTS-162) for windows-amd64 JRE (11.0.10+8-LTS-162), built on Dec  8 2020 16:32:57 by "mach5one" with MS VC++ 15.9 (VS2017)

END.
