#
# A fatal error has been detected by the Java Runtime Environment:
#
#  EXCEPTION_ACCESS_VIOLATION (0xc0000005) at pc=0x00007ffde60f145d, pid=4544, tid=5296
#
# JRE version: Java(TM) SE Runtime Environment 18.9 (11.0.10+8) (build 11.0.10+8-LTS-162)
# Java VM: Java HotSpot(TM) 64-Bit Server VM 18.9 (11.0.10+8-LTS-162, mixed mode, tiered, compressed oops, g1 gc, windows-amd64)
# Problematic frame:
# V  [jvm.dll+0x2d145d]
#
# No core dump will be written. Minidumps are not enabled by default on client versions of Windows
#
# If you would like to submit a bug report, please visit:
#   https://bugreport.java.com/bugreport/crash.jsp
#

---------------  S U M M A R Y ------------

Command Line: com.launchacademy.PetAdoptionsApplication

Host: Intel(R) Core(TM) i3-1005G1 CPU @ 1.20GHz, 4 cores, 7G,  Windows 10 , 64 bit Build 19041 (10.0.19041.928)
Time: Tue May 18 23:15:19 2021 Pacific Daylight Time elapsed time: 2.929339 seconds (0d 0h 0m 2s)

---------------  T H R E A D  ---------------

Current thread (0x0000024f3c3ee800):  GCTaskThread "GC Thread#1" [stack: 0x000000e232400000,0x000000e232500000] [id=5296]

Stack: [0x000000e232400000,0x000000e232500000],  sp=0x000000e2324ff2b0,  free space=1020k
Native frames: (J=compiled Java code, j=interpreted, Vv=VM code, C=native code)
V  [jvm.dll+0x2d145d]
V  [jvm.dll+0x2d12e6]
V  [jvm.dll+0x2d1003]
V  [jvm.dll+0x2f9b9f]
V  [jvm.dll+0x2f80f3]
V  [jvm.dll+0x2f7d3e]
V  [jvm.dll+0x1cdf94]
V  [jvm.dll+0x1cddf5]
V  [jvm.dll+0x1cdec3]
V  [jvm.dll+0x2f7be7]
V  [jvm.dll+0x1cea2a]
V  [jvm.dll+0x30932b]
V  [jvm.dll+0x308e54]
V  [jvm.dll+0x2d9bd3]
V  [jvm.dll+0x778c90]
V  [jvm.dll+0x70c314]
V  [jvm.dll+0x613036]
C  [ucrtbase.dll+0x21bb2]
C  [KERNEL32.DLL+0x17034]
C  [ntdll.dll+0x52651]


siginfo: EXCEPTION_ACCESS_VIOLATION (0xc0000005), reading address 0x00000000000000f8


Register to memory mapping:

RIP=0x00007ffde60f145d jvm.dll
RAX=0x0000024f1c9eaaa0 points into unknown readable memory: 00 00 00 00 00 00 00 00
RBX=0x0000024f3e3025c0 points into unknown readable memory: b8 3b 67 e6 fd 7f 00 00
RCX=0x0000000000000014 is an unknown value
RDX=0x0 is NULL
RSP=0x000000e2324ff2b0 points into unknown readable memory: e0 aa e4 3c 4f 02 00 00
RBP=0x0000024f3e302730 points into unknown readable memory: 70 3b 67 e6 fd 7f 00 00
RSI=0x0000024f1c9dce10 points into unknown readable memory: df 01 00 00 00 00 00 00
RDI=0x000000008404a678 is an oop: java.lang.module.ResolvedModule 
{0x000000008404a678} - klass: 'java/lang/module/ResolvedModule'
R8 =0x000000008404a678 is an oop: java.lang.module.ResolvedModule 
{0x000000008404a678} - klass: 'java/lang/module/ResolvedModule'
R9 =0x0 is NULL
R10=0x000000000000000c is an unknown value
R11=0x0000000000000001 is an unknown value
R12=0x0000000000000005 is an unknown value
R13=0x0000000000000026 is an unknown value
R14=0x000000008404a778 points into unknown readable memory: 00 00 00 00 00 00 00 00
R15=0x0000000000000029 is an unknown value


Registers:
RAX=0x0000024f1c9eaaa0, RBX=0x0000024f3e3025c0, RCX=0x0000000000000014, RDX=0x0000000000000000
RSP=0x000000e2324ff2b0, RBP=0x0000024f3e302730, RSI=0x0000024f1c9dce10, RDI=0x000000008404a678
R8 =0x000000008404a678, R9 =0x0000000000000000, R10=0x000000000000000c, R11=0x0000000000000001
R12=0x0000000000000005, R13=0x0000000000000026, R14=0x000000008404a778, R15=0x0000000000000029
RIP=0x00007ffde60f145d, EFLAGS=0x0000000000010246

Top of Stack: (sp=0x000000e2324ff2b0)
0x000000e2324ff2b0:   0000024f3ce4aae0 00007ffde6461a89
0x000000e2324ff2c0:   0000000000000005 0000024f3ce4aa50
0x000000e2324ff2d0:   000000008404a669 00007ffde60f12e6
0x000000e2324ff2e0:   0000000000000102 000000008404a669
0x000000e2324ff2f0:   000000e2324ff3d8 000000008404a621
0x000000e2324ff300:   0000000086e1f3c2 00007ffde60f1003
0x000000e2324ff310:   0000000000000002 0000024f3e302730
0x000000e2324ff320:   0000024f3e3025c0 0000000000000048
0x000000e2324ff330:   0000000000000048 0000000086e1f3c2
0x000000e2324ff340:   0000000000000001 00007ffde6119b9f
0x000000e2324ff350:   000000008404a648 0000000000000002
0x000000e2324ff360:   000000008404a648 0000000000000096
0x000000e2324ff370:   0000000000000096 00007ffde60e9aea
0x000000e2324ff380:   000000008401ab50 00007ffde60f332e
0x000000e2324ff390:   0000024f3e3025c0 0000000000000040
0x000000e2324ff3a0:   0000024f1c9dce90 0000000000000040 

Instructions: (pc=0x00007ffde60f145d)
0x00007ffde60f143d:   8b d9 d1 e8 a8 01 75 6b 48 8b 41 08 8b 88 c0 02
0x00007ffde60f144d:   00 00 48 8b 80 b0 02 00 00 49 d3 e9 4a 8b 14 c8
0x00007ffde60f145d:   48 8b 82 f8 00 00 00 83 b8 18 01 00 00 00 74 43
0x00007ffde60f146d:   48 8b 4b 50 48 89 7c 24 30 49 c1 e8 09 48 8b 79 


Stack slot to memory mapping:
stack at sp + 0 slots: 0x0000024f3ce4aae0 points into unknown readable memory: 73 00 5c 00 6f 00 72 00
stack at sp + 1 slots: 0x00007ffde6461a89 jvm.dll
stack at sp + 2 slots: 0x0000000000000005 is an unknown value
stack at sp + 3 slots: 0x0000024f3ce4aa50 points into unknown readable memory: c0 2e 9d 1c 4f 02 00 00
stack at sp + 4 slots: 0x000000008404a669 is pointing into object: [Ljava.lang.Object; 
{0x000000008404a648} - klass: 'java/lang/Object'[]
 - length: 72
stack at sp + 5 slots: 0x00007ffde60f12e6 jvm.dll
stack at sp + 6 slots: 0x0000000000000102 is an unknown value
stack at sp + 7 slots: 0x000000008404a669 is pointing into object: [Ljava.lang.Object; 
{0x000000008404a648} - klass: 'java/lang/Object'[]
 - length: 72


---------------  P R O C E S S  ---------------

Threads class SMR info:
_java_thread_list=0x0000024f3ed71910, length=13, elements={
0x0000024f1c9c3800, 0x0000024f3ad2e000, 0x0000024f3ad37800, 0x0000024f3ad48000,
0x0000024f3ad4b000, 0x0000024f3ad4c000, 0x0000024f3b660800, 0x0000024f3b66e800,
0x0000024f3b81c000, 0x0000024f3b828800, 0x0000024f3c4b9000, 0x0000024f3c425800,
0x0000024f3c509000
}

Java Threads: ( => current thread )
  0x0000024f1c9c3800 JavaThread "main" [_thread_blocked, id=5200, stack(0x000000e231200000,0x000000e231300000)]
  0x0000024f3ad2e000 JavaThread "Reference Handler" daemon [_thread_blocked, id=3888, stack(0x000000e231900000,0x000000e231a00000)]
  0x0000024f3ad37800 JavaThread "Finalizer" daemon [_thread_blocked, id=10428, stack(0x000000e231a00000,0x000000e231b00000)]
  0x0000024f3ad48000 JavaThread "Signal Dispatcher" daemon [_thread_blocked, id=11116, stack(0x000000e231b00000,0x000000e231c00000)]
  0x0000024f3ad4b000 JavaThread "Attach Listener" daemon [_thread_blocked, id=11380, stack(0x000000e231c00000,0x000000e231d00000)]
  0x0000024f3ad4c000 JavaThread "C2 CompilerThread0" daemon [_thread_blocked, id=9672, stack(0x000000e231d00000,0x000000e231e00000)]
  0x0000024f3b660800 JavaThread "C1 CompilerThread0" daemon [_thread_blocked, id=11752, stack(0x000000e231e00000,0x000000e231f00000)]
  0x0000024f3b66e800 JavaThread "Sweeper thread" daemon [_thread_blocked, id=11348, stack(0x000000e231f00000,0x000000e232000000)]
  0x0000024f3b81c000 JavaThread "Service Thread" daemon [_thread_blocked, id=9492, stack(0x000000e232000000,0x000000e232100000)]
  0x0000024f3b828800 JavaThread "Common-Cleaner" daemon [_thread_blocked, id=8640, stack(0x000000e232200000,0x000000e232300000)]
  0x0000024f3c4b9000 JavaThread "C2 CompilerThread1" daemon [_thread_blocked, id=14580, stack(0x000000e232300000,0x000000e232400000)]
  0x0000024f3c425800 JavaThread "Thread-0" [_thread_blocked, id=9924, stack(0x000000e232700000,0x000000e232800000)]
  0x0000024f3c509000 JavaThread "restartedMain" [_thread_blocked, id=11088, stack(0x000000e232800000,0x000000e232900000)]

Other Threads:
  0x0000024f3ad09800 VMThread "VM Thread" [stack: 0x000000e231800000,0x000000e231900000] [id=11280]
  0x0000024f3b824800 WatcherThread [stack: 0x000000e232100000,0x000000e232200000] [id=4648]
  0x0000024f1c9dc000 GCTaskThread "GC Thread#0" [stack: 0x000000e231300000,0x000000e231400000] [id=3296]
=>0x0000024f3c3ee800 GCTaskThread "GC Thread#1" [stack: 0x000000e232400000,0x000000e232500000] [id=5296]
  0x0000024f3c01b000 GCTaskThread "GC Thread#2" [stack: 0x000000e232500000,0x000000e232600000] [id=10288]
  0x0000024f3c59b000 GCTaskThread "GC Thread#3" [stack: 0x000000e232a00000,0x000000e232b00000] [id=15084]
  0x0000024f1ca0a800 ConcurrentGCThread "G1 Main Marker" [stack: 0x000000e231400000,0x000000e231500000] [id=7424]
  0x0000024f1ca0c000 ConcurrentGCThread "G1 Conc#0" [stack: 0x000000e231500000,0x000000e231600000] [id=9404]
  0x0000024f1ca8e800 ConcurrentGCThread "G1 Refine#0" [stack: 0x000000e231600000,0x000000e231700000] [id=14892]
  0x0000024f3b9b7800 ConcurrentGCThread "G1 Refine#1" [stack: 0x000000e232600000,0x000000e232700000] [id=12456]
  0x0000024f3ab70800 ConcurrentGCThread "G1 Young RemSet Sampling" [stack: 0x000000e231700000,0x000000e231800000] [id=9264]

Threads with active compile tasks:

VM state:at safepoint (normal execution)

VM Mutex/Monitor currently owned by a thread:  ([mutex/lock_event])
[0x0000024f1c9bfdb0] Threads_lock - owner thread: 0x0000024f3ad09800
[0x0000024f1c9c1160] Heap_lock - owner thread: 0x0000024f3c509000

Heap address: 0x0000000083c00000, size: 1988 MB, Compressed Oops mode: 32-bit
Narrow klass base: 0x0000000000000000, Narrow klass shift: 3
Compressed class space size: 1073741824 Address: 0x0000000100000000

Heap:
 garbage-first heap   total 129024K, used 80404K [0x0000000083c00000, 0x0000000100000000)
  region size 1024K, 73 young (74752K), 6 survivors (6144K)
 Metaspace       used 33472K, capacity 34263K, committed 34556K, reserved 1079296K
  class space    used 3950K, capacity 4228K, committed 4348K, reserved 1048576K
Heap Regions: E=young(eden), S=young(survivor), O=old, HS=humongous(starts), HC=humongous(continues), CS=collection set, F=free, A=archive, TAMS=top-at-mark-start (previous, next)
|   0|0x0000000083c00000, 0x0000000083d00000, 0x0000000083d00000|100%|HS|  |TAMS 0x0000000083d00000, 0x0000000083c00000| Complete 
|   1|0x0000000083d00000, 0x0000000083e00000, 0x0000000083e00000|100%| O|  |TAMS 0x0000000083e00000, 0x0000000083d00000| Untracked 
|   2|0x0000000083e00000, 0x0000000083f00000, 0x0000000083f00000|100%| O|  |TAMS 0x0000000083f00000, 0x0000000083e00000| Untracked 
|   3|0x0000000083f00000, 0x0000000084000000, 0x0000000084000000|100%| O|  |TAMS 0x0000000084000000, 0x0000000083f00000| Untracked 
|   4|0x0000000084000000, 0x0000000084100000, 0x0000000084100000|100%| O|  |TAMS 0x0000000084001600, 0x0000000084000000| Untracked 
|   5|0x0000000084100000, 0x0000000084200000, 0x0000000084200000|100%| O|  |TAMS 0x0000000084100000, 0x0000000084100000| Untracked 
|   6|0x0000000084200000, 0x0000000084300000, 0x0000000084300000|100%| O|  |TAMS 0x0000000084200000, 0x0000000084200000| Untracked 
|   7|0x0000000084300000, 0x00000000843b10b0, 0x0000000084400000| 69%| O|  |TAMS 0x0000000084300000, 0x0000000084300000| Untracked 
|   8|0x0000000084400000, 0x0000000084400000, 0x0000000084500000|  0%| F|  |TAMS 0x0000000084400000, 0x0000000084400000| Untracked 
|   9|0x0000000084500000, 0x0000000084500000, 0x0000000084600000|  0%| F|  |TAMS 0x0000000084500000, 0x0000000084500000| Untracked 
|  10|0x0000000084600000, 0x0000000084600000, 0x0000000084700000|  0%| F|  |TAMS 0x0000000084600000, 0x0000000084600000| Untracked 
|  11|0x0000000084700000, 0x0000000084700000, 0x0000000084800000|  0%| F|  |TAMS 0x0000000084700000, 0x0000000084700000| Untracked 
|  12|0x0000000084800000, 0x0000000084800000, 0x0000000084900000|  0%| F|  |TAMS 0x0000000084800000, 0x0000000084800000| Untracked 
|  13|0x0000000084900000, 0x0000000084900000, 0x0000000084a00000|  0%| F|  |TAMS 0x0000000084900000, 0x0000000084900000| Untracked 
|  14|0x0000000084a00000, 0x0000000084a00000, 0x0000000084b00000|  0%| F|  |TAMS 0x0000000084a00000, 0x0000000084a00000| Untracked 
|  15|0x0000000084b00000, 0x0000000084b00000, 0x0000000084c00000|  0%| F|  |TAMS 0x0000000084b00000, 0x0000000084b00000| Untracked 
|  16|0x0000000084c00000, 0x0000000084c00000, 0x0000000084d00000|  0%| F|  |TAMS 0x0000000084c00000, 0x0000000084c00000| Untracked 
|  17|0x0000000084d00000, 0x0000000084d00000, 0x0000000084e00000|  0%| F|  |TAMS 0x0000000084d00000, 0x0000000084d00000| Untracked 
|  18|0x0000000084e00000, 0x0000000084e00000, 0x0000000084f00000|  0%| F|  |TAMS 0x0000000084e00000, 0x0000000084e00000| Untracked 
|  19|0x0000000084f00000, 0x0000000084f00000, 0x0000000085000000|  0%| F|  |TAMS 0x0000000084f00000, 0x0000000084f00000| Untracked 
|  20|0x0000000085000000, 0x0000000085000000, 0x0000000085100000|  0%| F|  |TAMS 0x0000000085000000, 0x0000000085000000| Untracked 
|  21|0x0000000085100000, 0x0000000085100000, 0x0000000085200000|  0%| F|  |TAMS 0x0000000085100000, 0x0000000085100000| Untracked 
|  22|0x0000000085200000, 0x0000000085200000, 0x0000000085300000|  0%| F|  |TAMS 0x0000000085200000, 0x0000000085200000| Untracked 
|  23|0x0000000085300000, 0x0000000085300000, 0x0000000085400000|  0%| F|  |TAMS 0x0000000085300000, 0x0000000085300000| Untracked 
|  24|0x0000000085400000, 0x0000000085400000, 0x0000000085500000|  0%| F|  |TAMS 0x0000000085400000, 0x0000000085400000| Untracked 
|  25|0x0000000085500000, 0x0000000085500000, 0x0000000085600000|  0%| F|  |TAMS 0x0000000085500000, 0x0000000085500000| Untracked 
|  26|0x0000000085600000, 0x0000000085600000, 0x0000000085700000|  0%| F|  |TAMS 0x0000000085600000, 0x0000000085600000| Untracked 
|  27|0x0000000085700000, 0x0000000085700000, 0x0000000085800000|  0%| F|  |TAMS 0x0000000085700000, 0x0000000085700000| Untracked 
|  28|0x0000000085800000, 0x0000000085800000, 0x0000000085900000|  0%| F|  |TAMS 0x0000000085800000, 0x0000000085800000| Untracked 
|  29|0x0000000085900000, 0x0000000085900000, 0x0000000085a00000|  0%| F|  |TAMS 0x0000000085900000, 0x0000000085900000| Untracked 
|  30|0x0000000085a00000, 0x0000000085a00000, 0x0000000085b00000|  0%| F|  |TAMS 0x0000000085a00000, 0x0000000085a00000| Untracked 
|  31|0x0000000085b00000, 0x0000000085b00000, 0x0000000085c00000|  0%| F|  |TAMS 0x0000000085b00000, 0x0000000085b00000| Untracked 
|  32|0x0000000085c00000, 0x0000000085c00000, 0x0000000085d00000|  0%| F|  |TAMS 0x0000000085c00000, 0x0000000085c00000| Untracked 
|  33|0x0000000085d00000, 0x0000000085d00000, 0x0000000085e00000|  0%| F|  |TAMS 0x0000000085d00000, 0x0000000085d00000| Untracked 
|  34|0x0000000085e00000, 0x0000000085e00000, 0x0000000085f00000|  0%| F|  |TAMS 0x0000000085e00000, 0x0000000085e00000| Untracked 
|  35|0x0000000085f00000, 0x0000000085f00000, 0x0000000086000000|  0%| F|  |TAMS 0x0000000085f00000, 0x0000000085f00000| Untracked 
|  36|0x0000000086000000, 0x0000000086000000, 0x0000000086100000|  0%| F|  |TAMS 0x0000000086000000, 0x0000000086000000| Untracked 
|  37|0x0000000086100000, 0x0000000086100000, 0x0000000086200000|  0%| F|  |TAMS 0x0000000086100000, 0x0000000086100000| Untracked 
|  38|0x0000000086200000, 0x0000000086200000, 0x0000000086300000|  0%| F|  |TAMS 0x0000000086200000, 0x0000000086200000| Untracked 
|  39|0x0000000086300000, 0x0000000086300000, 0x0000000086400000|  0%| F|  |TAMS 0x0000000086300000, 0x0000000086300000| Untracked 
|  40|0x0000000086400000, 0x0000000086400000, 0x0000000086500000|  0%| F|  |TAMS 0x0000000086400000, 0x0000000086400000| Untracked 
|  41|0x0000000086500000, 0x0000000086500000, 0x0000000086600000|  0%| F|  |TAMS 0x0000000086500000, 0x0000000086500000| Untracked 
|  42|0x0000000086600000, 0x0000000086600000, 0x0000000086700000|  0%| F|  |TAMS 0x0000000086600000, 0x0000000086600000| Untracked 
|  43|0x0000000086700000, 0x0000000086783a78, 0x0000000086800000| 51%| E|CS|TAMS 0x0000000086700000, 0x0000000086700000| Complete 
|  44|0x0000000086800000, 0x0000000086900000, 0x0000000086900000|100%| E|CS|TAMS 0x0000000086800000, 0x0000000086800000| Complete 
|  45|0x0000000086900000, 0x0000000086a00000, 0x0000000086a00000|100%| E|CS|TAMS 0x0000000086900000, 0x0000000086900000| Complete 
|  46|0x0000000086a00000, 0x0000000086b00000, 0x0000000086b00000|100%| E|CS|TAMS 0x0000000086a00000, 0x0000000086a00000| Complete 
|  47|0x0000000086b00000, 0x0000000086c00000, 0x0000000086c00000|100%| E|CS|TAMS 0x0000000086b00000, 0x0000000086b00000| Complete 
|  48|0x0000000086c00000, 0x0000000086d00000, 0x0000000086d00000|100%| E|CS|TAMS 0x0000000086c00000, 0x0000000086c00000| Complete 
|  49|0x0000000086d00000, 0x0000000086e00000, 0x0000000086e00000|100%| E|CS|TAMS 0x0000000086d00000, 0x0000000086d00000| Complete 
|  50|0x0000000086e00000, 0x0000000086f00000, 0x0000000086f00000|100%| E|CS|TAMS 0x0000000086e00000, 0x0000000086e00000| Complete 
|  51|0x0000000086f00000, 0x0000000086f00000, 0x0000000087000000|  0%| F|  |TAMS 0x0000000086f00000, 0x0000000086f00000| Untracked 
|  52|0x0000000087000000, 0x0000000087000000, 0x0000000087100000|  0%| F|  |TAMS 0x0000000087000000, 0x0000000087000000| Untracked 
|  53|0x0000000087100000, 0x00000000871e0af0, 0x0000000087200000| 87%| S|  |TAMS 0x0000000087100000, 0x0000000087100000| Complete 
|  54|0x0000000087200000, 0x0000000087300000, 0x0000000087300000|100%| S|  |TAMS 0x0000000087200000, 0x0000000087200000| Complete 
|  55|0x0000000087300000, 0x0000000087400000, 0x0000000087400000|100%| S|  |TAMS 0x0000000087300000, 0x0000000087300000| Complete 
|  56|0x0000000087400000, 0x0000000087500000, 0x0000000087500000|100%| S|  |TAMS 0x0000000087400000, 0x0000000087400000| Complete 
|  57|0x0000000087500000, 0x0000000087600000, 0x0000000087600000|100%| S|  |TAMS 0x0000000087500000, 0x0000000087500000| Complete 
|  58|0x0000000087600000, 0x0000000087700000, 0x0000000087700000|100%| S|  |TAMS 0x0000000087600000, 0x0000000087600000| Complete 
|  59|0x0000000087700000, 0x0000000087800000, 0x0000000087800000|100%| E|CS|TAMS 0x0000000087700000, 0x0000000087700000| Complete 
|  60|0x0000000087800000, 0x0000000087900000, 0x0000000087900000|100%| E|CS|TAMS 0x0000000087800000, 0x0000000087800000| Complete 
|  61|0x0000000087900000, 0x0000000087a00000, 0x0000000087a00000|100%| E|CS|TAMS 0x0000000087900000, 0x0000000087900000| Complete 
|  62|0x0000000087a00000, 0x0000000087b00000, 0x0000000087b00000|100%| E|CS|TAMS 0x0000000087a00000, 0x0000000087a00000| Complete 
|  63|0x0000000087b00000, 0x0000000087c00000, 0x0000000087c00000|100%| E|CS|TAMS 0x0000000087b00000, 0x0000000087b00000| Complete 
|  64|0x0000000087c00000, 0x0000000087d00000, 0x0000000087d00000|100%| E|CS|TAMS 0x0000000087c00000, 0x0000000087c00000| Complete 
|  65|0x0000000087d00000, 0x0000000087e00000, 0x0000000087e00000|100%| E|CS|TAMS 0x0000000087d00000, 0x0000000087d00000| Complete 
|  66|0x0000000087e00000, 0x0000000087f00000, 0x0000000087f00000|100%| E|CS|TAMS 0x0000000087e00000, 0x0000000087e00000| Complete 
|  67|0x0000000087f00000, 0x0000000088000000, 0x0000000088000000|100%| E|CS|TAMS 0x0000000087f00000, 0x0000000087f00000| Complete 
|  68|0x0000000088000000, 0x0000000088100000, 0x0000000088100000|100%| E|CS|TAMS 0x0000000088000000, 0x0000000088000000| Complete 
|  69|0x0000000088100000, 0x0000000088200000, 0x0000000088200000|100%| E|CS|TAMS 0x0000000088100000, 0x0000000088100000| Complete 
|  70|0x0000000088200000, 0x0000000088300000, 0x0000000088300000|100%| E|CS|TAMS 0x0000000088200000, 0x0000000088200000| Complete 
|  71|0x0000000088300000, 0x0000000088400000, 0x0000000088400000|100%| E|CS|TAMS 0x0000000088300000, 0x0000000088300000| Complete 
|  72|0x0000000088400000, 0x0000000088500000, 0x0000000088500000|100%| E|CS|TAMS 0x0000000088400000, 0x0000000088400000| Complete 
|  73|0x0000000088500000, 0x0000000088600000, 0x0000000088600000|100%| E|CS|TAMS 0x0000000088500000, 0x0000000088500000| Complete 
|  74|0x0000000088600000, 0x0000000088700000, 0x0000000088700000|100%| E|CS|TAMS 0x0000000088600000, 0x0000000088600000| Complete 
|  75|0x0000000088700000, 0x0000000088800000, 0x0000000088800000|100%| E|CS|TAMS 0x0000000088700000, 0x0000000088700000| Complete 
|  76|0x0000000088800000, 0x0000000088900000, 0x0000000088900000|100%| E|CS|TAMS 0x0000000088800000, 0x0000000088800000| Complete 
|  77|0x0000000088900000, 0x0000000088a00000, 0x0000000088a00000|100%| E|CS|TAMS 0x0000000088900000, 0x0000000088900000| Complete 
|  78|0x0000000088a00000, 0x0000000088b00000, 0x0000000088b00000|100%| E|CS|TAMS 0x0000000088a00000, 0x0000000088a00000| Complete 
|  79|0x0000000088b00000, 0x0000000088c00000, 0x0000000088c00000|100%| E|CS|TAMS 0x0000000088b00000, 0x0000000088b00000| Complete 
|  80|0x0000000088c00000, 0x0000000088d00000, 0x0000000088d00000|100%| E|CS|TAMS 0x0000000088c00000, 0x0000000088c00000| Complete 
|  81|0x0000000088d00000, 0x0000000088e00000, 0x0000000088e00000|100%| E|CS|TAMS 0x0000000088d00000, 0x0000000088d00000| Complete 
|  82|0x0000000088e00000, 0x0000000088f00000, 0x0000000088f00000|100%| E|CS|TAMS 0x0000000088e00000, 0x0000000088e00000| Complete 
|  83|0x0000000088f00000, 0x0000000089000000, 0x0000000089000000|100%| E|CS|TAMS 0x0000000088f00000, 0x0000000088f00000| Complete 
|  84|0x0000000089000000, 0x0000000089100000, 0x0000000089100000|100%| E|CS|TAMS 0x0000000089000000, 0x0000000089000000| Complete 
|  85|0x0000000089100000, 0x0000000089200000, 0x0000000089200000|100%| E|CS|TAMS 0x0000000089100000, 0x0000000089100000| Complete 
|  86|0x0000000089200000, 0x0000000089300000, 0x0000000089300000|100%| E|CS|TAMS 0x0000000089200000, 0x0000000089200000| Complete 
|  87|0x0000000089300000, 0x0000000089400000, 0x0000000089400000|100%| E|CS|TAMS 0x0000000089300000, 0x0000000089300000| Complete 
|  88|0x0000000089400000, 0x0000000089500000, 0x0000000089500000|100%| E|CS|TAMS 0x0000000089400000, 0x0000000089400000| Complete 
|  89|0x0000000089500000, 0x0000000089600000, 0x0000000089600000|100%| E|CS|TAMS 0x0000000089500000, 0x0000000089500000| Complete 
|  90|0x0000000089600000, 0x0000000089700000, 0x0000000089700000|100%| E|CS|TAMS 0x0000000089600000, 0x0000000089600000| Complete 
|  91|0x0000000089700000, 0x0000000089800000, 0x0000000089800000|100%| E|CS|TAMS 0x0000000089700000, 0x0000000089700000| Complete 
|  92|0x0000000089800000, 0x0000000089900000, 0x0000000089900000|100%| E|CS|TAMS 0x0000000089800000, 0x0000000089800000| Complete 
|  93|0x0000000089900000, 0x0000000089a00000, 0x0000000089a00000|100%| E|CS|TAMS 0x0000000089900000, 0x0000000089900000| Complete 
|  94|0x0000000089a00000, 0x0000000089b00000, 0x0000000089b00000|100%| E|CS|TAMS 0x0000000089a00000, 0x0000000089a00000| Complete 
|  95|0x0000000089b00000, 0x0000000089c00000, 0x0000000089c00000|100%| E|CS|TAMS 0x0000000089b00000, 0x0000000089b00000| Complete 
|  96|0x0000000089c00000, 0x0000000089d00000, 0x0000000089d00000|100%| E|CS|TAMS 0x0000000089c00000, 0x0000000089c00000| Complete 
|  97|0x0000000089d00000, 0x0000000089e00000, 0x0000000089e00000|100%| E|CS|TAMS 0x0000000089d00000, 0x0000000089d00000| Complete 
|  98|0x0000000089e00000, 0x0000000089f00000, 0x0000000089f00000|100%| E|CS|TAMS 0x0000000089e00000, 0x0000000089e00000| Complete 
|  99|0x0000000089f00000, 0x000000008a000000, 0x000000008a000000|100%| E|CS|TAMS 0x0000000089f00000, 0x0000000089f00000| Complete 
| 100|0x000000008a000000, 0x000000008a100000, 0x000000008a100000|100%| E|CS|TAMS 0x000000008a000000, 0x000000008a000000| Complete 
| 101|0x000000008a100000, 0x000000008a200000, 0x000000008a200000|100%| E|CS|TAMS 0x000000008a100000, 0x000000008a100000| Complete 
| 102|0x000000008a200000, 0x000000008a300000, 0x000000008a300000|100%| E|CS|TAMS 0x000000008a200000, 0x000000008a200000| Complete 
| 103|0x000000008a300000, 0x000000008a400000, 0x000000008a400000|100%| E|CS|TAMS 0x000000008a300000, 0x000000008a300000| Complete 
| 104|0x000000008a400000, 0x000000008a500000, 0x000000008a500000|100%| E|CS|TAMS 0x000000008a400000, 0x000000008a400000| Complete 
| 105|0x000000008a500000, 0x000000008a600000, 0x000000008a600000|100%| E|CS|TAMS 0x000000008a500000, 0x000000008a500000| Complete 
| 106|0x000000008a600000, 0x000000008a700000, 0x000000008a700000|100%| E|CS|TAMS 0x000000008a600000, 0x000000008a600000| Complete 
| 107|0x000000008a700000, 0x000000008a800000, 0x000000008a800000|100%| E|CS|TAMS 0x000000008a700000, 0x000000008a700000| Complete 
| 108|0x000000008a800000, 0x000000008a900000, 0x000000008a900000|100%| E|CS|TAMS 0x000000008a800000, 0x000000008a800000| Complete 
| 109|0x000000008a900000, 0x000000008aa00000, 0x000000008aa00000|100%| E|CS|TAMS 0x000000008a900000, 0x000000008a900000| Complete 
| 110|0x000000008aa00000, 0x000000008ab00000, 0x000000008ab00000|100%| E|CS|TAMS 0x000000008aa00000, 0x000000008aa00000| Complete 
| 111|0x000000008ab00000, 0x000000008ac00000, 0x000000008ac00000|100%| E|CS|TAMS 0x000000008ab00000, 0x000000008ab00000| Complete 
| 112|0x000000008ac00000, 0x000000008ad00000, 0x000000008ad00000|100%| E|CS|TAMS 0x000000008ac00000, 0x000000008ac00000| Complete 
| 113|0x000000008ad00000, 0x000000008ae00000, 0x000000008ae00000|100%| E|CS|TAMS 0x000000008ad00000, 0x000000008ad00000| Complete 
| 114|0x000000008ae00000, 0x000000008af00000, 0x000000008af00000|100%| E|CS|TAMS 0x000000008ae00000, 0x000000008ae00000| Complete 
| 115|0x000000008af00000, 0x000000008b000000, 0x000000008b000000|100%| E|CS|TAMS 0x000000008af00000, 0x000000008af00000| Complete 
| 116|0x000000008b000000, 0x000000008b100000, 0x000000008b100000|100%| E|CS|TAMS 0x000000008b000000, 0x000000008b000000| Complete 
| 117|0x000000008b100000, 0x000000008b200000, 0x000000008b200000|100%| E|CS|TAMS 0x000000008b100000, 0x000000008b100000| Complete 
| 118|0x000000008b200000, 0x000000008b300000, 0x000000008b300000|100%| E|CS|TAMS 0x000000008b200000, 0x000000008b200000| Complete 
| 119|0x000000008b300000, 0x000000008b400000, 0x000000008b400000|100%| E|CS|TAMS 0x000000008b300000, 0x000000008b300000| Complete 
| 120|0x000000008b400000, 0x000000008b500000, 0x000000008b500000|100%| E|CS|TAMS 0x000000008b400000, 0x000000008b400000| Complete 
| 121|0x000000008b500000, 0x000000008b600000, 0x000000008b600000|100%| E|CS|TAMS 0x000000008b500000, 0x000000008b500000| Complete 
| 122|0x000000008b600000, 0x000000008b700000, 0x000000008b700000|100%| E|CS|TAMS 0x000000008b600000, 0x000000008b600000| Complete 
| 123|0x000000008b700000, 0x000000008b800000, 0x000000008b800000|100%| E|CS|TAMS 0x000000008b700000, 0x000000008b700000| Complete 
| 124|0x000000008b800000, 0x000000008b900000, 0x000000008b900000|100%| E|CS|TAMS 0x000000008b800000, 0x000000008b800000| Complete 
| 125|0x000000008b900000, 0x000000008ba00000, 0x000000008ba00000|100%| E|CS|TAMS 0x000000008b900000, 0x000000008b900000| Complete 

Card table byte_map: [0x0000024f34230000,0x0000024f34620000] _byte_map_base: 0x0000024f33e12000

Marking Bits (Prev, Next): (CMBitMap*) 0x0000024f1ca01e40, (CMBitMap*) 0x0000024f1ca01e08
 Prev Bits: [0x0000024f36920000, 0x0000024f38830000)
 Next Bits: [0x0000024f34a10000, 0x0000024f36920000)

Polling page: 0x0000024f1c190000

Metaspace:

Usage:
  Non-class:     29.33 MB capacity,    28.83 MB ( 98%) used,   420.99 KB (  1%) free+waste,    91.81 KB ( <1%) overhead. 
      Class:      4.13 MB capacity,     3.86 MB ( 93%) used,   233.51 KB (  6%) free+waste,    43.75 KB (  1%) overhead. 
       Both:     33.46 MB capacity,    32.69 MB ( 98%) used,   654.50 KB (  2%) free+waste,   135.56 KB ( <1%) overhead. 

Virtual space:
  Non-class space:       30.00 MB reserved,      29.50 MB ( 98%) committed 
      Class space:        1.00 GB reserved,       4.25 MB ( <1%) committed 
             Both:        1.03 GB reserved,      33.75 MB (  3%) committed 

Chunk freelists:
   Non-Class:  5.63 KB
       Class:  3.50 KB
        Both:  9.13 KB

CodeHeap 'non-profiled nmethods': size=120064Kb used=1480Kb max_used=1480Kb free=118583Kb
 bounds [0x0000024f2c900000, 0x0000024f2cb70000, 0x0000024f33e40000]
CodeHeap 'profiled nmethods': size=120000Kb used=7252Kb max_used=7252Kb free=112747Kb
 bounds [0x0000024f253d0000, 0x0000024f25af0000, 0x0000024f2c900000]
CodeHeap 'non-nmethods': size=5696Kb used=1159Kb max_used=1195Kb free=4536Kb
 bounds [0x0000024f24e40000, 0x0000024f250b0000, 0x0000024f253d0000]
 total_blobs=3648 nmethods=3170 adapters=389
 compilation: enabled
              stopped_count=0, restarted_count=0
 full_count=0

Compilation events (10 events):
Event: 2.912 Thread 0x0000024f3b660800 3165       3       org.springframework.asm.Frame::merge (317 bytes)
Event: 2.912 Thread 0x0000024f3b660800 nmethod 3165 0x0000024f25ae3510 code [0x0000024f25ae3720, 0x0000024f25ae4048]
Event: 2.912 Thread 0x0000024f3b660800 3167       3       org.springframework.asm.ByteVector::putShort (52 bytes)
Event: 2.912 Thread 0x0000024f3b660800 nmethod 3167 0x0000024f25ae4290 code [0x0000024f25ae4440, 0x0000024f25ae4648]
Event: 2.912 Thread 0x0000024f3b660800 3168       3       org.springframework.asm.SymbolTable::get (13 bytes)
Event: 2.912 Thread 0x0000024f3b660800 nmethod 3168 0x0000024f25ae4790 code [0x0000024f25ae4940, 0x0000024f25ae4a98]
Event: 2.912 Thread 0x0000024f3b660800 3169       3       org.springframework.asm.SymbolTable::hash (10 bytes)
Event: 2.912 Thread 0x0000024f3b660800 nmethod 3169 0x0000024f25ae4b90 code [0x0000024f25ae4d40, 0x0000024f25ae4e68]
Event: 2.912 Thread 0x0000024f3b660800 3166       3       org.springframework.asm.Label::getCanonicalInstance (19 bytes)
Event: 2.912 Thread 0x0000024f3b660800 nmethod 3166 0x0000024f25ae4f90 code [0x0000024f25ae5140, 0x0000024f25ae5298]

GC Heap History (10 events):
Event: 0.577 GC heap after
{Heap after GC invocations=1 (full 0):
 garbage-first heap   total 129024K, used 6149K [0x0000000083c00000, 0x0000000100000000)
  region size 1024K, 2 young (2048K), 2 survivors (2048K)
 Metaspace       used 9381K, capacity 9535K, committed 9728K, reserved 1058816K
  class space    used 858K, capacity 900K, committed 1024K, reserved 1048576K
}
Event: 0.683 GC heap before
{Heap before GC invocations=1 (full 0):
 garbage-first heap   total 129024K, used 45061K [0x0000000083c00000, 0x0000000100000000)
  region size 1024K, 41 young (41984K), 2 survivors (2048K)
 Metaspace       used 10465K, capacity 10638K, committed 10880K, reserved 1058816K
  class space    used 997K, capacity 1056K, committed 1152K, reserved 1048576K
}
Event: 0.685 GC heap after
{Heap after GC invocations=2 (full 0):
 garbage-first heap   total 129024K, used 6557K [0x0000000083c00000, 0x0000000100000000)
  region size 1024K, 3 young (3072K), 3 survivors (3072K)
 Metaspace       used 10465K, capacity 10638K, committed 10880K, reserved 1058816K
  class space    used 997K, capacity 1056K, committed 1152K, reserved 1048576K
}
Event: 1.133 GC heap before
{Heap before GC invocations=2 (full 0):
 garbage-first heap   total 129024K, used 49565K [0x0000000083c00000, 0x0000000100000000)
  region size 1024K, 46 young (47104K), 3 survivors (3072K)
 Metaspace       used 18434K, capacity 18750K, committed 18944K, reserved 1067008K
  class space    used 2085K, capacity 2213K, committed 2304K, reserved 1048576K
}
Event: 1.139 GC heap after
{Heap after GC invocations=3 (full 0):
 garbage-first heap   total 129024K, used 8309K [0x0000000083c00000, 0x0000000100000000)
  region size 1024K, 5 young (5120K), 5 survivors (5120K)
 Metaspace       used 18434K, capacity 18750K, committed 18944K, reserved 1067008K
  class space    used 2085K, capacity 2213K, committed 2304K, reserved 1048576K
}
Event: 1.318 GC heap before
{Heap before GC invocations=3 (full 0):
 garbage-first heap   total 129024K, used 21621K [0x0000000083c00000, 0x0000000100000000)
  region size 1024K, 19 young (19456K), 5 survivors (5120K)
 Metaspace       used 20849K, capacity 21232K, committed 21248K, reserved 1069056K
  class space    used 2400K, capacity 2557K, committed 2560K, reserved 1048576K
}
Event: 1.326 GC heap after
{Heap after GC invocations=4 (full 0):
 garbage-first heap   total 129024K, used 8993K [0x0000000083c00000, 0x0000000100000000)
  region size 1024K, 5 young (5120K), 5 survivors (5120K)
 Metaspace       used 20849K, capacity 21232K, committed 21248K, reserved 1069056K
  class space    used 2400K, capacity 2557K, committed 2560K, reserved 1048576K
}
Event: 2.119 GC heap before
{Heap before GC invocations=5 (full 0):
 garbage-first heap   total 129024K, used 79649K [0x0000000083c00000, 0x0000000100000000)
  region size 1024K, 75 young (76800K), 5 survivors (5120K)
 Metaspace       used 29532K, capacity 30237K, committed 30332K, reserved 1075200K
  class space    used 3405K, capacity 3663K, committed 3708K, reserved 1048576K
}
Event: 2.127 GC heap after
{Heap after GC invocations=6 (full 0):
 garbage-first heap   total 129024K, used 11796K [0x0000000083c00000, 0x0000000100000000)
  region size 1024K, 8 young (8192K), 8 survivors (8192K)
 Metaspace       used 29532K, capacity 30237K, committed 30332K, reserved 1075200K
  class space    used 3405K, capacity 3663K, committed 3708K, reserved 1048576K
}
Event: 2.916 GC heap before
{Heap before GC invocations=6 (full 0):
 garbage-first heap   total 129024K, used 79380K [0x0000000083c00000, 0x0000000100000000)
  region size 1024K, 75 young (76800K), 8 survivors (8192K)
 Metaspace       used 33472K, capacity 34263K, committed 34556K, reserved 1079296K
  class space    used 3950K, capacity 4228K, committed 4348K, reserved 1048576K
}

Deoptimization events (10 events):
Event: 1.825 Thread 0x0000024f3c0d8800 Uncommon trap: reason=unstable_if action=reinterpret pc=0x0000024f2c9ded18 method=com.sun.org.apache.xerces.internal.impl.XMLEntityScanner.checkBeforeLoad(Lcom/sun/xml/internal/stream/Entity$ScannedEntity;II)I @ 18 c2
Event: 1.859 Thread 0x0000024f3c0d8800 Uncommon trap: reason=unstable_if action=reinterpret pc=0x0000024f2c9e9e2c method=com.sun.org.apache.xerces.internal.impl.XMLEntityScanner.skipSpaces()Z @ 125 c2
Event: 2.176 Thread 0x0000024f3c509000 Uncommon trap: reason=profile_predicate action=maybe_recompile pc=0x0000024f2ca070e8 method=org.springframework.boot.context.properties.source.ConfigurationPropertyName$Elements.canShortcutWithSource(Lorg/springframework/boot/context/properties/source/Con
Event: 2.176 Thread 0x0000024f3c509000 Uncommon trap: reason=profile_predicate action=maybe_recompile pc=0x0000024f2ca070e8 method=org.springframework.boot.context.properties.source.ConfigurationPropertyName$Elements.canShortcutWithSource(Lorg/springframework/boot/context/properties/source/Con
Event: 2.176 Thread 0x0000024f3c509000 Uncommon trap: reason=profile_predicate action=maybe_recompile pc=0x0000024f2ca070e8 method=org.springframework.boot.context.properties.source.ConfigurationPropertyName$Elements.canShortcutWithSource(Lorg/springframework/boot/context/properties/source/Con
Event: 2.176 Thread 0x0000024f3c509000 Uncommon trap: reason=profile_predicate action=maybe_recompile pc=0x0000024f2ca070e8 method=org.springframework.boot.context.properties.source.ConfigurationPropertyName$Elements.canShortcutWithSource(Lorg/springframework/boot/context/properties/source/Con
Event: 2.220 Thread 0x0000024f3c509000 Uncommon trap: reason=unstable_if action=reinterpret pc=0x0000024f2ca0c0f0 method=org.springframework.boot.context.properties.source.ConfigurationPropertyName$ElementsParser.isAlphaNumeric(C)Z @ 11 c2
Event: 2.307 Thread 0x0000024f3c509000 Uncommon trap: reason=intrinsic_or_type_checked_inlining action=make_not_entrant pc=0x0000024f2ca1566c method=java.util.ArrayList.toArray([Ljava/lang/Object;)[Ljava/lang/Object; @ 36 c2
Event: 2.655 Thread 0x0000024f3c509000 Uncommon trap: reason=class_check action=maybe_recompile pc=0x0000024f2ca3a110 method=org.springframework.util.ConcurrentReferenceHashMap$Segment.findInChain(Lorg/springframework/util/ConcurrentReferenceHashMap$Reference;Ljava/lang/Object;I)Lorg/springfra
Event: 2.683 Thread 0x0000024f3c509000 Uncommon trap: reason=intrinsic_or_type_checked_inlining action=make_not_entrant pc=0x0000024f2ca54a78 method=java.util.Arrays.copyOf([Ljava/lang/Object;ILjava/lang/Class;)[Ljava/lang/Object; @ 35 c2

Classes redefined (0 events):
No events

Internal exceptions (10 events):
Event: 1.629 Thread 0x0000024f3c0d8800 Exception <a 'java/lang/NoSuchMethodError'{0x0000000089bdd9e0}: java.lang.invoke.DirectMethodHandle$Holder.invokeVirtual(Ljava/lang/Object;Ljava/lang/Object;Ljava/lang/Object;Ljava/lang/Object;)Ljava/lang/Object;> (0x0000000089bdd9e0) thrown at [./open/sr
Event: 1.672 Thread 0x0000024f3c509000 Exception <a 'java/lang/IncompatibleClassChangeError'{0x0000000089620168}: Found class java.lang.Object, but interface was expected> (0x0000000089620168) thrown at [./open/src/hotspot/share/interpreter/linkResolver.cpp, line 838]
Event: 1.915 Thread 0x0000024f3c0d8800 Exception <a 'java/lang/IncompatibleClassChangeError'{0x0000000088a8efa8}: Found class java.lang.Object, but interface was expected> (0x0000000088a8efa8) thrown at [./open/src/hotspot/share/interpreter/linkResolver.cpp, line 838]
Event: 2.007 Thread 0x0000024f3c0d8800 Exception <a 'java/lang/NoSuchMethodError'{0x00000000885ce948}: java.lang.invoke.DirectMethodHandle$Holder.invokeStatic(Ljava/lang/Object;Ljava/lang/Object;Ljava/lang/Object;Ljava/lang/Object;Ljava/lang/Object;Ljava/lang/Object;Ljava/lang/Object;Ljava/lan
Event: 2.009 Thread 0x0000024f3c0d8800 Exception <a 'java/lang/NoSuchMethodError'{0x00000000885ec8c8}: java.lang.invoke.DirectMethodHandle$Holder.invokeStatic(Ljava/lang/Object;Ljava/lang/Object;Ljava/lang/Object;Ljava/lang/Object;Ljava/lang/Object;Ljava/lang/Object;Ljava/lang/Object;Ljava/lan
Event: 2.011 Thread 0x0000024f3c0d8800 Exception <a 'java/lang/NoSuchMethodError'{0x000000008848d748}: java.lang.invoke.DirectMethodHandle$Holder.invokeStatic(Ljava/lang/Object;Ljava/lang/Object;Ljava/lang/Object;Ljava/lang/Object;Ljava/lang/Object;Ljava/lang/Object;Ljava/lang/Object;Ljava/lan
Event: 2.012 Thread 0x0000024f3c0d8800 Exception <a 'java/lang/NoSuchMethodError'{0x00000000884adea0}: java.lang.invoke.DirectMethodHandle$Holder.invokeStatic(Ljava/lang/Object;Ljava/lang/Object;Ljava/lang/Object;Ljava/lang/Object;Ljava/lang/Object;Ljava/lang/Object;Ljava/lang/Object;Ljava/lan
Event: 2.394 Thread 0x0000024f3c509000 Exception <a 'java/lang/NoSuchMethodError'{0x0000000089597898}: java.lang.invoke.DirectMethodHandle$Holder.invokeInterface(Ljava/lang/Object;Ljava/lang/Object;Ljava/lang/Object;Ljava/lang/Object;)V> (0x0000000089597898) thrown at [./open/src/hotspot/share
Event: 2.402 Thread 0x0000024f3c509000 Exception <a 'java/lang/NoSuchMethodError'{0x0000000089414200}: java.lang.invoke.DirectMethodHandle$Holder.invokeSpecial(Ljava/lang/Object;Ljava/lang/Object;Ljava/lang/Object;Ljava/lang/Object;Ljava/lang/Object;)I> (0x0000000089414200) thrown at [./open/s
Event: 2.672 Thread 0x0000024f3c509000 Exception <a 'java/lang/NoSuchMethodError'{0x00000000886920e0}: java.lang.invoke.DirectMethodHandle$Holder.invokeSpecialIFC(Ljava/lang/Object;Ljava/lang/Object;Ljava/lang/Object;Ljava/lang/Object;)Ljava/lang/Object;> (0x00000000886920e0) thrown at [./open

Events (10 events):
Event: 2.915 loading class org/springframework/cglib/proxy/InvocationHandlerGenerator done
Event: 2.915 loading class org/springframework/cglib/proxy/LazyLoader
Event: 2.915 loading class org/springframework/cglib/proxy/LazyLoader done
Event: 2.915 loading class org/springframework/cglib/proxy/LazyLoaderGenerator
Event: 2.915 loading class org/springframework/cglib/proxy/LazyLoaderGenerator done
Event: 2.916 loading class org/springframework/cglib/proxy/Dispatcher
Event: 2.916 loading class org/springframework/cglib/proxy/Dispatcher done
Event: 2.916 loading class org/springframework/cglib/proxy/DispatcherGenerator
Event: 2.916 loading class org/springframework/cglib/proxy/DispatcherGenerator done
Event: 2.916 Executing VM operation: G1CollectForAllocation


Dynamic libraries:
0x00007ff6e5f30000 - 0x00007ff6e5f3f000 	C:\Program Files\Java\jdk-11.0.10\bin\java.exe
0x00007ffe66b50000 - 0x00007ffe66d45000 	C:\WINDOWS\SYSTEM32\ntdll.dll
0x00007ffe65890000 - 0x00007ffe6594d000 	C:\WINDOWS\System32\KERNEL32.DLL
0x00007ffe64660000 - 0x00007ffe64928000 	C:\WINDOWS\System32\KERNELBASE.dll
0x00007ffe61800000 - 0x00007ffe61890000 	C:\WINDOWS\SYSTEM32\apphelp.dll
0x00007ffe644b0000 - 0x00007ffe645b0000 	C:\WINDOWS\System32\ucrtbase.dll
0x00007ffe5e7e0000 - 0x00007ffe5e7f8000 	C:\Program Files\Java\jdk-11.0.10\bin\jli.dll
0x00007ffe657e0000 - 0x00007ffe6588c000 	C:\WINDOWS\System32\ADVAPI32.dll
0x00007ffe65140000 - 0x00007ffe651de000 	C:\WINDOWS\System32\msvcrt.dll
0x00007ffe64f80000 - 0x00007ffe6501b000 	C:\WINDOWS\System32\sechost.dll
0x00007ffe669e0000 - 0x00007ffe66b0b000 	C:\WINDOWS\System32\RPCRT4.dll
0x00007ffe65640000 - 0x00007ffe657e0000 	C:\WINDOWS\System32\USER32.dll
0x00007ffe64450000 - 0x00007ffe64472000 	C:\WINDOWS\System32\win32u.dll
0x00007ffe64ce0000 - 0x00007ffe64d0a000 	C:\WINDOWS\System32\GDI32.dll
0x00007ffe64aa0000 - 0x00007ffe64bab000 	C:\WINDOWS\System32\gdi32full.dll
0x00007ffe649b0000 - 0x00007ffe64a4d000 	C:\WINDOWS\System32\msvcp_win.dll
0x00007ffe5c5e0000 - 0x00007ffe5c5f5000 	C:\Program Files\Java\jdk-11.0.10\bin\VCRUNTIME140.dll
0x00007ffe63790000 - 0x00007ffe63a2a000 	C:\WINDOWS\WinSxS\amd64_microsoft.windows.common-controls_6595b64144ccf1df_6.0.19041.844_none_ca00b6081b84eb1d\COMCTL32.dll
0x00007ffe60d50000 - 0x00007ffe60d5a000 	C:\WINDOWS\SYSTEM32\VERSION.dll
0x00007ffe64ec0000 - 0x00007ffe64ef0000 	C:\WINDOWS\System32\IMM32.DLL
0x00007ffe2d090000 - 0x00007ffe2d12b000 	C:\Program Files\Java\jdk-11.0.10\bin\msvcp140.dll
0x00007ffde5e20000 - 0x00007ffde691b000 	C:\Program Files\Java\jdk-11.0.10\bin\server\jvm.dll
0x00007ffe65020000 - 0x00007ffe65028000 	C:\WINDOWS\System32\PSAPI.DLL
0x00007ffe44eb0000 - 0x00007ffe44eb9000 	C:\WINDOWS\SYSTEM32\WSOCK32.dll
0x00007ffe655d0000 - 0x00007ffe6563b000 	C:\WINDOWS\System32\WS2_32.dll
0x00007ffe4b890000 - 0x00007ffe4b8b7000 	C:\WINDOWS\SYSTEM32\WINMM.dll
0x00007ffe62510000 - 0x00007ffe62522000 	C:\WINDOWS\SYSTEM32\kernel.appcore.dll
0x00007ffe5c030000 - 0x00007ffe5c040000 	C:\Program Files\Java\jdk-11.0.10\bin\verify.dll
0x00007ffe63d10000 - 0x00007ffe63ef4000 	C:\WINDOWS\SYSTEM32\DBGHELP.DLL
0x00007ffe63c10000 - 0x00007ffe63c3c000 	C:\WINDOWS\SYSTEM32\dbgcore.DLL
0x00007ffe64930000 - 0x00007ffe649b0000 	C:\WINDOWS\System32\bcryptPrimitives.dll
0x00007ffe4a7d0000 - 0x00007ffe4a7f8000 	C:\Program Files\Java\jdk-11.0.10\bin\java.dll
0x00007ffe5c010000 - 0x00007ffe5c01a000 	C:\Program Files\Java\jdk-11.0.10\bin\jimage.dll
0x00007ffe5bed0000 - 0x00007ffe5bee6000 	C:\Program Files\Java\jdk-11.0.10\bin\zip.dll
0x00007ffe65a10000 - 0x00007ffe66152000 	C:\WINDOWS\System32\SHELL32.dll
0x00007ffe61d70000 - 0x00007ffe62500000 	C:\WINDOWS\SYSTEM32\windows.storage.dll
0x00007ffe66680000 - 0x00007ffe669d5000 	C:\WINDOWS\System32\combase.dll
0x00007ffe634e0000 - 0x00007ffe6350c000 	C:\WINDOWS\SYSTEM32\Wldp.dll
0x00007ffe65030000 - 0x00007ffe650de000 	C:\WINDOWS\System32\SHCORE.dll
0x00007ffe650e0000 - 0x00007ffe65135000 	C:\WINDOWS\System32\shlwapi.dll
0x00007ffe641d0000 - 0x00007ffe641ef000 	C:\WINDOWS\SYSTEM32\profapi.dll
0x00007ffe4a600000 - 0x00007ffe4a619000 	C:\Program Files\Java\jdk-11.0.10\bin\net.dll
0x00007ffe503b0000 - 0x00007ffe504bb000 	C:\WINDOWS\SYSTEM32\WINHTTP.dll
0x00007ffe63360000 - 0x00007ffe633ca000 	C:\WINDOWS\system32\mswsock.dll
0x00007ffe48cd0000 - 0x00007ffe48ce2000 	C:\Program Files\Java\jdk-11.0.10\bin\nio.dll
0x00007ffe48d00000 - 0x00007ffe48d09000 	C:\Program Files\Java\jdk-11.0.10\bin\management.dll
0x00007ffe48040000 - 0x00007ffe4804b000 	C:\Program Files\Java\jdk-11.0.10\bin\management_ext.dll
0x00007ffe5c760000 - 0x00007ffe5c777000 	C:\WINDOWS\system32\napinsp.dll
0x00007ffe48d10000 - 0x00007ffe48d2b000 	C:\WINDOWS\system32\pnrpnsp.dll
0x00007ffe5ec90000 - 0x00007ffe5eca5000 	C:\WINDOWS\system32\wshbth.dll
0x00007ffe60e50000 - 0x00007ffe60e6d000 	C:\WINDOWS\system32\NLAapi.dll
0x00007ffe63070000 - 0x00007ffe630ab000 	C:\WINDOWS\SYSTEM32\IPHLPAPI.DLL
0x00007ffe630b0000 - 0x00007ffe6317c000 	C:\WINDOWS\SYSTEM32\DNSAPI.dll
0x00007ffe651e0000 - 0x00007ffe651e8000 	C:\WINDOWS\System32\NSI.dll
0x00007ffe47d20000 - 0x00007ffe47d32000 	C:\WINDOWS\System32\winrnr.dll
0x00007ffe4c4d0000 - 0x00007ffe4c4da000 	C:\Windows\System32\rasadhlp.dll
0x00007ffe4c3f0000 - 0x00007ffe4c46f000 	C:\WINDOWS\System32\fwpuclnt.dll
0x00007ffe64480000 - 0x00007ffe644a7000 	C:\WINDOWS\System32\bcrypt.dll

dbghelp: loaded successfully - version: 4.0.5 - missing functions: none
symbol engine: initialized successfully - sym options: 0x614 - pdb path: .;C:\Program Files\Java\jdk-11.0.10\bin;C:\WINDOWS\SYSTEM32;C:\WINDOWS\WinSxS\amd64_microsoft.windows.common-controls_6595b64144ccf1df_6.0.19041.844_none_ca00b6081b84eb1d;C:\Program Files\Java\jdk-11.0.10\bin\server

VM Arguments:
java_command: com.launchacademy.PetAdoptionsApplication
java_class_path (initial): C:\Users\sinaf\challenges\java-spring-express-refactor\target\classes;C:\Users\sinaf\.m2\repository\org\springframework\boot\spring-boot-starter-data-jpa\2.1.6.RELEASE\spring-boot-starter-data-jpa-2.1.6.RELEASE.jar;C:\Users\sinaf\.m2\repository\org\springframework\boot\spring-boot-starter-aop\2.1.6.RELEASE\spring-boot-starter-aop-2.1.6.RELEASE.jar;C:\Users\sinaf\.m2\repository\org\springframework\spring-aop\5.1.8.RELEASE\spring-aop-5.1.8.RELEASE.jar;C:\Users\sinaf\.m2\repository\org\aspectj\aspectjweaver\1.9.4\aspectjweaver-1.9.4.jar;C:\Users\sinaf\.m2\repository\org\springframework\boot\spring-boot-starter-jdbc\2.1.6.RELEASE\spring-boot-starter-jdbc-2.1.6.RELEASE.jar;C:\Users\sinaf\.m2\repository\com\zaxxer\HikariCP\3.2.0\HikariCP-3.2.0.jar;C:\Users\sinaf\.m2\repository\org\springframework\spring-jdbc\5.1.8.RELEASE\spring-jdbc-5.1.8.RELEASE.jar;C:\Users\sinaf\.m2\repository\javax\transaction\javax.transaction-api\1.3\javax.transaction-api-1.3.jar;C:\Users\sinaf\.m2\repository\javax\xml\bind\jaxb-api\2.3.1\jaxb-api-2.3.1.jar;C:\Users\sinaf\.m2\repository\javax\activation\javax.activation-api\1.2.0\javax.activation-api-1.2.0.jar;C:\Users\sinaf\.m2\repository\org\hibernate\hibernate-core\5.3.10.Final\hibernate-core-5.3.10.Final.jar;C:\Users\sinaf\.m2\repository\org\jboss\logging\jboss-logging\3.3.2.Final\jboss-logging-3.3.2.Final.jar;C:\Users\sinaf\.m2\repository\javax\persistence\javax.persistence-api\2.2\javax.persistence-api-2.2.jar;C:\Users\sinaf\.m2\repository\org\javassist\javassist\3.23.2-GA\javassist-3.23.2-GA.jar;C:\Users\sinaf\.m2\repository\net\bytebuddy\byte-buddy\1.9.13\byte-buddy-1.9.13.jar;C:\Users\sinaf\.m2\repository\antlr\antlr\2.7.7\antlr-2.7.7.jar;C:\Users\sinaf\.m2\repository\org\jboss\jandex\2.0.5.Final\jandex-2.0.5.Final.jar;C:\Users\sinaf\.m2\repository\com\fasterxml\classmate\1.4.0\classmate-1.4.0.jar;C:\Users\sinaf\.m2\repository\org\dom4j\dom4j\2.1.1\dom4j-2.1.1.jar;C:\Users\sinaf\.m2\repository\org\hibernate\com
Launcher Type: SUN_STANDARD

[Global flags]
     intx CICompilerCount                          = 3                                         {product} {ergonomic}
     uint ConcGCThreads                            = 1                                         {product} {ergonomic}
     uint G1ConcRefinementThreads                  = 4                                         {product} {ergonomic}
   size_t G1HeapRegionSize                         = 1048576                                   {product} {ergonomic}
    uintx GCDrainStackTargetSize                   = 64                                        {product} {ergonomic}
   size_t InitialHeapSize                          = 132120576                                 {product} {ergonomic}
   size_t MarkStackSize                            = 4194304                                   {product} {ergonomic}
   size_t MaxHeapSize                              = 2084569088                                {product} {ergonomic}
   size_t MaxNewSize                               = 1249902592                                {product} {ergonomic}
   size_t MinHeapDeltaBytes                        = 1048576                                   {product} {ergonomic}
    uintx NonNMethodCodeHeapSize                   = 5830732                                {pd product} {ergonomic}
    uintx NonProfiledCodeHeapSize                  = 122913754                              {pd product} {ergonomic}
    uintx ProfiledCodeHeapSize                     = 122913754                              {pd product} {ergonomic}
    uintx ReservedCodeCacheSize                    = 251658240                              {pd product} {ergonomic}
     bool SegmentedCodeCache                       = true                                      {product} {ergonomic}
     bool UseCompressedClassPointers               = true                                 {lp64_product} {ergonomic}
     bool UseCompressedOops                        = true                                 {lp64_product} {ergonomic}
     bool UseG1GC                                  = true                                      {product} {ergonomic}
     bool UseLargePagesIndividualAllocation        = false                                  {pd product} {ergonomic}

Logging:
Log output configuration:
 #0: stdout all=warning uptime,level,tags
 #1: stderr all=off uptime,level,tags

Environment Variables:
JAVA_HOME=
PATH=C:\Users\sinaf\bin;C:\Program Files\Git\mingw64\bin;C:\Program Files\Git\usr\local\bin;C:\Program Files\Git\usr\bin;C:\Program Files\Git\usr\bin;C:\Program Files\Git\mingw64\bin;C:\Program Files\Git\usr\bin;C:\Users\sinaf\bin;C:\Program Files\Common Files\Oracle\Java\javapath;C:\Python39\Scripts;C:\Python39;C:\Program Files\Microsoft MPI\Bin;C:\WINDOWS\system32;C:\WINDOWS;C:\WINDOWS\System32\Wbem;C:\WINDOWS\System32\WindowsPowerShell\v1.0;C:\WINDOWS\System32\OpenSSH;C:\Program Files\Microsoft SQL Server\Client SDK\ODBC\170\Tools\Binn;C:\Program Files (x86)\Microsoft SQL Server\150\Tools\Binn;C:\Program Files\Microsoft SQL Server\150\Tools\Binn;C:\Program Files\Microsoft SQL Server\150\DTS\Binn;C:\Program Files (x86)\Microsoft SQL Server\150\DTS\Binn;C:\Program Files\dotnet;C:\Program Files\Microsoft SQL Server\130\Tools\Binn;C:\Program Files\Git\cmd;C:\Program Files\Git\mingw64\bin;C:\Program Files\Git\usr\bin;C:\Program Files (x86)\Yarn\bin;C:\Program Files (x86)\dotnet;C:\Program Files\nodejs;C:\ProgramData\chocolatey\bin;C:\Program Files\JetBrains\IntelliJ IDEA Community Edition 2020.3.3\bin;C:\Program Files\Java\jdk-11.0.10\bin;C:\Users\sinaf\AppData\Local\Microsoft\WindowsApps;C:\Users\sinaf\AppData\Local\Programs\Microsoft VS Code\bin;C:\Users\sinaf\AppData\Local\Yarn\bin;C:\Users\sinaf\AppData\Roaming\npm;C:\Users\sinaf\AppData\Local\GitHubDesktop\bin;C:\Program Files\PostgreSQL\12\bin;C:\Program Files\Git\usr\bin\vendor_perl;C:\Program Files\Git\usr\bin\core_perl
USERNAME=sinaf
SHELL=C:\Program Files\Git\usr\bin\bash.exe
DISPLAY=needs-to-be-defined
OS=Windows_NT
PROCESSOR_IDENTIFIER=Intel64 Family 6 Model 126 Stepping 5, GenuineIntel



---------------  S Y S T E M  ---------------

OS: Windows 10 , 64 bit Build 19041 (10.0.19041.928)

CPU:total 4 (initial active 4) (2 cores per cpu, 2 threads per core) family 6 model 126 stepping 5 microcode 0xa0, cmov, cx8, fxsr, mmx, sse, sse2, sse3, ssse3, sse4.1, sse4.2, popcnt, avx, avx2, aes, clmul, erms, 3dnowpref, lzcnt, ht, tsc, tscinvbit, bmi1, bmi2, adx, evex, sha, fma

Memory: 4k page, system-wide physical 7946M (1156M free)
TotalPageFile size 16138M (AvailPageFile size 6524M)
current process WorkingSet (physical memory assigned to process): 207M, peak: 207M
current process commit charge ("private bytes"): 276M, peak: 278M

vm_info: Java HotSpot(TM) 64-Bit Server VM (11.0.10+8-LTS-162) for windows-amd64 JRE (11.0.10+8-LTS-162), built on Dec  8 2020 16:32:57 by "mach5one" with MS VC++ 15.9 (VS2017)

END.
