#
# A fatal error has been detected by the Java Runtime Environment:
#
#  EXCEPTION_ACCESS_VIOLATION (0xc0000005) at pc=0x00007ffdfb35dd75, pid=10296, tid=1864
#
# JRE version: Java(TM) SE Runtime Environment 18.9 (11.0.10+8) (build 11.0.10+8-LTS-162)
# Java VM: Java HotSpot(TM) 64-Bit Server VM 18.9 (11.0.10+8-LTS-162, mixed mode, tiered, compressed oops, g1 gc, windows-amd64)
# Problematic frame:
# V  [jvm.dll+0x63dd75]
#
# No core dump will be written. Minidumps are not enabled by default on client versions of Windows
#
# If you would like to submit a bug report, please visit:
#   https://bugreport.java.com/bugreport/crash.jsp
#

---------------  S U M M A R Y ------------

Command Line: com.launchacademy.PetAdoptionsApplication

Host: Intel(R) Core(TM) i3-1005G1 CPU @ 1.20GHz, 4 cores, 7G,  Windows 10 , 64 bit Build 19041 (10.0.19041.928)
Time: Tue May 18 22:52:31 2021 Pacific Daylight Time elapsed time: 1.709034 seconds (0d 0h 0m 1s)

---------------  T H R E A D  ---------------

Current thread (0x000001741162e000):  JavaThread "C2 CompilerThread1" daemon [_thread_in_native, id=1864, stack(0x0000000433100000,0x0000000433200000)]


Current CompileTask:
C2:   1709 2061       4       java.nio.ByteBuffer::<init> (45 bytes)

Stack: [0x0000000433100000,0x0000000433200000],  sp=0x00000004331fd970,  free space=1014k
Native frames: (J=compiled Java code, j=interpreted, Vv=VM code, C=native code)
V  [jvm.dll+0x63dd75]
V  [jvm.dll+0x1fc39c]
V  [jvm.dll+0x17f09c]
V  [jvm.dll+0x20bbd4]
V  [jvm.dll+0x209cab]
V  [jvm.dll+0x713619]
V  [jvm.dll+0x70c314]
V  [jvm.dll+0x613036]
C  [ucrtbase.dll+0x21bb2]
C  [KERNEL32.DLL+0x17034]
C  [ntdll.dll+0x52651]


siginfo: EXCEPTION_ACCESS_VIOLATION (0xc0000005), reading address 0x0000004000000028


Register to memory mapping:

RIP=0x00007ffdfb35dd75 jvm.dll
RAX=0x0000004000000000 is an unknown value
RBX=0x0000017411386c40 points into unknown readable memory: 06 00 00 00 fd 7f 00 00
RCX=0x0000000000000008 is an unknown value
RDX=0x0000000000000100 is an unknown value
RSP=0x00000004331fd970 is pointing into the stack for thread: 0x000001741162e000
RBP=0x00000004331fdc10 is pointing into the stack for thread: 0x000001741162e000
RSI=0x00000004331fdbb0 is pointing into the stack for thread: 0x000001741162e000
RDI=0x0000000000000fe8 is an unknown value
R8 =0x0000000000000007 is an unknown value
R9 =0x00000174135a33e0 points into unknown readable memory: 00 00 00 00 00 00 00 00
R10=0x0000000000000603 is an unknown value
R11=0x00000174135a73e0 points into unknown readable memory: 40 fd 4b fb fd 7f 00 00
R12=0x00007ffdfb537f08 jvm.dll
R13=0x0000000000000002 is an unknown value
R14=0x0000000000000001 is an unknown value
R15=0x00000004331fda90 is pointing into the stack for thread: 0x000001741162e000


Registers:
RAX=0x0000004000000000, RBX=0x0000017411386c40, RCX=0x0000000000000008, RDX=0x0000000000000100
RSP=0x00000004331fd970, RBP=0x00000004331fdc10, RSI=0x00000004331fdbb0, RDI=0x0000000000000fe8
R8 =0x0000000000000007, R9 =0x00000174135a33e0, R10=0x0000000000000603, R11=0x00000174135a73e0
R12=0x00007ffdfb537f08, R13=0x0000000000000002, R14=0x0000000000000001, R15=0x00000004331fda90
RIP=0x00007ffdfb35dd75, EFLAGS=0x0000000000010283

Top of Stack: (sp=0x00000004331fd970)
0x00000004331fd970:   0000017411386c40 0000017411386c40
0x00000004331fd980:   00000004331fdc10 00000004331fdb50
0x00000004331fd990:   00000004331fe680 0000000000000001
0x00000004331fd9a0:   0000017411386c40 00007ffdfaf1c39c
0x00000004331fd9b0:   000001741188e290 0000000000000008
0x00000004331fd9c0:   00000004331fdab0 000001741188a960
0x00000004331fd9d0:   0000000000000000 00000004331fef28
0x00000004331fd9e0:   000000000000000c 0000017413564750
0x00000004331fd9f0:   00000004331ff0d8 00000004331ff0f0
0x00000004331fda00:   000001747f0824e0 0000000000000001
0x00000004331fda10:   0000000000000000 0000000000000002
0x00000004331fda20:   0000017411892948 0000000000000000
0x00000004331fda30:   0000000000000000 0000000000000000
0x00000004331fda40:   0000000000000000 0000000000000000
0x00000004331fda50:   0000000000000000 00007ffdfb53de44
0x00000004331fda60:   0000000000000000 0000000000000000 

Instructions: (pc=0x00007ffdfb35dd75)
0x00007ffdfb35dd55:   c0 74 51 44 8b d0 0f 1f 44 00 00 4c 8b 8d a0 09
0x00007ffdfb35dd65:   00 00 49 8b 04 39 48 85 c0 74 2f 49 3b c3 74 2a
0x00007ffdfb35dd75:   8b 48 28 8b c1 c1 e8 05 3b 46 40 73 19 44 8b c0
0x00007ffdfb35dd85:   83 e1 1f 48 8b 46 48 ba 01 00 00 00 d3 e2 42 8b 


Stack slot to memory mapping:
stack at sp + 0 slots: 0x0000017411386c40 points into unknown readable memory: 06 00 00 00 fd 7f 00 00
stack at sp + 1 slots: 0x0000017411386c40 points into unknown readable memory: 06 00 00 00 fd 7f 00 00
stack at sp + 2 slots: 0x00000004331fdc10 is pointing into the stack for thread: 0x000001741162e000
stack at sp + 3 slots: 0x00000004331fdb50 is pointing into the stack for thread: 0x000001741162e000
stack at sp + 4 slots: 0x00000004331fe680 is pointing into the stack for thread: 0x000001741162e000
stack at sp + 5 slots: 0x0000000000000001 is an unknown value
stack at sp + 6 slots: 0x0000017411386c40 points into unknown readable memory: 06 00 00 00 fd 7f 00 00
stack at sp + 7 slots: 0x00007ffdfaf1c39c jvm.dll


---------------  P R O C E S S  ---------------

Threads class SMR info:
_java_thread_list=0x000001741203a300, length=14, elements={
0x0000017471e08000, 0x000001747f16f000, 0x000001747f178800, 0x000001747f187000,
0x000001747f18c000, 0x000001747f18e800, 0x000001747f191800, 0x000001747faad800,
0x000001747fc85800, 0x000001747fc94800, 0x000001741162e000, 0x00000174119c0000,
0x00000174119c1000, 0x0000017411a20000
}

Java Threads: ( => current thread )
  0x0000017471e08000 JavaThread "main" [_thread_blocked, id=2116, stack(0x0000000432000000,0x0000000432100000)]
  0x000001747f16f000 JavaThread "Reference Handler" daemon [_thread_blocked, id=10260, stack(0x0000000432700000,0x0000000432800000)]
  0x000001747f178800 JavaThread "Finalizer" daemon [_thread_blocked, id=11336, stack(0x0000000432800000,0x0000000432900000)]
  0x000001747f187000 JavaThread "Signal Dispatcher" daemon [_thread_blocked, id=6608, stack(0x0000000432900000,0x0000000432a00000)]
  0x000001747f18c000 JavaThread "Attach Listener" daemon [_thread_blocked, id=3120, stack(0x0000000432a00000,0x0000000432b00000)]
  0x000001747f18e800 JavaThread "C2 CompilerThread0" daemon [_thread_in_native, id=2276, stack(0x0000000432b00000,0x0000000432c00000)]
  0x000001747f191800 JavaThread "C1 CompilerThread0" daemon [_thread_in_native, id=892, stack(0x0000000432c00000,0x0000000432d00000)]
  0x000001747faad800 JavaThread "Sweeper thread" daemon [_thread_blocked, id=1444, stack(0x0000000432d00000,0x0000000432e00000)]
  0x000001747fc85800 JavaThread "Service Thread" daemon [_thread_blocked, id=9928, stack(0x0000000432e00000,0x0000000432f00000)]
  0x000001747fc94800 JavaThread "Common-Cleaner" daemon [_thread_blocked, id=1948, stack(0x0000000433000000,0x0000000433100000)]
=>0x000001741162e000 JavaThread "C2 CompilerThread1" daemon [_thread_in_native, id=1864, stack(0x0000000433100000,0x0000000433200000)]
  0x00000174119c0000 JavaThread "Thread-0" [_thread_blocked, id=11548, stack(0x0000000433500000,0x0000000433600000)]
  0x00000174119c1000 JavaThread "restartedMain" [_thread_in_vm, id=2148, stack(0x0000000433600000,0x0000000433700000)]
  0x0000017411a20000 JavaThread "background-preinit" [_thread_in_Java, id=12500, stack(0x0000000433700000,0x0000000433800000)]

Other Threads:
  0x000001747f14c800 VMThread "VM Thread" [stack: 0x0000000432600000,0x0000000432700000] [id=7320]
  0x000001747fc8e000 WatcherThread [stack: 0x0000000432f00000,0x0000000433000000] [id=6996]
  0x0000017471e1c000 GCTaskThread "GC Thread#0" [stack: 0x0000000432100000,0x0000000432200000] [id=9864]
  0x0000017411b27800 GCTaskThread "GC Thread#1" [stack: 0x0000000433200000,0x0000000433300000] [id=13020]
  0x00000174115cb000 GCTaskThread "GC Thread#2" [stack: 0x0000000433300000,0x0000000433400000] [id=5928]
  0x00000174123cc800 GCTaskThread "GC Thread#3" [stack: 0x0000000433800000,0x0000000433900000] [id=14688]
  0x0000017471e4a800 ConcurrentGCThread "G1 Main Marker" [stack: 0x0000000432200000,0x0000000432300000] [id=32]
  0x0000017471e4c000 ConcurrentGCThread "G1 Conc#0" [stack: 0x0000000432300000,0x0000000432400000] [id=9724]
  0x0000017471ecd800 ConcurrentGCThread "G1 Refine#0" [stack: 0x0000000432400000,0x0000000432500000] [id=5648]
  0x00000174117bd000 ConcurrentGCThread "G1 Refine#1" [stack: 0x0000000433400000,0x0000000433500000] [id=15320]
  0x0000017471ece800 ConcurrentGCThread "G1 Young RemSet Sampling" [stack: 0x0000000432500000,0x0000000432600000] [id=4280]

Threads with active compile tasks:
C2 CompilerThread0   1740 1935   !   4       jdk.internal.loader.BuiltinClassLoader::loadClassOrNull (143 bytes)
C1 CompilerThread0   1740 2139       3       jdk.internal.reflect.ClassFileAssembler::emitConstantPoolNameAndType (28 bytes)
C2 CompilerThread1   1740 2061       4       java.nio.ByteBuffer::<init> (45 bytes)

VM state:not at safepoint (normal execution)

VM Mutex/Monitor currently owned by a thread: None

Heap address: 0x0000000083c00000, size: 1988 MB, Compressed Oops mode: 32-bit
Narrow klass base: 0x0000000000000000, Narrow klass shift: 3
Compressed class space size: 1073741824 Address: 0x0000000100000000

Heap:
 garbage-first heap   total 129024K, used 44727K [0x0000000083c00000, 0x0000000100000000)
  region size 1024K, 41 young (41984K), 5 survivors (5120K)
 Metaspace       used 27643K, capacity 28267K, committed 28540K, reserved 1075200K
  class space    used 3191K, capacity 3416K, committed 3452K, reserved 1048576K
Heap Regions: E=young(eden), S=young(survivor), O=old, HS=humongous(starts), HC=humongous(continues), CS=collection set, F=free, A=archive, TAMS=top-at-mark-start (previous, next)
|   0|0x0000000083c00000, 0x0000000083d00000, 0x0000000083d00000|100%|HS|  |TAMS 0x0000000083d00000, 0x0000000083c00000| Complete 
|   1|0x0000000083d00000, 0x0000000083e00000, 0x0000000083e00000|100%| O|  |TAMS 0x0000000083e00000, 0x0000000083d00000| Untracked 
|   2|0x0000000083e00000, 0x0000000083f00000, 0x0000000083f00000|100%| O|  |TAMS 0x0000000083f00000, 0x0000000083e00000| Untracked 
|   3|0x0000000083f00000, 0x0000000084000000, 0x0000000084000000|100%| O|  |TAMS 0x0000000084000000, 0x0000000083f00000| Untracked 
|   4|0x0000000084000000, 0x0000000084014200, 0x0000000084100000|  7%| O|  |TAMS 0x0000000084014200, 0x0000000084000000| Untracked 
|   5|0x0000000084100000, 0x0000000084100000, 0x0000000084200000|  0%| F|  |TAMS 0x0000000084100000, 0x0000000084100000| Untracked 
|   6|0x0000000084200000, 0x0000000084200000, 0x0000000084300000|  0%| F|  |TAMS 0x0000000084200000, 0x0000000084200000| Untracked 
|   7|0x0000000084300000, 0x0000000084300000, 0x0000000084400000|  0%| F|  |TAMS 0x0000000084300000, 0x0000000084300000| Untracked 
|   8|0x0000000084400000, 0x0000000084400000, 0x0000000084500000|  0%| F|  |TAMS 0x0000000084400000, 0x0000000084400000| Untracked 
|   9|0x0000000084500000, 0x0000000084500000, 0x0000000084600000|  0%| F|  |TAMS 0x0000000084500000, 0x0000000084500000| Untracked 
|  10|0x0000000084600000, 0x0000000084600000, 0x0000000084700000|  0%| F|  |TAMS 0x0000000084600000, 0x0000000084600000| Untracked 
|  11|0x0000000084700000, 0x0000000084700000, 0x0000000084800000|  0%| F|  |TAMS 0x0000000084700000, 0x0000000084700000| Untracked 
|  12|0x0000000084800000, 0x0000000084800000, 0x0000000084900000|  0%| F|  |TAMS 0x0000000084800000, 0x0000000084800000| Untracked 
|  13|0x0000000084900000, 0x0000000084900000, 0x0000000084a00000|  0%| F|  |TAMS 0x0000000084900000, 0x0000000084900000| Untracked 
|  14|0x0000000084a00000, 0x0000000084a00000, 0x0000000084b00000|  0%| F|  |TAMS 0x0000000084a00000, 0x0000000084a00000| Untracked 
|  15|0x0000000084b00000, 0x0000000084b00000, 0x0000000084c00000|  0%| F|  |TAMS 0x0000000084b00000, 0x0000000084b00000| Untracked 
|  16|0x0000000084c00000, 0x0000000084c00000, 0x0000000084d00000|  0%| F|  |TAMS 0x0000000084c00000, 0x0000000084c00000| Untracked 
|  17|0x0000000084d00000, 0x0000000084d00000, 0x0000000084e00000|  0%| F|  |TAMS 0x0000000084d00000, 0x0000000084d00000| Untracked 
|  18|0x0000000084e00000, 0x0000000084e00000, 0x0000000084f00000|  0%| F|  |TAMS 0x0000000084e00000, 0x0000000084e00000| Untracked 
|  19|0x0000000084f00000, 0x0000000084f00000, 0x0000000085000000|  0%| F|  |TAMS 0x0000000084f00000, 0x0000000084f00000| Untracked 
|  20|0x0000000085000000, 0x0000000085000000, 0x0000000085100000|  0%| F|  |TAMS 0x0000000085000000, 0x0000000085000000| Untracked 
|  21|0x0000000085100000, 0x0000000085100000, 0x0000000085200000|  0%| F|  |TAMS 0x0000000085100000, 0x0000000085100000| Untracked 
|  22|0x0000000085200000, 0x0000000085200000, 0x0000000085300000|  0%| F|  |TAMS 0x0000000085200000, 0x0000000085200000| Untracked 
|  23|0x0000000085300000, 0x0000000085300000, 0x0000000085400000|  0%| F|  |TAMS 0x0000000085300000, 0x0000000085300000| Untracked 
|  24|0x0000000085400000, 0x0000000085400000, 0x0000000085500000|  0%| F|  |TAMS 0x0000000085400000, 0x0000000085400000| Untracked 
|  25|0x0000000085500000, 0x0000000085500000, 0x0000000085600000|  0%| F|  |TAMS 0x0000000085500000, 0x0000000085500000| Untracked 
|  26|0x0000000085600000, 0x0000000085600000, 0x0000000085700000|  0%| F|  |TAMS 0x0000000085600000, 0x0000000085600000| Untracked 
|  27|0x0000000085700000, 0x0000000085700000, 0x0000000085800000|  0%| F|  |TAMS 0x0000000085700000, 0x0000000085700000| Untracked 
|  28|0x0000000085800000, 0x0000000085800000, 0x0000000085900000|  0%| F|  |TAMS 0x0000000085800000, 0x0000000085800000| Untracked 
|  29|0x0000000085900000, 0x0000000085900000, 0x0000000085a00000|  0%| F|  |TAMS 0x0000000085900000, 0x0000000085900000| Untracked 
|  30|0x0000000085a00000, 0x0000000085a00000, 0x0000000085b00000|  0%| F|  |TAMS 0x0000000085a00000, 0x0000000085a00000| Untracked 
|  31|0x0000000085b00000, 0x0000000085b00000, 0x0000000085c00000|  0%| F|  |TAMS 0x0000000085b00000, 0x0000000085b00000| Untracked 
|  32|0x0000000085c00000, 0x0000000085c00000, 0x0000000085d00000|  0%| F|  |TAMS 0x0000000085c00000, 0x0000000085c00000| Untracked 
|  33|0x0000000085d00000, 0x0000000085d00000, 0x0000000085e00000|  0%| F|  |TAMS 0x0000000085d00000, 0x0000000085d00000| Untracked 
|  34|0x0000000085e00000, 0x0000000085e00000, 0x0000000085f00000|  0%| F|  |TAMS 0x0000000085e00000, 0x0000000085e00000| Untracked 
|  35|0x0000000085f00000, 0x0000000085f00000, 0x0000000086000000|  0%| F|  |TAMS 0x0000000085f00000, 0x0000000085f00000| Untracked 
|  36|0x0000000086000000, 0x0000000086000000, 0x0000000086100000|  0%| F|  |TAMS 0x0000000086000000, 0x0000000086000000| Untracked 
|  37|0x0000000086100000, 0x0000000086100000, 0x0000000086200000|  0%| F|  |TAMS 0x0000000086100000, 0x0000000086100000| Untracked 
|  38|0x0000000086200000, 0x0000000086200000, 0x0000000086300000|  0%| F|  |TAMS 0x0000000086200000, 0x0000000086200000| Untracked 
|  39|0x0000000086300000, 0x0000000086300000, 0x0000000086400000|  0%| F|  |TAMS 0x0000000086300000, 0x0000000086300000| Untracked 
|  40|0x0000000086400000, 0x0000000086400000, 0x0000000086500000|  0%| F|  |TAMS 0x0000000086400000, 0x0000000086400000| Untracked 
|  41|0x0000000086500000, 0x0000000086500000, 0x0000000086600000|  0%| F|  |TAMS 0x0000000086500000, 0x0000000086500000| Untracked 
|  42|0x0000000086600000, 0x0000000086600000, 0x0000000086700000|  0%| F|  |TAMS 0x0000000086600000, 0x0000000086600000| Untracked 
|  43|0x0000000086700000, 0x0000000086700000, 0x0000000086800000|  0%| F|  |TAMS 0x0000000086700000, 0x0000000086700000| Untracked 
|  44|0x0000000086800000, 0x0000000086800000, 0x0000000086900000|  0%| F|  |TAMS 0x0000000086800000, 0x0000000086800000| Untracked 
|  45|0x0000000086900000, 0x0000000086900000, 0x0000000086a00000|  0%| F|  |TAMS 0x0000000086900000, 0x0000000086900000| Untracked 
|  46|0x0000000086a00000, 0x0000000086a00000, 0x0000000086b00000|  0%| F|  |TAMS 0x0000000086a00000, 0x0000000086a00000| Untracked 
|  47|0x0000000086b00000, 0x0000000086b00000, 0x0000000086c00000|  0%| F|  |TAMS 0x0000000086b00000, 0x0000000086b00000| Untracked 
|  48|0x0000000086c00000, 0x0000000086c00000, 0x0000000086d00000|  0%| F|  |TAMS 0x0000000086c00000, 0x0000000086c00000| Untracked 
|  49|0x0000000086d00000, 0x0000000086d00000, 0x0000000086e00000|  0%| F|  |TAMS 0x0000000086d00000, 0x0000000086d00000| Untracked 
|  50|0x0000000086e00000, 0x0000000086e00000, 0x0000000086f00000|  0%| F|  |TAMS 0x0000000086e00000, 0x0000000086e00000| Untracked 
|  51|0x0000000086f00000, 0x0000000086f00000, 0x0000000087000000|  0%| F|  |TAMS 0x0000000086f00000, 0x0000000086f00000| Untracked 
|  52|0x0000000087000000, 0x0000000087000000, 0x0000000087100000|  0%| F|  |TAMS 0x0000000087000000, 0x0000000087000000| Untracked 
|  53|0x0000000087100000, 0x0000000087100000, 0x0000000087200000|  0%| F|  |TAMS 0x0000000087100000, 0x0000000087100000| Untracked 
|  54|0x0000000087200000, 0x0000000087200000, 0x0000000087300000|  0%| F|  |TAMS 0x0000000087200000, 0x0000000087200000| Untracked 
|  55|0x0000000087300000, 0x0000000087300000, 0x0000000087400000|  0%| F|  |TAMS 0x0000000087300000, 0x0000000087300000| Untracked 
|  56|0x0000000087400000, 0x0000000087400000, 0x0000000087500000|  0%| F|  |TAMS 0x0000000087400000, 0x0000000087400000| Untracked 
|  57|0x0000000087500000, 0x0000000087500000, 0x0000000087600000|  0%| F|  |TAMS 0x0000000087500000, 0x0000000087500000| Untracked 
|  58|0x0000000087600000, 0x0000000087600000, 0x0000000087700000|  0%| F|  |TAMS 0x0000000087600000, 0x0000000087600000| Untracked 
|  59|0x0000000087700000, 0x0000000087700000, 0x0000000087800000|  0%| F|  |TAMS 0x0000000087700000, 0x0000000087700000| Untracked 
|  60|0x0000000087800000, 0x0000000087800000, 0x0000000087900000|  0%| F|  |TAMS 0x0000000087800000, 0x0000000087800000| Untracked 
|  61|0x0000000087900000, 0x0000000087900000, 0x0000000087a00000|  0%| F|  |TAMS 0x0000000087900000, 0x0000000087900000| Untracked 
|  62|0x0000000087a00000, 0x0000000087a00000, 0x0000000087b00000|  0%| F|  |TAMS 0x0000000087a00000, 0x0000000087a00000| Untracked 
|  63|0x0000000087b00000, 0x0000000087b00000, 0x0000000087c00000|  0%| F|  |TAMS 0x0000000087b00000, 0x0000000087b00000| Untracked 
|  64|0x0000000087c00000, 0x0000000087c00000, 0x0000000087d00000|  0%| F|  |TAMS 0x0000000087c00000, 0x0000000087c00000| Untracked 
|  65|0x0000000087d00000, 0x0000000087d00000, 0x0000000087e00000|  0%| F|  |TAMS 0x0000000087d00000, 0x0000000087d00000| Untracked 
|  66|0x0000000087e00000, 0x0000000087e00000, 0x0000000087f00000|  0%| F|  |TAMS 0x0000000087e00000, 0x0000000087e00000| Untracked 
|  67|0x0000000087f00000, 0x0000000087f00000, 0x0000000088000000|  0%| F|  |TAMS 0x0000000087f00000, 0x0000000087f00000| Untracked 
|  68|0x0000000088000000, 0x0000000088000000, 0x0000000088100000|  0%| F|  |TAMS 0x0000000088000000, 0x0000000088000000| Untracked 
|  69|0x0000000088100000, 0x0000000088100000, 0x0000000088200000|  0%| F|  |TAMS 0x0000000088100000, 0x0000000088100000| Untracked 
|  70|0x0000000088200000, 0x0000000088200000, 0x0000000088300000|  0%| F|  |TAMS 0x0000000088200000, 0x0000000088200000| Untracked 
|  71|0x0000000088300000, 0x0000000088300000, 0x0000000088400000|  0%| F|  |TAMS 0x0000000088300000, 0x0000000088300000| Untracked 
|  72|0x0000000088400000, 0x0000000088400000, 0x0000000088500000|  0%| F|  |TAMS 0x0000000088400000, 0x0000000088400000| Untracked 
|  73|0x0000000088500000, 0x0000000088500000, 0x0000000088600000|  0%| F|  |TAMS 0x0000000088500000, 0x0000000088500000| Untracked 
|  74|0x0000000088600000, 0x0000000088600000, 0x0000000088700000|  0%| F|  |TAMS 0x0000000088600000, 0x0000000088600000| Untracked 
|  75|0x0000000088700000, 0x0000000088700000, 0x0000000088800000|  0%| F|  |TAMS 0x0000000088700000, 0x0000000088700000| Untracked 
|  76|0x0000000088800000, 0x0000000088800000, 0x0000000088900000|  0%| F|  |TAMS 0x0000000088800000, 0x0000000088800000| Untracked 
|  77|0x0000000088900000, 0x0000000088900000, 0x0000000088a00000|  0%| F|  |TAMS 0x0000000088900000, 0x0000000088900000| Untracked 
|  78|0x0000000088a00000, 0x0000000088a00000, 0x0000000088b00000|  0%| F|  |TAMS 0x0000000088a00000, 0x0000000088a00000| Untracked 
|  79|0x0000000088b00000, 0x0000000088b00000, 0x0000000088c00000|  0%| F|  |TAMS 0x0000000088b00000, 0x0000000088b00000| Untracked 
|  80|0x0000000088c00000, 0x0000000088c00000, 0x0000000088d00000|  0%| F|  |TAMS 0x0000000088c00000, 0x0000000088c00000| Untracked 
|  81|0x0000000088d00000, 0x0000000088d00000, 0x0000000088e00000|  0%| F|  |TAMS 0x0000000088d00000, 0x0000000088d00000| Untracked 
|  82|0x0000000088e00000, 0x0000000088e00000, 0x0000000088f00000|  0%| F|  |TAMS 0x0000000088e00000, 0x0000000088e00000| Untracked 
|  83|0x0000000088f00000, 0x0000000088f00000, 0x0000000089000000|  0%| F|  |TAMS 0x0000000088f00000, 0x0000000088f00000| Untracked 
|  84|0x0000000089000000, 0x0000000089000000, 0x0000000089100000|  0%| F|  |TAMS 0x0000000089000000, 0x0000000089000000| Untracked 
|  85|0x0000000089100000, 0x0000000089200000, 0x0000000089200000|100%| E|  |TAMS 0x0000000089100000, 0x0000000089100000| Complete 
|  86|0x0000000089200000, 0x0000000089300000, 0x0000000089300000|100%| E|CS|TAMS 0x0000000089200000, 0x0000000089200000| Complete 
|  87|0x0000000089300000, 0x0000000089400000, 0x0000000089400000|100%| E|CS|TAMS 0x0000000089300000, 0x0000000089300000| Complete 
|  88|0x0000000089400000, 0x0000000089500000, 0x0000000089500000|100%| E|CS|TAMS 0x0000000089400000, 0x0000000089400000| Complete 
|  89|0x0000000089500000, 0x0000000089600000, 0x0000000089600000|100%| E|CS|TAMS 0x0000000089500000, 0x0000000089500000| Complete 
|  90|0x0000000089600000, 0x0000000089700000, 0x0000000089700000|100%| E|CS|TAMS 0x0000000089600000, 0x0000000089600000| Complete 
|  91|0x0000000089700000, 0x0000000089800000, 0x0000000089800000|100%| E|CS|TAMS 0x0000000089700000, 0x0000000089700000| Complete 
|  92|0x0000000089800000, 0x0000000089900000, 0x0000000089900000|100%| E|CS|TAMS 0x0000000089800000, 0x0000000089800000| Complete 
|  93|0x0000000089900000, 0x0000000089a00000, 0x0000000089a00000|100%| E|CS|TAMS 0x0000000089900000, 0x0000000089900000| Complete 
|  94|0x0000000089a00000, 0x0000000089b00000, 0x0000000089b00000|100%| E|CS|TAMS 0x0000000089a00000, 0x0000000089a00000| Complete 
|  95|0x0000000089b00000, 0x0000000089c00000, 0x0000000089c00000|100%| E|CS|TAMS 0x0000000089b00000, 0x0000000089b00000| Complete 
|  96|0x0000000089c00000, 0x0000000089d00000, 0x0000000089d00000|100%| E|CS|TAMS 0x0000000089c00000, 0x0000000089c00000| Complete 
|  97|0x0000000089d00000, 0x0000000089e00000, 0x0000000089e00000|100%| E|CS|TAMS 0x0000000089d00000, 0x0000000089d00000| Complete 
|  98|0x0000000089e00000, 0x0000000089f00000, 0x0000000089f00000|100%| E|CS|TAMS 0x0000000089e00000, 0x0000000089e00000| Complete 
|  99|0x0000000089f00000, 0x000000008a000000, 0x000000008a000000|100%| E|CS|TAMS 0x0000000089f00000, 0x0000000089f00000| Complete 
| 100|0x000000008a000000, 0x000000008a100000, 0x000000008a100000|100%| E|CS|TAMS 0x000000008a000000, 0x000000008a000000| Complete 
| 101|0x000000008a100000, 0x000000008a200000, 0x000000008a200000|100%| E|CS|TAMS 0x000000008a100000, 0x000000008a100000| Complete 
| 102|0x000000008a200000, 0x000000008a300000, 0x000000008a300000|100%| E|CS|TAMS 0x000000008a200000, 0x000000008a200000| Complete 
| 103|0x000000008a300000, 0x000000008a400000, 0x000000008a400000|100%| E|CS|TAMS 0x000000008a300000, 0x000000008a300000| Complete 
| 104|0x000000008a400000, 0x000000008a500000, 0x000000008a500000|100%| E|CS|TAMS 0x000000008a400000, 0x000000008a400000| Complete 
| 105|0x000000008a500000, 0x000000008a600000, 0x000000008a600000|100%| E|CS|TAMS 0x000000008a500000, 0x000000008a500000| Complete 
| 106|0x000000008a600000, 0x000000008a700000, 0x000000008a700000|100%| E|CS|TAMS 0x000000008a600000, 0x000000008a600000| Complete 
| 107|0x000000008a700000, 0x000000008a800000, 0x000000008a800000|100%| E|CS|TAMS 0x000000008a700000, 0x000000008a700000| Complete 
| 108|0x000000008a800000, 0x000000008a899b60, 0x000000008a900000| 60%| S|CS|TAMS 0x000000008a800000, 0x000000008a800000| Complete 
| 109|0x000000008a900000, 0x000000008aa00000, 0x000000008aa00000|100%| S|CS|TAMS 0x000000008a900000, 0x000000008a900000| Complete 
| 110|0x000000008aa00000, 0x000000008ab00000, 0x000000008ab00000|100%| S|CS|TAMS 0x000000008aa00000, 0x000000008aa00000| Complete 
| 111|0x000000008ab00000, 0x000000008ac00000, 0x000000008ac00000|100%| S|CS|TAMS 0x000000008ab00000, 0x000000008ab00000| Complete 
| 112|0x000000008ac00000, 0x000000008ad00000, 0x000000008ad00000|100%| S|CS|TAMS 0x000000008ac00000, 0x000000008ac00000| Complete 
| 113|0x000000008ad00000, 0x000000008ae00000, 0x000000008ae00000|100%| E|CS|TAMS 0x000000008ad00000, 0x000000008ad00000| Complete 
| 114|0x000000008ae00000, 0x000000008af00000, 0x000000008af00000|100%| E|CS|TAMS 0x000000008ae00000, 0x000000008ae00000| Complete 
| 115|0x000000008af00000, 0x000000008b000000, 0x000000008b000000|100%| E|CS|TAMS 0x000000008af00000, 0x000000008af00000| Complete 
| 116|0x000000008b000000, 0x000000008b100000, 0x000000008b100000|100%| E|CS|TAMS 0x000000008b000000, 0x000000008b000000| Complete 
| 117|0x000000008b100000, 0x000000008b200000, 0x000000008b200000|100%| E|CS|TAMS 0x000000008b100000, 0x000000008b100000| Complete 
| 118|0x000000008b200000, 0x000000008b300000, 0x000000008b300000|100%| E|CS|TAMS 0x000000008b200000, 0x000000008b200000| Complete 
| 119|0x000000008b300000, 0x000000008b400000, 0x000000008b400000|100%| E|CS|TAMS 0x000000008b300000, 0x000000008b300000| Complete 
| 120|0x000000008b400000, 0x000000008b500000, 0x000000008b500000|100%| E|CS|TAMS 0x000000008b400000, 0x000000008b400000| Complete 
| 121|0x000000008b500000, 0x000000008b600000, 0x000000008b600000|100%| E|CS|TAMS 0x000000008b500000, 0x000000008b500000| Complete 
| 122|0x000000008b600000, 0x000000008b700000, 0x000000008b700000|100%| E|CS|TAMS 0x000000008b600000, 0x000000008b600000| Complete 
| 123|0x000000008b700000, 0x000000008b800000, 0x000000008b800000|100%| E|CS|TAMS 0x000000008b700000, 0x000000008b700000| Complete 
| 124|0x000000008b800000, 0x000000008b900000, 0x000000008b900000|100%| E|CS|TAMS 0x000000008b800000, 0x000000008b800000| Complete 
| 125|0x000000008b900000, 0x000000008ba00000, 0x000000008ba00000|100%| E|CS|TAMS 0x000000008b900000, 0x000000008b900000| Complete 

Card table byte_map: [0x000001747a670000,0x000001747aa60000] _byte_map_base: 0x000001747a252000

Marking Bits (Prev, Next): (CMBitMap*) 0x0000017471e42280, (CMBitMap*) 0x0000017471e42248
 Prev Bits: [0x000001747cd60000, 0x000001747ec70000)
 Next Bits: [0x000001747ae50000, 0x000001747cd60000)

Polling page: 0x000001746ff80000

Metaspace:

Usage:
  Non-class:     24.28 MB capacity,    23.90 MB ( 98%) used,   326.63 KB (  1%) free+waste,    62.63 KB ( <1%) overhead. 
      Class:      3.34 MB capacity,     3.12 MB ( 93%) used,   195.48 KB (  6%) free+waste,    30.00 KB ( <1%) overhead. 
       Both:     27.62 MB capacity,    27.02 MB ( 98%) used,   522.11 KB (  2%) free+waste,    92.63 KB ( <1%) overhead. 

Virtual space:
  Non-class space:       26.00 MB reserved,      24.50 MB ( 94%) committed 
      Class space:        1.00 GB reserved,       3.37 MB ( <1%) committed 
             Both:        1.03 GB reserved,      27.87 MB (  3%) committed 

Chunk freelists:
   Non-Class:  384 bytes
       Class:  768 bytes
        Both:  1.13 KB

CodeHeap 'non-profiled nmethods': size=120064Kb used=886Kb max_used=886Kb free=119177Kb
 bounds [0x0000017407ac0000, 0x0000017407d30000, 0x000001740f000000]
CodeHeap 'profiled nmethods': size=120000Kb used=4333Kb max_used=4333Kb free=115666Kb
 bounds [0x0000017400590000, 0x00000174009d0000, 0x0000017407ac0000]
CodeHeap 'non-nmethods': size=5696Kb used=1136Kb max_used=1155Kb free=4559Kb
 bounds [0x0000017400000000, 0x0000017400270000, 0x0000017400590000]
 total_blobs=2582 nmethods=2134 adapters=359
 compilation: enabled
              stopped_count=0, restarted_count=0
 full_count=0

Compilation events (10 events):
Event: 1.695 Thread 0x000001747f191800 nmethod 2072 0x0000017400983c10 code [0x0000017400983e20, 0x00000174009843b8]
Event: 1.695 Thread 0x000001747f191800 2076       3       java.lang.Throwable::<init> (39 bytes)
Event: 1.695 Thread 0x000001747f191800 nmethod 2076 0x0000017400984590 code [0x0000017400984760, 0x0000017400984b88]
Event: 1.695 Thread 0x000001747f191800 2068       3       org.apache.tomcat.util.digester.Rule::body (1 bytes)
Event: 1.695 Thread 0x000001747f191800 nmethod 2068 0x0000017400984c90 code [0x0000017400984e20, 0x0000017400984f18]
Event: 1.695 Thread 0x000001747f191800 2075       1       java.net.URLConnection::getUseCaches (5 bytes)
Event: 1.696 Thread 0x000001747f191800 nmethod 2075 0x0000017407b9c090 code [0x0000017407b9c220, 0x0000017407b9c2d8]
Event: 1.696 Thread 0x000001747f191800 2077       3       java.lang.Character::isLetter (5 bytes)
Event: 1.696 Thread 0x000001747f191800 nmethod 2077 0x0000017400984f90 code [0x0000017400985160, 0x0000017400985458]
Event: 1.696 Thread 0x000001747f191800 2080   !   3       org.apache.tomcat.util.IntrospectionUtils::setProperty (736 bytes)

GC Heap History (8 events):
Event: 0.534 GC heap before
{Heap before GC invocations=0 (full 0):
 garbage-first heap   total 129024K, used 14336K [0x0000000083c00000, 0x0000000100000000)
  region size 1024K, 14 young (14336K), 0 survivors (0K)
 Metaspace       used 9339K, capacity 9471K, committed 9728K, reserved 1058816K
  class space    used 857K, capacity 900K, committed 1024K, reserved 1048576K
}
Event: 0.537 GC heap after
{Heap after GC invocations=1 (full 0):
 garbage-first heap   total 129024K, used 6224K [0x0000000083c00000, 0x0000000100000000)
  region size 1024K, 2 young (2048K), 2 survivors (2048K)
 Metaspace       used 9339K, capacity 9471K, committed 9728K, reserved 1058816K
  class space    used 857K, capacity 900K, committed 1024K, reserved 1048576K
}
Event: 0.664 GC heap before
{Heap before GC invocations=1 (full 0):
 garbage-first heap   total 129024K, used 45136K [0x0000000083c00000, 0x0000000100000000)
  region size 1024K, 41 young (41984K), 2 survivors (2048K)
 Metaspace       used 10489K, capacity 10638K, committed 10880K, reserved 1058816K
  class space    used 997K, capacity 1056K, committed 1152K, reserved 1048576K
}
Event: 0.666 GC heap after
{Heap after GC invocations=2 (full 0):
 garbage-first heap   total 129024K, used 6542K [0x0000000083c00000, 0x0000000100000000)
  region size 1024K, 3 young (3072K), 3 survivors (3072K)
 Metaspace       used 10489K, capacity 10638K, committed 10880K, reserved 1058816K
  class space    used 997K, capacity 1056K, committed 1152K, reserved 1048576K
}
Event: 1.150 GC heap before
{Heap before GC invocations=2 (full 0):
 garbage-first heap   total 129024K, used 50574K [0x0000000083c00000, 0x0000000100000000)
  region size 1024K, 46 young (47104K), 3 survivors (3072K)
 Metaspace       used 18566K, capacity 18882K, committed 19200K, reserved 1067008K
  class space    used 2098K, capacity 2214K, committed 2304K, reserved 1048576K
}
Event: 1.156 GC heap after
{Heap after GC invocations=3 (full 0):
 garbage-first heap   total 129024K, used 8314K [0x0000000083c00000, 0x0000000100000000)
  region size 1024K, 5 young (5120K), 5 survivors (5120K)
 Metaspace       used 18566K, capacity 18882K, committed 19200K, reserved 1067008K
  class space    used 2098K, capacity 2214K, committed 2304K, reserved 1048576K
}
Event: 1.324 GC heap before
{Heap before GC invocations=3 (full 0):
 garbage-first heap   total 129024K, used 20602K [0x0000000083c00000, 0x0000000100000000)
  region size 1024K, 18 young (18432K), 5 survivors (5120K)
 Metaspace       used 20847K, capacity 21227K, committed 21248K, reserved 1069056K
  class space    used 2398K, capacity 2555K, committed 2560K, reserved 1048576K
}
Event: 1.329 GC heap after
{Heap after GC invocations=4 (full 0):
 garbage-first heap   total 129024K, used 8887K [0x0000000083c00000, 0x0000000100000000)
  region size 1024K, 5 young (5120K), 5 survivors (5120K)
 Metaspace       used 20847K, capacity 21227K, committed 21248K, reserved 1069056K
  class space    used 2398K, capacity 2555K, committed 2560K, reserved 1048576K
}

Deoptimization events (10 events):
Event: 1.081 Thread 0x0000017411a20000 Uncommon trap: reason=unstable_if action=reinterpret pc=0x0000017407b0be80 method=java.util.HashMap.getNode(ILjava/lang/Object;)Ljava/util/HashMap$Node; @ 129 c2
Event: 1.122 Thread 0x00000174119c1000 Uncommon trap: reason=unstable_if action=reinterpret pc=0x0000017407b2ff64 method=java.util.concurrent.ConcurrentHashMap.addCount(JI)V @ 168 c2
Event: 1.202 Thread 0x0000017411a20000 Uncommon trap: reason=unstable_if action=reinterpret pc=0x0000017407b1858c method=java.util.concurrent.ConcurrentHashMap.get(Ljava/lang/Object;)Ljava/lang/Object; @ 76 c2
Event: 1.426 Thread 0x00000174119c1000 Uncommon trap: reason=unstable_if action=reinterpret pc=0x0000017407ad8114 method=java.util.zip.ZipFile$Source.getEntryPos([BZ)I @ 156 c2
Event: 1.510 Thread 0x0000017411a20000 Uncommon trap: reason=unstable_if action=reinterpret pc=0x0000017407b4d944 method=java.nio.Buffer.limit(I)Ljava/nio/Buffer; @ 42 c2
Event: 1.548 Thread 0x0000017411a20000 Uncommon trap: reason=unstable_if action=reinterpret pc=0x0000017407b2c260 method=jdk.internal.org.objectweb.asm.Type.getArgumentsAndReturnSizes(Ljava/lang/String;)I @ 47 c2
Event: 1.548 Thread 0x0000017411a20000 Uncommon trap: reason=unstable_if action=reinterpret pc=0x0000017407b74178 method=jdk.internal.org.objectweb.asm.Frame.push(Ljdk/internal/org/objectweb/asm/ClassWriter;Ljava/lang/String;)V @ 18 c2
Event: 1.582 Thread 0x0000017411a20000 Uncommon trap: reason=unstable_if action=reinterpret pc=0x0000017407b49fbc method=java.nio.Buffer.position(I)Ljava/nio/Buffer; @ 37 c2
Event: 1.584 Thread 0x0000017411a20000 Uncommon trap: reason=unstable_if action=reinterpret pc=0x0000017407b8b21c method=java.util.LinkedHashMap.get(Ljava/lang/Object;)Ljava/lang/Object; @ 20 c2
Event: 1.588 Thread 0x0000017411a20000 Uncommon trap: reason=unstable_if action=reinterpret pc=0x0000017407b33fbc method=java.nio.Buffer.position(I)Ljava/nio/Buffer; @ 37 c2

Classes redefined (0 events):
No events

Internal exceptions (10 events):
Event: 1.393 Thread 0x00000174119c1000 Exception <a 'java/lang/ClassNotFoundException'{0x000000008b3fdce0}: org/springframework/beans/factory/AwareCustomizer> (0x000000008b3fdce0) thrown at [./open/src/hotspot/share/classfile/systemDictionary.cpp, line 228]
Event: 1.394 Thread 0x00000174119c1000 Exception <a 'java/lang/ClassNotFoundException'{0x000000008b28ad48}: org/springframework/context/EnvironmentAwareCustomizer> (0x000000008b28ad48) thrown at [./open/src/hotspot/share/classfile/systemDictionary.cpp, line 228]
Event: 1.394 Thread 0x00000174119c1000 Exception <a 'java/lang/ClassNotFoundException'{0x000000008b297798}: org/springframework/beans/factory/AwareCustomizer> (0x000000008b297798) thrown at [./open/src/hotspot/share/classfile/systemDictionary.cpp, line 228]
Event: 1.548 Thread 0x0000017411a20000 Exception <a 'java/lang/NoSuchMethodError'{0x0000000089ff3188}: java.lang.invoke.DirectMethodHandle$Holder.invokeSpecial(Ljava/lang/Object;Ljava/lang/Object;)J> (0x0000000089ff3188) thrown at [./open/src/hotspot/share/interpreter/linkResolver.cpp, line 77
Event: 1.551 Thread 0x0000017411a20000 Exception <a 'java/lang/NoSuchMethodError'{0x0000000089ffd910}: java.lang.invoke.DirectMethodHandle$Holder.invokeStatic(Ljava/lang/Object;Ljava/lang/Object;)J> (0x0000000089ffd910) thrown at [./open/src/hotspot/share/interpreter/linkResolver.cpp, line 772
Event: 1.551 Thread 0x0000017411a20000 Exception <a 'java/lang/NoSuchMethodError'{0x0000000089ef89e8}: java.lang.invoke.DirectMethodHandle$Holder.invokeStaticInit(Ljava/lang/Object;Ljava/lang/Object;)J> (0x0000000089ef89e8) thrown at [./open/src/hotspot/share/interpreter/linkResolver.cpp, line
Event: 1.553 Thread 0x0000017411a20000 Exception <a 'java/lang/NoSuchMethodError'{0x0000000089d05488}: java.lang.invoke.DirectMethodHandle$Holder.invokeInterface(Ljava/lang/Object;Ljava/lang/Object;)J> (0x0000000089d05488) thrown at [./open/src/hotspot/share/interpreter/linkResolver.cpp, line 
Event: 1.553 Thread 0x0000017411a20000 Exception <a 'java/lang/IncompatibleClassChangeError'{0x0000000089d08220}: Found class java.lang.Object, but interface was expected> (0x0000000089d08220) thrown at [./open/src/hotspot/share/interpreter/linkResolver.cpp, line 838]
Event: 1.566 Thread 0x0000017411a20000 Exception <a 'java/lang/NoSuchMethodError'{0x0000000089c29a18}: java.lang.invoke.DirectMethodHandle$Holder.invokeVirtual(Ljava/lang/Object;Ljava/lang/Object;Ljava/lang/Object;Ljava/lang/Object;)Ljava/lang/Object;> (0x0000000089c29a18) thrown at [./open/sr
Event: 1.620 Thread 0x00000174119c1000 Exception <a 'java/lang/IncompatibleClassChangeError'{0x0000000089610c18}: Found class java.lang.Object, but interface was expected> (0x0000000089610c18) thrown at [./open/src/hotspot/share/interpreter/linkResolver.cpp, line 838]

Events (10 events):
Event: 1.686 loading class io/undertow/websockets/jsr/Bootstrap
Event: 1.686 loading class io/undertow/websockets/jsr/Bootstrap done
Event: 1.686 loading class org/eclipse/jetty/websocket/jsr356/server/deploy/WebSocketServerContainerInitializer
Event: 1.686 loading class org/eclipse/jetty/websocket/jsr356/server/deploy/WebSocketServerContainerInitializer done
Event: 1.687 loading class org/apache/catalina/startup/Tomcat
Event: 1.687 loading class org/apache/catalina/startup/Tomcat done
Event: 1.689 loading class org/apache/tomcat/websocket/server/WsSci
Event: 1.689 loading class org/apache/tomcat/websocket/server/WsSci done
Event: 1.689 loading class javax/servlet/ServletContainerInitializer
Event: 1.689 loading class javax/servlet/ServletContainerInitializer done


Dynamic libraries:
0x00007ff6e5f30000 - 0x00007ff6e5f3f000 	C:\Program Files\Java\jdk-11.0.10\bin\java.exe
0x00007ffe66b50000 - 0x00007ffe66d45000 	C:\WINDOWS\SYSTEM32\ntdll.dll
0x00007ffe65890000 - 0x00007ffe6594d000 	C:\WINDOWS\System32\KERNEL32.DLL
0x00007ffe64660000 - 0x00007ffe64928000 	C:\WINDOWS\System32\KERNELBASE.dll
0x00007ffe61800000 - 0x00007ffe61890000 	C:\WINDOWS\SYSTEM32\apphelp.dll
0x00007ffe644b0000 - 0x00007ffe645b0000 	C:\WINDOWS\System32\ucrtbase.dll
0x00007ffe5f740000 - 0x00007ffe5f758000 	C:\Program Files\Java\jdk-11.0.10\bin\jli.dll
0x00007ffe657e0000 - 0x00007ffe6588c000 	C:\WINDOWS\System32\ADVAPI32.dll
0x00007ffe5f720000 - 0x00007ffe5f735000 	C:\Program Files\Java\jdk-11.0.10\bin\VCRUNTIME140.dll
0x00007ffe65140000 - 0x00007ffe651de000 	C:\WINDOWS\System32\msvcrt.dll
0x00007ffe64f80000 - 0x00007ffe6501b000 	C:\WINDOWS\System32\sechost.dll
0x00007ffe669e0000 - 0x00007ffe66b0b000 	C:\WINDOWS\System32\RPCRT4.dll
0x00007ffe65640000 - 0x00007ffe657e0000 	C:\WINDOWS\System32\USER32.dll
0x00007ffe64450000 - 0x00007ffe64472000 	C:\WINDOWS\System32\win32u.dll
0x00007ffe64ce0000 - 0x00007ffe64d0a000 	C:\WINDOWS\System32\GDI32.dll
0x00007ffe64aa0000 - 0x00007ffe64bab000 	C:\WINDOWS\System32\gdi32full.dll
0x00007ffe649b0000 - 0x00007ffe64a4d000 	C:\WINDOWS\System32\msvcp_win.dll
0x00007ffe63790000 - 0x00007ffe63a2a000 	C:\WINDOWS\WinSxS\amd64_microsoft.windows.common-controls_6595b64144ccf1df_6.0.19041.844_none_ca00b6081b84eb1d\COMCTL32.dll
0x00007ffe60d50000 - 0x00007ffe60d5a000 	C:\WINDOWS\SYSTEM32\VERSION.dll
0x00007ffe64ec0000 - 0x00007ffe64ef0000 	C:\WINDOWS\System32\IMM32.DLL
0x00007ffe5c130000 - 0x00007ffe5c1cb000 	C:\Program Files\Java\jdk-11.0.10\bin\msvcp140.dll
0x00007ffdfad20000 - 0x00007ffdfb81b000 	C:\Program Files\Java\jdk-11.0.10\bin\server\jvm.dll
0x00007ffe65020000 - 0x00007ffe65028000 	C:\WINDOWS\System32\PSAPI.DLL
0x00007ffe44eb0000 - 0x00007ffe44eb9000 	C:\WINDOWS\SYSTEM32\WSOCK32.dll
0x00007ffe655d0000 - 0x00007ffe6563b000 	C:\WINDOWS\System32\WS2_32.dll
0x00007ffe4b890000 - 0x00007ffe4b8b7000 	C:\WINDOWS\SYSTEM32\WINMM.dll
0x00007ffe62510000 - 0x00007ffe62522000 	C:\WINDOWS\SYSTEM32\kernel.appcore.dll
0x00007ffe5f6c0000 - 0x00007ffe5f6d0000 	C:\Program Files\Java\jdk-11.0.10\bin\verify.dll
0x00007ffe63d10000 - 0x00007ffe63ef4000 	C:\WINDOWS\SYSTEM32\DBGHELP.DLL
0x00007ffe63c10000 - 0x00007ffe63c3c000 	C:\WINDOWS\SYSTEM32\dbgcore.DLL
0x00007ffe64930000 - 0x00007ffe649b0000 	C:\WINDOWS\System32\bcryptPrimitives.dll
0x00007ffe5f690000 - 0x00007ffe5f6b8000 	C:\Program Files\Java\jdk-11.0.10\bin\java.dll
0x00007ffe5f680000 - 0x00007ffe5f68a000 	C:\Program Files\Java\jdk-11.0.10\bin\jimage.dll
0x00007ffe5f630000 - 0x00007ffe5f646000 	C:\Program Files\Java\jdk-11.0.10\bin\zip.dll
0x00007ffe65a10000 - 0x00007ffe66152000 	C:\WINDOWS\System32\SHELL32.dll
0x00007ffe61d70000 - 0x00007ffe62500000 	C:\WINDOWS\SYSTEM32\windows.storage.dll
0x00007ffe66680000 - 0x00007ffe669d5000 	C:\WINDOWS\System32\combase.dll
0x00007ffe634e0000 - 0x00007ffe6350c000 	C:\WINDOWS\SYSTEM32\Wldp.dll
0x00007ffe65030000 - 0x00007ffe650de000 	C:\WINDOWS\System32\SHCORE.dll
0x00007ffe650e0000 - 0x00007ffe65135000 	C:\WINDOWS\System32\shlwapi.dll
0x00007ffe641d0000 - 0x00007ffe641ef000 	C:\WINDOWS\SYSTEM32\profapi.dll
0x00007ffe5f610000 - 0x00007ffe5f629000 	C:\Program Files\Java\jdk-11.0.10\bin\net.dll
0x00007ffe503b0000 - 0x00007ffe504bb000 	C:\WINDOWS\SYSTEM32\WINHTTP.dll
0x00007ffe63360000 - 0x00007ffe633ca000 	C:\WINDOWS\system32\mswsock.dll
0x00007ffe5e7f0000 - 0x00007ffe5e802000 	C:\Program Files\Java\jdk-11.0.10\bin\nio.dll
0x00007ffe5e7e0000 - 0x00007ffe5e7e9000 	C:\Program Files\Java\jdk-11.0.10\bin\management.dll
0x00007ffe5c5f0000 - 0x00007ffe5c5fb000 	C:\Program Files\Java\jdk-11.0.10\bin\management_ext.dll
0x00007ffe5c760000 - 0x00007ffe5c777000 	C:\WINDOWS\system32\napinsp.dll
0x00007ffe48d10000 - 0x00007ffe48d2b000 	C:\WINDOWS\system32\pnrpnsp.dll
0x00007ffe5ec90000 - 0x00007ffe5eca5000 	C:\WINDOWS\system32\wshbth.dll
0x00007ffe60e50000 - 0x00007ffe60e6d000 	C:\WINDOWS\system32\NLAapi.dll
0x00007ffe63070000 - 0x00007ffe630ab000 	C:\WINDOWS\SYSTEM32\IPHLPAPI.DLL
0x00007ffe630b0000 - 0x00007ffe6317c000 	C:\WINDOWS\SYSTEM32\DNSAPI.dll
0x00007ffe651e0000 - 0x00007ffe651e8000 	C:\WINDOWS\System32\NSI.dll
0x00007ffe47d20000 - 0x00007ffe47d32000 	C:\WINDOWS\System32\winrnr.dll
0x00007ffe4c4d0000 - 0x00007ffe4c4da000 	C:\Windows\System32\rasadhlp.dll
0x00007ffe4c3f0000 - 0x00007ffe4c46f000 	C:\WINDOWS\System32\fwpuclnt.dll
0x00007ffe64480000 - 0x00007ffe644a7000 	C:\WINDOWS\System32\bcrypt.dll

dbghelp: loaded successfully - version: 4.0.5 - missing functions: none
symbol engine: initialized successfully - sym options: 0x614 - pdb path: .;C:\Program Files\Java\jdk-11.0.10\bin;C:\WINDOWS\SYSTEM32;C:\WINDOWS\WinSxS\amd64_microsoft.windows.common-controls_6595b64144ccf1df_6.0.19041.844_none_ca00b6081b84eb1d;C:\Program Files\Java\jdk-11.0.10\bin\server

VM Arguments:
java_command: com.launchacademy.PetAdoptionsApplication
java_class_path (initial): C:\Users\sinaf\challenges\java-spring-express-refactor\target\classes;C:\Users\sinaf\.m2\repository\org\springframework\boot\spring-boot-starter-data-jpa\2.1.6.RELEASE\spring-boot-starter-data-jpa-2.1.6.RELEASE.jar;C:\Users\sinaf\.m2\repository\org\springframework\boot\spring-boot-starter-aop\2.1.6.RELEASE\spring-boot-starter-aop-2.1.6.RELEASE.jar;C:\Users\sinaf\.m2\repository\org\springframework\spring-aop\5.1.8.RELEASE\spring-aop-5.1.8.RELEASE.jar;C:\Users\sinaf\.m2\repository\org\aspectj\aspectjweaver\1.9.4\aspectjweaver-1.9.4.jar;C:\Users\sinaf\.m2\repository\org\springframework\boot\spring-boot-starter-jdbc\2.1.6.RELEASE\spring-boot-starter-jdbc-2.1.6.RELEASE.jar;C:\Users\sinaf\.m2\repository\com\zaxxer\HikariCP\3.2.0\HikariCP-3.2.0.jar;C:\Users\sinaf\.m2\repository\org\springframework\spring-jdbc\5.1.8.RELEASE\spring-jdbc-5.1.8.RELEASE.jar;C:\Users\sinaf\.m2\repository\javax\transaction\javax.transaction-api\1.3\javax.transaction-api-1.3.jar;C:\Users\sinaf\.m2\repository\javax\xml\bind\jaxb-api\2.3.1\jaxb-api-2.3.1.jar;C:\Users\sinaf\.m2\repository\javax\activation\javax.activation-api\1.2.0\javax.activation-api-1.2.0.jar;C:\Users\sinaf\.m2\repository\org\hibernate\hibernate-core\5.3.10.Final\hibernate-core-5.3.10.Final.jar;C:\Users\sinaf\.m2\repository\org\jboss\logging\jboss-logging\3.3.2.Final\jboss-logging-3.3.2.Final.jar;C:\Users\sinaf\.m2\repository\javax\persistence\javax.persistence-api\2.2\javax.persistence-api-2.2.jar;C:\Users\sinaf\.m2\repository\org\javassist\javassist\3.23.2-GA\javassist-3.23.2-GA.jar;C:\Users\sinaf\.m2\repository\net\bytebuddy\byte-buddy\1.9.13\byte-buddy-1.9.13.jar;C:\Users\sinaf\.m2\repository\antlr\antlr\2.7.7\antlr-2.7.7.jar;C:\Users\sinaf\.m2\repository\org\jboss\jandex\2.0.5.Final\jandex-2.0.5.Final.jar;C:\Users\sinaf\.m2\repository\com\fasterxml\classmate\1.4.0\classmate-1.4.0.jar;C:\Users\sinaf\.m2\repository\org\dom4j\dom4j\2.1.1\dom4j-2.1.1.jar;C:\Users\sinaf\.m2\repository\org\hibernate\com
Launcher Type: SUN_STANDARD

[Global flags]
     intx CICompilerCount                          = 3                                         {product} {ergonomic}
     uint ConcGCThreads                            = 1                                         {product} {ergonomic}
     uint G1ConcRefinementThreads                  = 4                                         {product} {ergonomic}
   size_t G1HeapRegionSize                         = 1048576                                   {product} {ergonomic}
    uintx GCDrainStackTargetSize                   = 64                                        {product} {ergonomic}
   size_t InitialHeapSize                          = 132120576                                 {product} {ergonomic}
   size_t MarkStackSize                            = 4194304                                   {product} {ergonomic}
   size_t MaxHeapSize                              = 2084569088                                {product} {ergonomic}
   size_t MaxNewSize                               = 1249902592                                {product} {ergonomic}
   size_t MinHeapDeltaBytes                        = 1048576                                   {product} {ergonomic}
    uintx NonNMethodCodeHeapSize                   = 5830732                                {pd product} {ergonomic}
    uintx NonProfiledCodeHeapSize                  = 122913754                              {pd product} {ergonomic}
    uintx ProfiledCodeHeapSize                     = 122913754                              {pd product} {ergonomic}
    uintx ReservedCodeCacheSize                    = 251658240                              {pd product} {ergonomic}
     bool SegmentedCodeCache                       = true                                      {product} {ergonomic}
     bool UseCompressedClassPointers               = true                                 {lp64_product} {ergonomic}
     bool UseCompressedOops                        = true                                 {lp64_product} {ergonomic}
     bool UseG1GC                                  = true                                      {product} {ergonomic}
     bool UseLargePagesIndividualAllocation        = false                                  {pd product} {ergonomic}

Logging:
Log output configuration:
 #0: stdout all=warning uptime,level,tags
 #1: stderr all=off uptime,level,tags

Environment Variables:
JAVA_HOME=
PATH=C:\Users\sinaf\bin;C:\Program Files\Git\mingw64\bin;C:\Program Files\Git\usr\local\bin;C:\Program Files\Git\usr\bin;C:\Program Files\Git\usr\bin;C:\Program Files\Git\mingw64\bin;C:\Program Files\Git\usr\bin;C:\Users\sinaf\bin;C:\Program Files\Common Files\Oracle\Java\javapath;C:\Python39\Scripts;C:\Python39;C:\Program Files\Microsoft MPI\Bin;C:\WINDOWS\system32;C:\WINDOWS;C:\WINDOWS\System32\Wbem;C:\WINDOWS\System32\WindowsPowerShell\v1.0;C:\WINDOWS\System32\OpenSSH;C:\Program Files\Microsoft SQL Server\Client SDK\ODBC\170\Tools\Binn;C:\Program Files (x86)\Microsoft SQL Server\150\Tools\Binn;C:\Program Files\Microsoft SQL Server\150\Tools\Binn;C:\Program Files\Microsoft SQL Server\150\DTS\Binn;C:\Program Files (x86)\Microsoft SQL Server\150\DTS\Binn;C:\Program Files\dotnet;C:\Program Files\Microsoft SQL Server\130\Tools\Binn;C:\Program Files\Git\cmd;C:\Program Files\Git\mingw64\bin;C:\Program Files\Git\usr\bin;C:\Program Files (x86)\Yarn\bin;C:\Program Files (x86)\dotnet;C:\Program Files\nodejs;C:\ProgramData\chocolatey\bin;C:\Program Files\JetBrains\IntelliJ IDEA Community Edition 2020.3.3\bin;C:\Program Files\Java\jdk-11.0.10\bin;C:\Users\sinaf\AppData\Local\Microsoft\WindowsApps;C:\Users\sinaf\AppData\Local\Programs\Microsoft VS Code\bin;C:\Users\sinaf\AppData\Local\Yarn\bin;C:\Users\sinaf\AppData\Roaming\npm;C:\Users\sinaf\AppData\Local\GitHubDesktop\bin;C:\Program Files\PostgreSQL\12\bin;C:\Program Files\Git\usr\bin\vendor_perl;C:\Program Files\Git\usr\bin\core_perl
USERNAME=sinaf
SHELL=C:\Program Files\Git\usr\bin\bash.exe
DISPLAY=needs-to-be-defined
OS=Windows_NT
PROCESSOR_IDENTIFIER=Intel64 Family 6 Model 126 Stepping 5, GenuineIntel



---------------  S Y S T E M  ---------------

OS: Windows 10 , 64 bit Build 19041 (10.0.19041.928)

CPU:total 4 (initial active 4) (2 cores per cpu, 2 threads per core) family 6 model 126 stepping 5 microcode 0xa0, cmov, cx8, fxsr, mmx, sse, sse2, sse3, ssse3, sse4.1, sse4.2, popcnt, avx, avx2, aes, clmul, erms, 3dnowpref, lzcnt, ht, tsc, tscinvbit, bmi1, bmi2, adx, evex, sha, fma

Memory: 4k page, system-wide physical 7946M (1304M free)
TotalPageFile size 16138M (AvailPageFile size 6707M)
current process WorkingSet (physical memory assigned to process): 146M, peak: 146M
current process commit charge ("private bytes"): 253M, peak: 253M

vm_info: Java HotSpot(TM) 64-Bit Server VM (11.0.10+8-LTS-162) for windows-amd64 JRE (11.0.10+8-LTS-162), built on Dec  8 2020 16:32:57 by "mach5one" with MS VC++ 15.9 (VS2017)

END.
