#
# A fatal error has been detected by the Java Runtime Environment:
#
#  EXCEPTION_ACCESS_VIOLATION (0xc0000005) at pc=0x00007ffc1324b74c, pid=14024, tid=26816
#
# JRE version: Java(TM) SE Runtime Environment 18.9 (11.0.10+8) (build 11.0.10+8-LTS-162)
# Java VM: Java HotSpot(TM) 64-Bit Server VM 18.9 (11.0.10+8-LTS-162, mixed mode, tiered, compressed oops, g1 gc, windows-amd64)
# Problematic frame:
# V  [jvm.dll+0x5cb74c]
#
# No core dump will be written. Minidumps are not enabled by default on client versions of Windows
#
# If you would like to submit a bug report, please visit:
#   https://bugreport.java.com/bugreport/crash.jsp
#

---------------  S U M M A R Y ------------

Command Line: com.launchacademy.PetAdoptionsApplication

Host: Intel(R) Core(TM) i3-1005G1 CPU @ 1.20GHz, 4 cores, 7G,  Windows 10 , 64 bit Build 19041 (10.0.19041.928)
Time: Thu May 27 21:28:56 2021 Pacific Daylight Time elapsed time: 15.958076 seconds (0d 0h 0m 15s)

---------------  T H R E A D  ---------------

Current thread (0x000001aff4a5d000):  JavaThread "http-nio-8080-exec-1" daemon [_thread_in_vm, id=26816, stack(0x000000821cb00000,0x000000821cc00000)]

Stack: [0x000000821cb00000,0x000000821cc00000],  sp=0x000000821cbfd220,  free space=1012k
Native frames: (J=compiled Java code, j=interpreted, Vv=VM code, C=native code)
V  [jvm.dll+0x5cb74c]
V  [jvm.dll+0x50ee67]
V  [jvm.dll+0x50e934]
V  [jvm.dll+0x50f441]
V  [jvm.dll+0x363e28]
V  [jvm.dll+0x363524]
C  0x000001afda85dace

Java frames: (J=compiled Java code, j=interpreted, Vv=VM code)
j  org.springframework.web.context.request.ServletWebRequest.checkNotModified(Ljava/lang/String;J)Z+26
j  org.springframework.web.context.request.ServletWebRequest.checkNotModified(J)Z+3
j  org.springframework.web.servlet.DispatcherServlet.doDispatch(Ljavax/servlet/http/HttpServletRequest;Ljavax/servlet/http/HttpServletResponse;)V+159
j  org.springframework.web.servlet.DispatcherServlet.doService(Ljavax/servlet/http/HttpServletRequest;Ljavax/servlet/http/HttpServletResponse;)V+212
j  org.springframework.web.servlet.FrameworkServlet.processRequest(Ljavax/servlet/http/HttpServletRequest;Ljavax/servlet/http/HttpServletResponse;)V+71
j  org.springframework.web.servlet.FrameworkServlet.doGet(Ljavax/servlet/http/HttpServletRequest;Ljavax/servlet/http/HttpServletResponse;)V+3
j  javax.servlet.http.HttpServlet.service(Ljavax/servlet/http/HttpServletRequest;Ljavax/servlet/http/HttpServletResponse;)V+35
j  org.springframework.web.servlet.FrameworkServlet.service(Ljavax/servlet/http/HttpServletRequest;Ljavax/servlet/http/HttpServletResponse;)V+33
j  javax.servlet.http.HttpServlet.service(Ljavax/servlet/ServletRequest;Ljavax/servlet/ServletResponse;)V+36
j  org.apache.catalina.core.ApplicationFilterChain.internalDoFilter(Ljavax/servlet/ServletRequest;Ljavax/servlet/ServletResponse;)V+304
j  org.apache.catalina.core.ApplicationFilterChain.doFilter(Ljavax/servlet/ServletRequest;Ljavax/servlet/ServletResponse;)V+101
j  org.apache.tomcat.websocket.server.WsFilter.doFilter(Ljavax/servlet/ServletRequest;Ljavax/servlet/ServletResponse;Ljavax/servlet/FilterChain;)V+21
j  org.apache.catalina.core.ApplicationFilterChain.internalDoFilter(Ljavax/servlet/ServletRequest;Ljavax/servlet/ServletResponse;)V+135
j  org.apache.catalina.core.ApplicationFilterChain.doFilter(Ljavax/servlet/ServletRequest;Ljavax/servlet/ServletResponse;)V+101
j  org.springframework.web.filter.RequestContextFilter.doFilterInternal(Ljavax/servlet/http/HttpServletRequest;Ljavax/servlet/http/HttpServletResponse;Ljavax/servlet/FilterChain;)V+21
j  org.springframework.web.filter.OncePerRequestFilter.doFilter(Ljavax/servlet/ServletRequest;Ljavax/servlet/ServletResponse;Ljavax/servlet/FilterChain;)V+120
j  org.apache.catalina.core.ApplicationFilterChain.internalDoFilter(Ljavax/servlet/ServletRequest;Ljavax/servlet/ServletResponse;)V+135
j  org.apache.catalina.core.ApplicationFilterChain.doFilter(Ljavax/servlet/ServletRequest;Ljavax/servlet/ServletResponse;)V+101
j  org.springframework.web.filter.FormContentFilter.doFilterInternal(Ljavax/servlet/http/HttpServletRequest;Ljavax/servlet/http/HttpServletResponse;Ljavax/servlet/FilterChain;)V+38
j  org.springframework.web.filter.OncePerRequestFilter.doFilter(Ljavax/servlet/ServletRequest;Ljavax/servlet/ServletResponse;Ljavax/servlet/FilterChain;)V+120
j  org.apache.catalina.core.ApplicationFilterChain.internalDoFilter(Ljavax/servlet/ServletRequest;Ljavax/servlet/ServletResponse;)V+135
j  org.apache.catalina.core.ApplicationFilterChain.doFilter(Ljavax/servlet/ServletRequest;Ljavax/servlet/ServletResponse;)V+101
j  org.springframework.web.filter.HiddenHttpMethodFilter.doFilterInternal(Ljavax/servlet/http/HttpServletRequest;Ljavax/servlet/http/HttpServletResponse;Ljavax/servlet/FilterChain;)V+87
j  org.springframework.web.filter.OncePerRequestFilter.doFilter(Ljavax/servlet/ServletRequest;Ljavax/servlet/ServletResponse;Ljavax/servlet/FilterChain;)V+120
j  org.apache.catalina.core.ApplicationFilterChain.internalDoFilter(Ljavax/servlet/ServletRequest;Ljavax/servlet/ServletResponse;)V+135
j  org.apache.catalina.core.ApplicationFilterChain.doFilter(Ljavax/servlet/ServletRequest;Ljavax/servlet/ServletResponse;)V+101
j  org.springframework.web.filter.CharacterEncodingFilter.doFilterInternal(Ljavax/servlet/http/HttpServletRequest;Ljavax/servlet/http/HttpServletResponse;Ljavax/servlet/FilterChain;)V+53
j  org.springframework.web.filter.OncePerRequestFilter.doFilter(Ljavax/servlet/ServletRequest;Ljavax/servlet/ServletResponse;Ljavax/servlet/FilterChain;)V+120
j  org.apache.catalina.core.ApplicationFilterChain.internalDoFilter(Ljavax/servlet/ServletRequest;Ljavax/servlet/ServletResponse;)V+135
j  org.apache.catalina.core.ApplicationFilterChain.doFilter(Ljavax/servlet/ServletRequest;Ljavax/servlet/ServletResponse;)V+101
j  org.apache.catalina.core.StandardWrapperValve.invoke(Lorg/apache/catalina/connector/Request;Lorg/apache/catalina/connector/Response;)V+694
j  org.apache.catalina.core.StandardContextValve.invoke(Lorg/apache/catalina/connector/Request;Lorg/apache/catalina/connector/Response;)V+166
j  org.apache.catalina.authenticator.AuthenticatorBase.invoke(Lorg/apache/catalina/connector/Request;Lorg/apache/catalina/connector/Response;)V+260
j  org.apache.catalina.core.StandardHostValve.invoke(Lorg/apache/catalina/connector/Request;Lorg/apache/catalina/connector/Response;)V+114
j  org.apache.catalina.valves.ErrorReportValve.invoke(Lorg/apache/catalina/connector/Request;Lorg/apache/catalina/connector/Response;)V+6
j  org.apache.catalina.core.StandardEngineValve.invoke(Lorg/apache/catalina/connector/Request;Lorg/apache/catalina/connector/Response;)V+45
j  org.apache.catalina.connector.CoyoteAdapter.service(Lorg/apache/coyote/Request;Lorg/apache/coyote/Response;)V+199
j  org.apache.coyote.http11.Http11Processor.service(Lorg/apache/tomcat/util/net/SocketWrapperBase;)Lorg/apache/tomcat/util/net/AbstractEndpoint$Handler$SocketState;+791
j  org.apache.coyote.AbstractProcessorLight.process(Lorg/apache/tomcat/util/net/SocketWrapperBase;Lorg/apache/tomcat/util/net/SocketEvent;)Lorg/apache/tomcat/util/net/AbstractEndpoint$Handler$SocketState;+113
j  org.apache.coyote.AbstractProtocol$ConnectionHandler.process(Lorg/apache/tomcat/util/net/SocketWrapperBase;Lorg/apache/tomcat/util/net/SocketEvent;)Lorg/apache/tomcat/util/net/AbstractEndpoint$Handler$SocketState;+422
j  org.apache.tomcat.util.net.NioEndpoint$SocketProcessor.doRun()V+221
j  org.apache.tomcat.util.net.SocketProcessorBase.run()V+21
j  java.util.concurrent.ThreadPoolExecutor.runWorker(Ljava/util/concurrent/ThreadPoolExecutor$Worker;)V+92 java.base@11.0.10
j  java.util.concurrent.ThreadPoolExecutor$Worker.run()V+5 java.base@11.0.10
j  org.apache.tomcat.util.threads.TaskThread$WrappingRunnable.run()V+4
j  java.lang.Thread.run()V+11 java.base@11.0.10
v  ~StubRoutines::call_stub

siginfo: EXCEPTION_ACCESS_VIOLATION (0xc0000005), reading address 0x000001eff1a4fd18


Register to memory mapping:

RIP=0x00007ffc1324b74c jvm.dll
RAX=0x000001aff2015bf0 points into unknown readable memory: 6a 61 76 61 78 2e 73 65
RBX=0x000001aff2015bf0 points into unknown readable memory: 6a 61 76 61 78 2e 73 65
RCX=0xfbb5f6224c970000 is an unknown value
RDX=0x0 is NULL
RSP=0x000000821cbfd220 is pointing into the stack for thread: 0x000001aff4a5d000
RBP=0x000000821cbfd360 is pointing into the stack for thread: 0x000001aff4a5d000
RSI=0x000001aff4a5d000 is a thread
RDI=0x0000000000000026 is an unknown value
R8 =0x000001aff2015bf0 points into unknown readable memory: 6a 61 76 61 78 2e 73 65
R9 =0x000001aff2015bf0 points into unknown readable memory: 6a 61 76 61 78 2e 73 65
R10=0x0000000000000026 is an unknown value
R11=0x0 is NULL
R12=0x000001aff2015be0 points into unknown readable memory: 00 00 00 00 00 00 00 00
R13=0x0000000100487428 is a pointer to class: 
javax.servlet.http.HttpServletResponse {0x0000000100487430}
R14=0x000001eff1a4fd18 is an unknown value
R15=0x000001aff05339a8 points into unknown readable memory: 03 00 ff ff 74 a4 28 29


Registers:
RAX=0x000001aff2015bf0, RBX=0x000001aff2015bf0, RCX=0xfbb5f6224c970000, RDX=0x0000000000000000
RSP=0x000000821cbfd220, RBP=0x000000821cbfd360, RSI=0x000001aff4a5d000, RDI=0x0000000000000026
R8 =0x000001aff2015bf0, R9 =0x000001aff2015bf0, R10=0x0000000000000026, R11=0x0000000000000000
R12=0x000001aff2015be0, R13=0x0000000100487428, R14=0x000001eff1a4fd18, R15=0x000001aff05339a8
RIP=0x00007ffc1324b74c, EFLAGS=0x0000000000010246

Top of Stack: (sp=0x000000821cbfd220)
0x000000821cbfd220:   0000000100000000 00007ffc12fb06d5
0x000000821cbfd230:   0000000000000000 000000821cbfd4c0
0x000000821cbfd240:   000001aff6182520 000000821cbfd4c0
0x000000821cbfd250:   000001aff2015be0 00007ffc1318ee67
0x000000821cbfd260:   000001aff052f398 000000821cbfd360
0x000000821cbfd270:   000001aff4a5d000 000000821cbfd440
0x000000821cbfd280:   0000000100487428 000001aff4a5d000
0x000000821cbfd290:   00000000000003d8 0000000000000000
0x000000821cbfd2a0:   0000000000000000 000001aff2015bf0
0x000000821cbfd2b0:   000001aff2015fc8 000001aff4a5d000
0x000000821cbfd2c0:   000001aff6bdd160 000001aff6bdd218
0x000000821cbfd2d0:   00000000000000d8 000000821cbff5b0
0x000000821cbfd2e0:   0000000085072cc8 000001aff6182b60
0x000000821cbfd2f0:   0000000000000119 000001aff2184f90
0x000000821cbfd300:   0000000000000001 000001aff4a5d000
0x000000821cbfd310:   000001aff4a5d000 00007ffc13369c83 

Instructions: (pc=0x00007ffc1324b74c)
0x00007ffc1324b72c:   ec 20 4d 8b f8 4c 8b f2 e8 37 55 f2 ff 48 8b d8
0x00007ffc1324b73c:   48 c7 c7 ff ff ff ff 48 ff c7 80 3c 38 00 75 f7
0x00007ffc1324b74c:   45 0f b7 26 33 d2 41 0f b7 2f 41 03 ec 03 ef 48
0x00007ffc1324b75c:   63 cd 48 83 c1 02 e8 e9 45 0a 00 48 8b f0 48 2b 


Stack slot to memory mapping:
stack at sp + 0 slots: 0x0000000100000000 is pointing into metadata
stack at sp + 1 slots: 0x00007ffc12fb06d5 jvm.dll
stack at sp + 2 slots: 0x0 is NULL
stack at sp + 3 slots: 0x000000821cbfd4c0 is pointing into the stack for thread: 0x000001aff4a5d000
stack at sp + 4 slots: 0x000001aff6182520 points into unknown readable memory: 02 00 00 00 af 01 00 00
stack at sp + 5 slots: 0x000000821cbfd4c0 is pointing into the stack for thread: 0x000001aff4a5d000
stack at sp + 6 slots: 0x000001aff2015be0 points into unknown readable memory: 00 00 00 00 00 00 00 00
stack at sp + 7 slots: 0x00007ffc1318ee67 jvm.dll


---------------  P R O C E S S  ---------------

Threads class SMR info:
_java_thread_list=0x000001aff7911f00, length=31, elements={
0x000001aff067a000, 0x000001aff0684000, 0x000001aff0698000, 0x000001aff069b000,
0x000001aff069c800, 0x000001aff06a3000, 0x000001aff06ad000, 0x000001aff116c000,
0x000001aff117b800, 0x000001aff4536000, 0x000001aff4535000, 0x000001aff4536800,
0x000001aff4a57000, 0x000001aff4a5c000, 0x000001aff4a56800, 0x000001aff4a5b800,
0x000001aff4a5d800, 0x000001aff4a5d000, 0x000001aff4a5e800, 0x000001aff4a59000,
0x000001aff4a5a800, 0x000001aff4a5f800, 0x000001aff4a59800, 0x000001aff4a64800,
0x000001aff4a60000, 0x000001aff4a62800, 0x000001aff4a65000, 0x000001aff4a63800,
0x000001aff4a61000, 0x000001aff4a62000, 0x000001aff6e8d000
}

Java Threads: ( => current thread )
  0x000001aff067a000 JavaThread "Reference Handler" daemon [_thread_blocked, id=5708, stack(0x000000821b000000,0x000000821b100000)]
  0x000001aff0684000 JavaThread "Finalizer" daemon [_thread_blocked, id=3384, stack(0x000000821b100000,0x000000821b200000)]
  0x000001aff0698000 JavaThread "Signal Dispatcher" daemon [_thread_blocked, id=16192, stack(0x000000821b200000,0x000000821b300000)]
  0x000001aff069b000 JavaThread "Attach Listener" daemon [_thread_blocked, id=27528, stack(0x000000821b300000,0x000000821b400000)]
  0x000001aff069c800 JavaThread "C2 CompilerThread0" daemon [_thread_blocked, id=26388, stack(0x000000821b400000,0x000000821b500000)]
  0x000001aff06a3000 JavaThread "C1 CompilerThread0" daemon [_thread_blocked, id=27124, stack(0x000000821b500000,0x000000821b600000)]
  0x000001aff06ad000 JavaThread "Sweeper thread" daemon [_thread_blocked, id=20468, stack(0x000000821b600000,0x000000821b700000)]
  0x000001aff116c000 JavaThread "Service Thread" daemon [_thread_blocked, id=12304, stack(0x000000821b700000,0x000000821b800000)]
  0x000001aff117b800 JavaThread "Common-Cleaner" daemon [_thread_blocked, id=18316, stack(0x000000821b900000,0x000000821ba00000)]
  0x000001aff4536000 JavaThread "Catalina-utility-1" [_thread_blocked, id=26752, stack(0x000000821c100000,0x000000821c200000)]
  0x000001aff4535000 JavaThread "Catalina-utility-2" [_thread_blocked, id=27344, stack(0x000000821c200000,0x000000821c300000)]
  0x000001aff4536800 JavaThread "container-0" [_thread_blocked, id=19040, stack(0x000000821c300000,0x000000821c400000)]
  0x000001aff4a57000 JavaThread "PostgreSQL-JDBC-SharedTimer-1" daemon [_thread_blocked, id=24988, stack(0x000000821c500000,0x000000821c600000)]
  0x000001aff4a5c000 JavaThread "HikariPool-1 housekeeper" daemon [_thread_blocked, id=3556, stack(0x000000821c600000,0x000000821c700000)]
  0x000001aff4a56800 JavaThread "Live Reload Server" daemon [_thread_in_native, id=15520, stack(0x000000821c900000,0x000000821ca00000)]
  0x000001aff4a5b800 JavaThread "File Watcher" daemon [_thread_blocked, id=23664, stack(0x000000821c800000,0x000000821c900000)]
  0x000001aff4a5d800 JavaThread "http-nio-8080-BlockPoller" daemon [_thread_in_native, id=26356, stack(0x000000821ca00000,0x000000821cb00000)]
=>0x000001aff4a5d000 JavaThread "http-nio-8080-exec-1" daemon [_thread_in_vm, id=26816, stack(0x000000821cb00000,0x000000821cc00000)]
  0x000001aff4a5e800 JavaThread "http-nio-8080-exec-2" daemon [_thread_blocked, id=6268, stack(0x000000821cc00000,0x000000821cd00000)]
  0x000001aff4a59000 JavaThread "http-nio-8080-exec-3" daemon [_thread_blocked, id=12412, stack(0x000000821cd00000,0x000000821ce00000)]
  0x000001aff4a5a800 JavaThread "http-nio-8080-exec-4" daemon [_thread_blocked, id=16100, stack(0x000000821ce00000,0x000000821cf00000)]
  0x000001aff4a5f800 JavaThread "http-nio-8080-exec-5" daemon [_thread_blocked, id=8704, stack(0x000000821cf00000,0x000000821d000000)]
  0x000001aff4a59800 JavaThread "http-nio-8080-exec-6" daemon [_thread_blocked, id=18608, stack(0x000000821d000000,0x000000821d100000)]
  0x000001aff4a64800 JavaThread "http-nio-8080-exec-7" daemon [_thread_blocked, id=17948, stack(0x000000821d100000,0x000000821d200000)]
  0x000001aff4a60000 JavaThread "http-nio-8080-exec-8" daemon [_thread_blocked, id=26748, stack(0x000000821d200000,0x000000821d300000)]
  0x000001aff4a62800 JavaThread "http-nio-8080-exec-9" daemon [_thread_blocked, id=14408, stack(0x000000821d300000,0x000000821d400000)]
  0x000001aff4a65000 JavaThread "http-nio-8080-exec-10" daemon [_thread_blocked, id=6976, stack(0x000000821d400000,0x000000821d500000)]
  0x000001aff4a63800 JavaThread "http-nio-8080-ClientPoller" daemon [_thread_in_native, id=224, stack(0x000000821d500000,0x000000821d600000)]
  0x000001aff4a61000 JavaThread "http-nio-8080-Acceptor" daemon [_thread_in_native, id=27484, stack(0x000000821d600000,0x000000821d700000)]
  0x000001aff4a62000 JavaThread "DestroyJavaVM" [_thread_blocked, id=26252, stack(0x000000821a900000,0x000000821aa00000)]
  0x000001aff6e8d000 JavaThread "C2 CompilerThread1" daemon [_thread_in_native, id=23756, stack(0x000000821ba00000,0x000000821bb00000)]

Other Threads:
  0x000001aff0653000 VMThread "VM Thread" [stack: 0x000000821af00000,0x000000821b000000] [id=24392]
  0x000001aff1174800 WatcherThread [stack: 0x000000821b800000,0x000000821b900000] [id=3228]
  0x000001afd23db800 GCTaskThread "GC Thread#0" [stack: 0x000000821aa00000,0x000000821ab00000] [id=23040]
  0x000001aff1e72800 GCTaskThread "GC Thread#1" [stack: 0x000000821bb00000,0x000000821bc00000] [id=18344]
  0x000001aff1920000 GCTaskThread "GC Thread#2" [stack: 0x000000821bf00000,0x000000821c000000] [id=9856]
  0x000001aff19f9800 GCTaskThread "GC Thread#3" [stack: 0x000000821c000000,0x000000821c100000] [id=25816]
  0x000001afd240a000 ConcurrentGCThread "G1 Main Marker" [stack: 0x000000821ab00000,0x000000821ac00000] [id=13952]
  0x000001afd240b800 ConcurrentGCThread "G1 Conc#0" [stack: 0x000000821ac00000,0x000000821ad00000] [id=9228]
  0x000001afd248b800 ConcurrentGCThread "G1 Refine#0" [stack: 0x000000821ad00000,0x000000821ae00000] [id=24292]
  0x000001aff12ef800 ConcurrentGCThread "G1 Refine#1" [stack: 0x000000821bc00000,0x000000821bd00000] [id=19464]
  0x000001afd248d800 ConcurrentGCThread "G1 Young RemSet Sampling" [stack: 0x000000821ae00000,0x000000821af00000] [id=12560]

Threads with active compile tasks:
C2 CompilerThread1  15983 5860       4       org.springframework.beans.factory.support.AbstractBeanFactory::isTypeMatch (547 bytes)

VM state:not at safepoint (normal execution)

VM Mutex/Monitor currently owned by a thread: None

Heap address: 0x0000000084c00000, size: 1972 MB, Compressed Oops mode: 32-bit
Narrow klass base: 0x0000000000000000, Narrow klass shift: 3
Compressed class space size: 1073741824 Address: 0x0000000100000000

Heap:
 garbage-first heap   total 183296K, used 105048K [0x0000000084c00000, 0x0000000100000000)
  region size 1024K, 89 young (91136K), 8 survivors (8192K)
 Metaspace       used 66562K, capacity 68180K, committed 68224K, reserved 1107968K
  class space    used 8465K, capacity 9079K, committed 9088K, reserved 1048576K
Heap Regions: E=young(eden), S=young(survivor), O=old, HS=humongous(starts), HC=humongous(continues), CS=collection set, F=free, A=archive, TAMS=top-at-mark-start (previous, next)
|   0|0x0000000084c00000, 0x0000000084d00000, 0x0000000084d00000|100%|HS|  |TAMS 0x0000000084d00000, 0x0000000084c00000| Complete 
|   1|0x0000000084d00000, 0x0000000084e00000, 0x0000000084e00000|100%| O|  |TAMS 0x0000000084e00000, 0x0000000084d00000| Untracked 
|   2|0x0000000084e00000, 0x0000000084f00000, 0x0000000084f00000|100%| O|  |TAMS 0x0000000084f00000, 0x0000000084e00000| Untracked 
|   3|0x0000000084f00000, 0x0000000085000000, 0x0000000085000000|100%| O|  |TAMS 0x0000000085000000, 0x0000000084f00000| Untracked 
|   4|0x0000000085000000, 0x0000000085100000, 0x0000000085100000|100%| O|  |TAMS 0x0000000085100000, 0x0000000085000000| Untracked 
|   5|0x0000000085100000, 0x0000000085200000, 0x0000000085200000|100%| O|  |TAMS 0x0000000085200000, 0x0000000085100000| Untracked 
|   6|0x0000000085200000, 0x0000000085300000, 0x0000000085300000|100%| O|  |TAMS 0x0000000085300000, 0x0000000085200000| Untracked 
|   7|0x0000000085300000, 0x0000000085400000, 0x0000000085400000|100%| O|  |TAMS 0x0000000085400000, 0x0000000085300000| Untracked 
|   8|0x0000000085400000, 0x0000000085500000, 0x0000000085500000|100%| O|  |TAMS 0x0000000085500000, 0x0000000085400000| Untracked 
|   9|0x0000000085500000, 0x0000000085600000, 0x0000000085600000|100%| O|  |TAMS 0x0000000085600000, 0x0000000085500000| Untracked 
|  10|0x0000000085600000, 0x0000000085700000, 0x0000000085700000|100%| O|  |TAMS 0x0000000085700000, 0x0000000085600000| Untracked 
|  11|0x0000000085700000, 0x0000000085800000, 0x0000000085800000|100%| O|  |TAMS 0x0000000085800000, 0x0000000085700000| Untracked 
|  12|0x0000000085800000, 0x0000000085900000, 0x0000000085900000|100%| O|  |TAMS 0x0000000085900000, 0x0000000085800000| Untracked 
|  13|0x0000000085900000, 0x0000000085a00000, 0x0000000085a00000|100%| O|  |TAMS 0x0000000085a00000, 0x0000000085900000| Untracked 
|  14|0x0000000085a00000, 0x0000000085a96000, 0x0000000085b00000| 58%| O|  |TAMS 0x0000000085a96000, 0x0000000085a00000| Untracked 
|  15|0x0000000085b00000, 0x0000000085b00000, 0x0000000085c00000|  0%| F|  |TAMS 0x0000000085b00000, 0x0000000085b00000| Untracked 
|  16|0x0000000085c00000, 0x0000000085c00000, 0x0000000085d00000|  0%| F|  |TAMS 0x0000000085c00000, 0x0000000085c00000| Untracked 
|  17|0x0000000085d00000, 0x0000000085d00000, 0x0000000085e00000|  0%| F|  |TAMS 0x0000000085d00000, 0x0000000085d00000| Untracked 
|  18|0x0000000085e00000, 0x0000000085e00000, 0x0000000085f00000|  0%| F|  |TAMS 0x0000000085e00000, 0x0000000085e00000| Untracked 
|  19|0x0000000085f00000, 0x0000000085f00000, 0x0000000086000000|  0%| F|  |TAMS 0x0000000085f00000, 0x0000000085f00000| Untracked 
|  20|0x0000000086000000, 0x0000000086000000, 0x0000000086100000|  0%| F|  |TAMS 0x0000000086000000, 0x0000000086000000| Untracked 
|  21|0x0000000086100000, 0x0000000086100000, 0x0000000086200000|  0%| F|  |TAMS 0x0000000086100000, 0x0000000086100000| Untracked 
|  22|0x0000000086200000, 0x0000000086200000, 0x0000000086300000|  0%| F|  |TAMS 0x0000000086200000, 0x0000000086200000| Untracked 
|  23|0x0000000086300000, 0x0000000086300000, 0x0000000086400000|  0%| F|  |TAMS 0x0000000086300000, 0x0000000086300000| Untracked 
|  24|0x0000000086400000, 0x0000000086400000, 0x0000000086500000|  0%| F|  |TAMS 0x0000000086400000, 0x0000000086400000| Untracked 
|  25|0x0000000086500000, 0x0000000086500000, 0x0000000086600000|  0%| F|  |TAMS 0x0000000086500000, 0x0000000086500000| Untracked 
|  26|0x0000000086600000, 0x0000000086600000, 0x0000000086700000|  0%| F|  |TAMS 0x0000000086600000, 0x0000000086600000| Untracked 
|  27|0x0000000086700000, 0x0000000086700000, 0x0000000086800000|  0%| F|  |TAMS 0x0000000086700000, 0x0000000086700000| Untracked 
|  28|0x0000000086800000, 0x0000000086800000, 0x0000000086900000|  0%| F|  |TAMS 0x0000000086800000, 0x0000000086800000| Untracked 
|  29|0x0000000086900000, 0x0000000086900000, 0x0000000086a00000|  0%| F|  |TAMS 0x0000000086900000, 0x0000000086900000| Untracked 
|  30|0x0000000086a00000, 0x0000000086a00000, 0x0000000086b00000|  0%| F|  |TAMS 0x0000000086a00000, 0x0000000086a00000| Untracked 
|  31|0x0000000086b00000, 0x0000000086b00000, 0x0000000086c00000|  0%| F|  |TAMS 0x0000000086b00000, 0x0000000086b00000| Untracked 
|  32|0x0000000086c00000, 0x0000000086c00000, 0x0000000086d00000|  0%| F|  |TAMS 0x0000000086c00000, 0x0000000086c00000| Untracked 
|  33|0x0000000086d00000, 0x0000000086d00000, 0x0000000086e00000|  0%| F|  |TAMS 0x0000000086d00000, 0x0000000086d00000| Untracked 
|  34|0x0000000086e00000, 0x0000000086e00000, 0x0000000086f00000|  0%| F|  |TAMS 0x0000000086e00000, 0x0000000086e00000| Untracked 
|  35|0x0000000086f00000, 0x0000000086f00000, 0x0000000087000000|  0%| F|  |TAMS 0x0000000086f00000, 0x0000000086f00000| Untracked 
|  36|0x0000000087000000, 0x0000000087000000, 0x0000000087100000|  0%| F|  |TAMS 0x0000000087000000, 0x0000000087000000| Untracked 
|  37|0x0000000087100000, 0x0000000087100000, 0x0000000087200000|  0%| F|  |TAMS 0x0000000087100000, 0x0000000087100000| Untracked 
|  38|0x0000000087200000, 0x0000000087200000, 0x0000000087300000|  0%| F|  |TAMS 0x0000000087200000, 0x0000000087200000| Untracked 
|  39|0x0000000087300000, 0x0000000087300000, 0x0000000087400000|  0%| F|  |TAMS 0x0000000087300000, 0x0000000087300000| Untracked 
|  40|0x0000000087400000, 0x0000000087400000, 0x0000000087500000|  0%| F|  |TAMS 0x0000000087400000, 0x0000000087400000| Untracked 
|  41|0x0000000087500000, 0x0000000087500000, 0x0000000087600000|  0%| F|  |TAMS 0x0000000087500000, 0x0000000087500000| Untracked 
|  42|0x0000000087600000, 0x0000000087600000, 0x0000000087700000|  0%| F|  |TAMS 0x0000000087600000, 0x0000000087600000| Untracked 
|  43|0x0000000087700000, 0x0000000087700000, 0x0000000087800000|  0%| F|  |TAMS 0x0000000087700000, 0x0000000087700000| Untracked 
|  44|0x0000000087800000, 0x0000000087800000, 0x0000000087900000|  0%| F|  |TAMS 0x0000000087800000, 0x0000000087800000| Untracked 
|  45|0x0000000087900000, 0x0000000087900000, 0x0000000087a00000|  0%| F|  |TAMS 0x0000000087900000, 0x0000000087900000| Untracked 
|  46|0x0000000087a00000, 0x0000000087a00000, 0x0000000087b00000|  0%| F|  |TAMS 0x0000000087a00000, 0x0000000087a00000| Untracked 
|  47|0x0000000087b00000, 0x0000000087b00000, 0x0000000087c00000|  0%| F|  |TAMS 0x0000000087b00000, 0x0000000087b00000| Untracked 
|  48|0x0000000087c00000, 0x0000000087c00000, 0x0000000087d00000|  0%| F|  |TAMS 0x0000000087c00000, 0x0000000087c00000| Untracked 
|  49|0x0000000087d00000, 0x0000000087d00000, 0x0000000087e00000|  0%| F|  |TAMS 0x0000000087d00000, 0x0000000087d00000| Untracked 
|  50|0x0000000087e00000, 0x0000000087e00000, 0x0000000087f00000|  0%| F|  |TAMS 0x0000000087e00000, 0x0000000087e00000| Untracked 
|  51|0x0000000087f00000, 0x0000000087f00000, 0x0000000088000000|  0%| F|  |TAMS 0x0000000087f00000, 0x0000000087f00000| Untracked 
|  52|0x0000000088000000, 0x0000000088000000, 0x0000000088100000|  0%| F|  |TAMS 0x0000000088000000, 0x0000000088000000| Untracked 
|  53|0x0000000088100000, 0x0000000088100000, 0x0000000088200000|  0%| F|  |TAMS 0x0000000088100000, 0x0000000088100000| Untracked 
|  54|0x0000000088200000, 0x0000000088200000, 0x0000000088300000|  0%| F|  |TAMS 0x0000000088200000, 0x0000000088200000| Untracked 
|  55|0x0000000088300000, 0x0000000088300000, 0x0000000088400000|  0%| F|  |TAMS 0x0000000088300000, 0x0000000088300000| Untracked 
|  56|0x0000000088400000, 0x0000000088400000, 0x0000000088500000|  0%| F|  |TAMS 0x0000000088400000, 0x0000000088400000| Untracked 
|  57|0x0000000088500000, 0x0000000088500000, 0x0000000088600000|  0%| F|  |TAMS 0x0000000088500000, 0x0000000088500000| Untracked 
|  58|0x0000000088600000, 0x0000000088600000, 0x0000000088700000|  0%| F|  |TAMS 0x0000000088600000, 0x0000000088600000| Untracked 
|  59|0x0000000088700000, 0x0000000088700000, 0x0000000088800000|  0%| F|  |TAMS 0x0000000088700000, 0x0000000088700000| Untracked 
|  60|0x0000000088800000, 0x0000000088800000, 0x0000000088900000|  0%| F|  |TAMS 0x0000000088800000, 0x0000000088800000| Untracked 
|  61|0x0000000088900000, 0x0000000088900000, 0x0000000088a00000|  0%| F|  |TAMS 0x0000000088900000, 0x0000000088900000| Untracked 
|  62|0x0000000088a00000, 0x0000000088a00000, 0x0000000088b00000|  0%| F|  |TAMS 0x0000000088a00000, 0x0000000088a00000| Untracked 
|  63|0x0000000088b00000, 0x0000000088b00000, 0x0000000088c00000|  0%| F|  |TAMS 0x0000000088b00000, 0x0000000088b00000| Untracked 
|  64|0x0000000088c00000, 0x0000000088c00000, 0x0000000088d00000|  0%| F|  |TAMS 0x0000000088c00000, 0x0000000088c00000| Untracked 
|  65|0x0000000088d00000, 0x0000000088d00000, 0x0000000088e00000|  0%| F|  |TAMS 0x0000000088d00000, 0x0000000088d00000| Untracked 
|  66|0x0000000088e00000, 0x0000000088e00000, 0x0000000088f00000|  0%| F|  |TAMS 0x0000000088e00000, 0x0000000088e00000| Untracked 
|  67|0x0000000088f00000, 0x0000000088f00000, 0x0000000089000000|  0%| F|  |TAMS 0x0000000088f00000, 0x0000000088f00000| Untracked 
|  68|0x0000000089000000, 0x0000000089000000, 0x0000000089100000|  0%| F|  |TAMS 0x0000000089000000, 0x0000000089000000| Untracked 
|  69|0x0000000089100000, 0x0000000089100000, 0x0000000089200000|  0%| F|  |TAMS 0x0000000089100000, 0x0000000089100000| Untracked 
|  70|0x0000000089200000, 0x0000000089200000, 0x0000000089300000|  0%| F|  |TAMS 0x0000000089200000, 0x0000000089200000| Untracked 
|  71|0x0000000089300000, 0x0000000089300000, 0x0000000089400000|  0%| F|  |TAMS 0x0000000089300000, 0x0000000089300000| Untracked 
|  72|0x0000000089400000, 0x0000000089400000, 0x0000000089500000|  0%| F|  |TAMS 0x0000000089400000, 0x0000000089400000| Untracked 
|  73|0x0000000089500000, 0x0000000089500000, 0x0000000089600000|  0%| F|  |TAMS 0x0000000089500000, 0x0000000089500000| Untracked 
|  74|0x0000000089600000, 0x0000000089600000, 0x0000000089700000|  0%| F|  |TAMS 0x0000000089600000, 0x0000000089600000| Untracked 
|  75|0x0000000089700000, 0x0000000089700000, 0x0000000089800000|  0%| F|  |TAMS 0x0000000089700000, 0x0000000089700000| Untracked 
|  76|0x0000000089800000, 0x0000000089800000, 0x0000000089900000|  0%| F|  |TAMS 0x0000000089800000, 0x0000000089800000| Untracked 
|  77|0x0000000089900000, 0x0000000089900000, 0x0000000089a00000|  0%| F|  |TAMS 0x0000000089900000, 0x0000000089900000| Untracked 
|  78|0x0000000089a00000, 0x0000000089a00000, 0x0000000089b00000|  0%| F|  |TAMS 0x0000000089a00000, 0x0000000089a00000| Untracked 
|  79|0x0000000089b00000, 0x0000000089b00000, 0x0000000089c00000|  0%| F|  |TAMS 0x0000000089b00000, 0x0000000089b00000| Untracked 
|  80|0x0000000089c00000, 0x0000000089c00000, 0x0000000089d00000|  0%| F|  |TAMS 0x0000000089c00000, 0x0000000089c00000| Untracked 
|  81|0x0000000089d00000, 0x0000000089d00000, 0x0000000089e00000|  0%| F|  |TAMS 0x0000000089d00000, 0x0000000089d00000| Untracked 
|  82|0x0000000089e00000, 0x0000000089e00000, 0x0000000089f00000|  0%| F|  |TAMS 0x0000000089e00000, 0x0000000089e00000| Untracked 
|  83|0x0000000089f00000, 0x0000000089f00000, 0x000000008a000000|  0%| F|  |TAMS 0x0000000089f00000, 0x0000000089f00000| Untracked 
|  84|0x000000008a000000, 0x000000008a000000, 0x000000008a100000|  0%| F|  |TAMS 0x000000008a000000, 0x000000008a000000| Untracked 
|  85|0x000000008a100000, 0x000000008a100000, 0x000000008a200000|  0%| F|  |TAMS 0x000000008a100000, 0x000000008a100000| Untracked 
|  86|0x000000008a200000, 0x000000008a200000, 0x000000008a300000|  0%| F|  |TAMS 0x000000008a200000, 0x000000008a200000| Untracked 
|  87|0x000000008a300000, 0x000000008a300000, 0x000000008a400000|  0%| F|  |TAMS 0x000000008a300000, 0x000000008a300000| Untracked 
|  88|0x000000008a400000, 0x000000008a400000, 0x000000008a500000|  0%| F|  |TAMS 0x000000008a400000, 0x000000008a400000| Untracked 
|  89|0x000000008a500000, 0x000000008a500000, 0x000000008a600000|  0%| F|  |TAMS 0x000000008a500000, 0x000000008a500000| Untracked 
|  90|0x000000008a600000, 0x000000008a680800, 0x000000008a700000| 50%| E|  |TAMS 0x000000008a600000, 0x000000008a600000| Complete 
|  91|0x000000008a700000, 0x000000008a800000, 0x000000008a800000|100%| E|CS|TAMS 0x000000008a700000, 0x000000008a700000| Complete 
|  92|0x000000008a800000, 0x000000008a900000, 0x000000008a900000|100%| E|CS|TAMS 0x000000008a800000, 0x000000008a800000| Complete 
|  93|0x000000008a900000, 0x000000008aa00000, 0x000000008aa00000|100%| E|CS|TAMS 0x000000008a900000, 0x000000008a900000| Complete 
|  94|0x000000008aa00000, 0x000000008ab00000, 0x000000008ab00000|100%| S|CS|TAMS 0x000000008aa00000, 0x000000008aa00000| Complete 
|  95|0x000000008ab00000, 0x000000008ac00000, 0x000000008ac00000|100%| S|CS|TAMS 0x000000008ab00000, 0x000000008ab00000| Complete 
|  96|0x000000008ac00000, 0x000000008ad00000, 0x000000008ad00000|100%| S|CS|TAMS 0x000000008ac00000, 0x000000008ac00000| Complete 
|  97|0x000000008ad00000, 0x000000008ae00000, 0x000000008ae00000|100%| S|CS|TAMS 0x000000008ad00000, 0x000000008ad00000| Complete 
|  98|0x000000008ae00000, 0x000000008af00000, 0x000000008af00000|100%| S|CS|TAMS 0x000000008ae00000, 0x000000008ae00000| Complete 
|  99|0x000000008af00000, 0x000000008b000000, 0x000000008b000000|100%| S|CS|TAMS 0x000000008af00000, 0x000000008af00000| Complete 
| 100|0x000000008b000000, 0x000000008b100000, 0x000000008b100000|100%| S|CS|TAMS 0x000000008b000000, 0x000000008b000000| Complete 
| 101|0x000000008b100000, 0x000000008b200000, 0x000000008b200000|100%| S|CS|TAMS 0x000000008b100000, 0x000000008b100000| Complete 
| 102|0x000000008b200000, 0x000000008b300000, 0x000000008b300000|100%| E|CS|TAMS 0x000000008b200000, 0x000000008b200000| Complete 
| 103|0x000000008b300000, 0x000000008b400000, 0x000000008b400000|100%| E|CS|TAMS 0x000000008b300000, 0x000000008b300000| Complete 
| 104|0x000000008b400000, 0x000000008b500000, 0x000000008b500000|100%| E|CS|TAMS 0x000000008b400000, 0x000000008b400000| Complete 
| 105|0x000000008b500000, 0x000000008b600000, 0x000000008b600000|100%| E|CS|TAMS 0x000000008b500000, 0x000000008b500000| Complete 
| 106|0x000000008b600000, 0x000000008b700000, 0x000000008b700000|100%| E|CS|TAMS 0x000000008b600000, 0x000000008b600000| Complete 
| 107|0x000000008b700000, 0x000000008b800000, 0x000000008b800000|100%| E|CS|TAMS 0x000000008b700000, 0x000000008b700000| Complete 
| 108|0x000000008b800000, 0x000000008b900000, 0x000000008b900000|100%| E|CS|TAMS 0x000000008b800000, 0x000000008b800000| Complete 
| 109|0x000000008b900000, 0x000000008ba00000, 0x000000008ba00000|100%| E|CS|TAMS 0x000000008b900000, 0x000000008b900000| Complete 
| 110|0x000000008ba00000, 0x000000008bb00000, 0x000000008bb00000|100%| E|CS|TAMS 0x000000008ba00000, 0x000000008ba00000| Complete 
| 111|0x000000008bb00000, 0x000000008bc00000, 0x000000008bc00000|100%| E|CS|TAMS 0x000000008bb00000, 0x000000008bb00000| Complete 
| 112|0x000000008bc00000, 0x000000008bd00000, 0x000000008bd00000|100%| E|CS|TAMS 0x000000008bc00000, 0x000000008bc00000| Complete 
| 113|0x000000008bd00000, 0x000000008be00000, 0x000000008be00000|100%| E|CS|TAMS 0x000000008bd00000, 0x000000008bd00000| Complete 
| 114|0x000000008be00000, 0x000000008bf00000, 0x000000008bf00000|100%| E|CS|TAMS 0x000000008be00000, 0x000000008be00000| Complete 
| 115|0x000000008bf00000, 0x000000008c000000, 0x000000008c000000|100%| E|CS|TAMS 0x000000008bf00000, 0x000000008bf00000| Complete 
| 116|0x000000008c000000, 0x000000008c100000, 0x000000008c100000|100%| E|CS|TAMS 0x000000008c000000, 0x000000008c000000| Complete 
| 117|0x000000008c100000, 0x000000008c200000, 0x000000008c200000|100%| E|CS|TAMS 0x000000008c100000, 0x000000008c100000| Complete 
| 118|0x000000008c200000, 0x000000008c300000, 0x000000008c300000|100%| E|CS|TAMS 0x000000008c200000, 0x000000008c200000| Complete 
| 119|0x000000008c300000, 0x000000008c400000, 0x000000008c400000|100%| E|CS|TAMS 0x000000008c300000, 0x000000008c300000| Complete 
| 120|0x000000008c400000, 0x000000008c500000, 0x000000008c500000|100%| E|CS|TAMS 0x000000008c400000, 0x000000008c400000| Complete 
| 121|0x000000008c500000, 0x000000008c600000, 0x000000008c600000|100%| E|CS|TAMS 0x000000008c500000, 0x000000008c500000| Complete 
| 122|0x000000008c600000, 0x000000008c700000, 0x000000008c700000|100%| E|CS|TAMS 0x000000008c600000, 0x000000008c600000| Complete 
| 123|0x000000008c700000, 0x000000008c800000, 0x000000008c800000|100%| E|CS|TAMS 0x000000008c700000, 0x000000008c700000| Complete 
| 124|0x000000008c800000, 0x000000008c900000, 0x000000008c900000|100%| E|CS|TAMS 0x000000008c800000, 0x000000008c800000| Complete 
| 125|0x000000008c900000, 0x000000008ca00000, 0x000000008ca00000|100%| E|CS|TAMS 0x000000008c900000, 0x000000008c900000| Complete 
| 126|0x000000008ca00000, 0x000000008cb00000, 0x000000008cb00000|100%| E|CS|TAMS 0x000000008ca00000, 0x000000008ca00000| Complete 
| 127|0x000000008cb00000, 0x000000008cc00000, 0x000000008cc00000|100%| E|CS|TAMS 0x000000008cb00000, 0x000000008cb00000| Complete 
| 128|0x000000008cc00000, 0x000000008cd00000, 0x000000008cd00000|100%| E|CS|TAMS 0x000000008cc00000, 0x000000008cc00000| Complete 
| 129|0x000000008cd00000, 0x000000008ce00000, 0x000000008ce00000|100%| E|CS|TAMS 0x000000008cd00000, 0x000000008cd00000| Complete 
| 130|0x000000008ce00000, 0x000000008cf00000, 0x000000008cf00000|100%| E|CS|TAMS 0x000000008ce00000, 0x000000008ce00000| Complete 
| 131|0x000000008cf00000, 0x000000008d000000, 0x000000008d000000|100%| E|CS|TAMS 0x000000008cf00000, 0x000000008cf00000| Complete 
| 132|0x000000008d000000, 0x000000008d100000, 0x000000008d100000|100%| E|CS|TAMS 0x000000008d000000, 0x000000008d000000| Complete 
| 133|0x000000008d100000, 0x000000008d200000, 0x000000008d200000|100%| E|CS|TAMS 0x000000008d100000, 0x000000008d100000| Complete 
| 134|0x000000008d200000, 0x000000008d300000, 0x000000008d300000|100%| E|CS|TAMS 0x000000008d200000, 0x000000008d200000| Complete 
| 135|0x000000008d300000, 0x000000008d400000, 0x000000008d400000|100%| E|CS|TAMS 0x000000008d300000, 0x000000008d300000| Complete 
| 136|0x000000008d400000, 0x000000008d500000, 0x000000008d500000|100%| E|CS|TAMS 0x000000008d400000, 0x000000008d400000| Complete 
| 137|0x000000008d500000, 0x000000008d600000, 0x000000008d600000|100%| E|CS|TAMS 0x000000008d500000, 0x000000008d500000| Complete 
| 138|0x000000008d600000, 0x000000008d700000, 0x000000008d700000|100%| E|CS|TAMS 0x000000008d600000, 0x000000008d600000| Complete 
| 139|0x000000008d700000, 0x000000008d800000, 0x000000008d800000|100%| E|CS|TAMS 0x000000008d700000, 0x000000008d700000| Complete 
| 140|0x000000008d800000, 0x000000008d900000, 0x000000008d900000|100%| E|CS|TAMS 0x000000008d800000, 0x000000008d800000| Complete 
| 141|0x000000008d900000, 0x000000008da00000, 0x000000008da00000|100%| E|CS|TAMS 0x000000008d900000, 0x000000008d900000| Complete 
| 142|0x000000008da00000, 0x000000008db00000, 0x000000008db00000|100%| E|CS|TAMS 0x000000008da00000, 0x000000008da00000| Complete 
| 143|0x000000008db00000, 0x000000008dc00000, 0x000000008dc00000|100%| E|CS|TAMS 0x000000008db00000, 0x000000008db00000| Complete 
| 144|0x000000008dc00000, 0x000000008dd00000, 0x000000008dd00000|100%| E|CS|TAMS 0x000000008dc00000, 0x000000008dc00000| Complete 
| 145|0x000000008dd00000, 0x000000008de00000, 0x000000008de00000|100%| E|CS|TAMS 0x000000008dd00000, 0x000000008dd00000| Complete 
| 146|0x000000008de00000, 0x000000008df00000, 0x000000008df00000|100%| E|CS|TAMS 0x000000008de00000, 0x000000008de00000| Complete 
| 147|0x000000008df00000, 0x000000008e000000, 0x000000008e000000|100%| E|CS|TAMS 0x000000008df00000, 0x000000008df00000| Complete 
| 148|0x000000008e000000, 0x000000008e100000, 0x000000008e100000|100%| E|CS|TAMS 0x000000008e000000, 0x000000008e000000| Complete 
| 149|0x000000008e100000, 0x000000008e200000, 0x000000008e200000|100%| E|CS|TAMS 0x000000008e100000, 0x000000008e100000| Complete 
| 150|0x000000008e200000, 0x000000008e300000, 0x000000008e300000|100%| E|CS|TAMS 0x000000008e200000, 0x000000008e200000| Complete 
| 151|0x000000008e300000, 0x000000008e400000, 0x000000008e400000|100%| E|CS|TAMS 0x000000008e300000, 0x000000008e300000| Complete 
| 152|0x000000008e400000, 0x000000008e500000, 0x000000008e500000|100%| E|CS|TAMS 0x000000008e400000, 0x000000008e400000| Complete 
| 153|0x000000008e500000, 0x000000008e600000, 0x000000008e600000|100%| E|CS|TAMS 0x000000008e500000, 0x000000008e500000| Complete 
| 154|0x000000008e600000, 0x000000008e700000, 0x000000008e700000|100%| E|CS|TAMS 0x000000008e600000, 0x000000008e600000| Complete 
| 155|0x000000008e700000, 0x000000008e800000, 0x000000008e800000|100%| E|CS|TAMS 0x000000008e700000, 0x000000008e700000| Complete 
| 156|0x000000008e800000, 0x000000008e900000, 0x000000008e900000|100%| E|CS|TAMS 0x000000008e800000, 0x000000008e800000| Complete 
| 157|0x000000008e900000, 0x000000008ea00000, 0x000000008ea00000|100%| E|CS|TAMS 0x000000008e900000, 0x000000008e900000| Complete 
| 158|0x000000008ea00000, 0x000000008eb00000, 0x000000008eb00000|100%| E|CS|TAMS 0x000000008ea00000, 0x000000008ea00000| Complete 
| 159|0x000000008eb00000, 0x000000008ec00000, 0x000000008ec00000|100%| E|CS|TAMS 0x000000008eb00000, 0x000000008eb00000| Complete 
| 160|0x000000008ec00000, 0x000000008ed00000, 0x000000008ed00000|100%| E|CS|TAMS 0x000000008ec00000, 0x000000008ec00000| Complete 
| 161|0x000000008ed00000, 0x000000008ee00000, 0x000000008ee00000|100%| E|CS|TAMS 0x000000008ed00000, 0x000000008ed00000| Complete 
| 162|0x000000008ee00000, 0x000000008ef00000, 0x000000008ef00000|100%| E|CS|TAMS 0x000000008ee00000, 0x000000008ee00000| Complete 
| 163|0x000000008ef00000, 0x000000008f000000, 0x000000008f000000|100%| E|CS|TAMS 0x000000008ef00000, 0x000000008ef00000| Complete 
| 164|0x000000008f000000, 0x000000008f100000, 0x000000008f100000|100%| E|CS|TAMS 0x000000008f000000, 0x000000008f000000| Complete 
| 165|0x000000008f100000, 0x000000008f200000, 0x000000008f200000|100%| E|CS|TAMS 0x000000008f100000, 0x000000008f100000| Complete 
| 166|0x000000008f200000, 0x000000008f300000, 0x000000008f300000|100%| E|CS|TAMS 0x000000008f200000, 0x000000008f200000| Complete 
| 167|0x000000008f300000, 0x000000008f400000, 0x000000008f400000|100%| E|CS|TAMS 0x000000008f300000, 0x000000008f300000| Complete 
| 168|0x000000008f400000, 0x000000008f500000, 0x000000008f500000|100%| E|CS|TAMS 0x000000008f400000, 0x000000008f400000| Complete 
| 169|0x000000008f500000, 0x000000008f600000, 0x000000008f600000|100%| E|CS|TAMS 0x000000008f500000, 0x000000008f500000| Complete 
| 170|0x000000008f600000, 0x000000008f700000, 0x000000008f700000|100%| E|CS|TAMS 0x000000008f600000, 0x000000008f600000| Complete 
| 171|0x000000008f700000, 0x000000008f800000, 0x000000008f800000|100%| E|CS|TAMS 0x000000008f700000, 0x000000008f700000| Complete 
| 172|0x000000008f800000, 0x000000008f900000, 0x000000008f900000|100%| E|CS|TAMS 0x000000008f800000, 0x000000008f800000| Complete 
| 173|0x000000008f900000, 0x000000008fa00000, 0x000000008fa00000|100%| E|CS|TAMS 0x000000008f900000, 0x000000008f900000| Complete 
| 174|0x000000008fa00000, 0x000000008fb00000, 0x000000008fb00000|100%| E|CS|TAMS 0x000000008fa00000, 0x000000008fa00000| Complete 
| 175|0x000000008fb00000, 0x000000008fc00000, 0x000000008fc00000|100%| E|CS|TAMS 0x000000008fb00000, 0x000000008fb00000| Complete 
| 176|0x000000008fc00000, 0x000000008fd00000, 0x000000008fd00000|100%| E|CS|TAMS 0x000000008fc00000, 0x000000008fc00000| Complete 
| 177|0x000000008fd00000, 0x000000008fe00000, 0x000000008fe00000|100%| E|CS|TAMS 0x000000008fd00000, 0x000000008fd00000| Complete 
| 178|0x000000008fe00000, 0x000000008ff00000, 0x000000008ff00000|100%| E|CS|TAMS 0x000000008fe00000, 0x000000008fe00000| Complete 

Card table byte_map: [0x000001afe9c20000,0x000001afea000000] _byte_map_base: 0x000001afe97fa000

Marking Bits (Prev, Next): (CMBitMap*) 0x000001afd2401860, (CMBitMap*) 0x000001afd2401828
 Prev Bits: [0x000001afec2b0000, 0x000001afee180000)
 Next Bits: [0x000001afea3e0000, 0x000001afec2b0000)

Polling page: 0x000001afd03b0000

Metaspace:

Usage:
  Non-class:     57.72 MB capacity,    56.74 MB ( 98%) used,   807.43 KB (  1%) free+waste,   196.56 KB ( <1%) overhead. 
      Class:      8.87 MB capacity,     8.27 MB ( 93%) used,   522.02 KB (  6%) free+waste,    91.00 KB (  1%) overhead. 
       Both:     66.58 MB capacity,    65.00 MB ( 98%) used,     1.30 MB (  2%) free+waste,   287.56 KB ( <1%) overhead. 

Virtual space:
  Non-class space:       58.00 MB reserved,      57.75 MB (>99%) committed 
      Class space:        1.00 GB reserved,       8.88 MB ( <1%) committed 
             Both:        1.06 GB reserved,      66.63 MB (  6%) committed 

Chunk freelists:
   Non-Class:  4.38 KB
       Class:  1.13 KB
        Both:  5.50 KB

CodeHeap 'non-profiled nmethods': size=120064Kb used=3697Kb max_used=3697Kb free=116366Kb
 bounds [0x000001afe2300000, 0x000001afe26a0000, 0x000001afe9840000]
CodeHeap 'profiled nmethods': size=120000Kb used=13645Kb max_used=13645Kb free=106354Kb
 bounds [0x000001afdadd0000, 0x000001afdbb30000, 0x000001afe2300000]
CodeHeap 'non-nmethods': size=5696Kb used=1228Kb max_used=1295Kb free=4467Kb
 bounds [0x000001afda840000, 0x000001afdaab0000, 0x000001afdadd0000]
 total_blobs=6426 nmethods=5841 adapters=496
 compilation: enabled
              stopped_count=0, restarted_count=0
 full_count=0

Compilation events (10 events):
Event: 15.930 Thread 0x000001aff06a3000 5872       3       java.util.regex.Pattern$SliceNode::<init> (10 bytes)
Event: 15.930 Thread 0x000001aff06a3000 nmethod 5872 0x000001afdbb1ff90 code [0x000001afdbb20140, 0x000001afdbb203b8]
Event: 15.931 Thread 0x000001aff06a3000 5873       3       org.apache.tomcat.util.buf.MessageBytes::equalsIgnoreCase (78 bytes)
Event: 15.932 Thread 0x000001aff06a3000 nmethod 5873 0x000001afdbb20490 code [0x000001afdbb20660, 0x000001afdbb20968]
Event: 15.932 Thread 0x000001aff06a3000 5874       3       java.util.StringTokenizer::<init> (52 bytes)
Event: 15.933 Thread 0x000001aff06a3000 nmethod 5874 0x000001afdbb20a90 code [0x000001afdbb20c60, 0x000001afdbb20fc8]
Event: 15.933 Thread 0x000001aff06a3000 5875       3       java.util.StringTokenizer::setMaxDelimCodePoint (156 bytes)
Event: 15.934 Thread 0x000001aff06a3000 nmethod 5875 0x000001afdbb21190 code [0x000001afdbb21400, 0x000001afdbb22118]
Event: 15.934 Thread 0x000001aff06a3000 5876       3       org.apache.tomcat.util.buf.ByteChunk::equalsIgnoreCase (76 bytes)
Event: 15.935 Thread 0x000001aff06a3000 nmethod 5876 0x000001afdbb22610 code [0x000001afdbb22860, 0x000001afdbb23258]

GC Heap History (10 events):
Event: 3.279 GC heap before
{Heap before GC invocations=6 (full 0):
 garbage-first heap   total 126976K, used 78535K [0x0000000084c00000, 0x0000000100000000)
  region size 1024K, 74 young (75776K), 8 survivors (8192K)
 Metaspace       used 32344K, capacity 33198K, committed 33408K, reserved 1079296K
  class space    used 3793K, capacity 4131K, committed 4224K, reserved 1048576K
}
Event: 3.289 GC heap after
{Heap after GC invocations=7 (full 0):
 garbage-first heap   total 152576K, used 14344K [0x0000000084c00000, 0x0000000100000000)
  region size 1024K, 6 young (6144K), 6 survivors (6144K)
 Metaspace       used 32344K, capacity 33198K, committed 33408K, reserved 1079296K
  class space    used 3793K, capacity 4131K, committed 4224K, reserved 1048576K
}
Event: 3.790 GC heap before
{Heap before GC invocations=7 (full 0):
 garbage-first heap   total 152576K, used 40968K [0x0000000084c00000, 0x0000000100000000)
  region size 1024K, 33 young (33792K), 6 survivors (6144K)
 Metaspace       used 34912K, capacity 35737K, committed 35840K, reserved 1081344K
  class space    used 4098K, capacity 4440K, committed 4480K, reserved 1048576K
}
Event: 3.797 GC heap after
{Heap after GC invocations=8 (full 0):
 garbage-first heap   total 152576K, used 15349K [0x0000000084c00000, 0x0000000100000000)
  region size 1024K, 7 young (7168K), 7 survivors (7168K)
 Metaspace       used 34912K, capacity 35737K, committed 35840K, reserved 1081344K
  class space    used 4098K, capacity 4440K, committed 4480K, reserved 1048576K
}
Event: 4.756 GC heap before
{Heap before GC invocations=9 (full 0):
 garbage-first heap   total 152576K, used 98293K [0x0000000084c00000, 0x0000000100000000)
  region size 1024K, 89 young (91136K), 7 survivors (7168K)
 Metaspace       used 39777K, capacity 40863K, committed 40960K, reserved 1085440K
  class space    used 4669K, capacity 5114K, committed 5120K, reserved 1048576K
}
Event: 4.767 GC heap after
{Heap after GC invocations=10 (full 0):
 garbage-first heap   total 152576K, used 18406K [0x0000000084c00000, 0x0000000100000000)
  region size 1024K, 7 young (7168K), 7 survivors (7168K)
 Metaspace       used 39777K, capacity 40863K, committed 40960K, reserved 1085440K
  class space    used 4669K, capacity 5114K, committed 5120K, reserved 1048576K
}
Event: 6.330 GC heap before
{Heap before GC invocations=10 (full 0):
 garbage-first heap   total 152576K, used 101350K [0x0000000084c00000, 0x0000000100000000)
  region size 1024K, 89 young (91136K), 7 survivors (7168K)
 Metaspace       used 50532K, capacity 51715K, committed 51840K, reserved 1093632K
  class space    used 6228K, capacity 6704K, committed 6784K, reserved 1048576K
}
Event: 6.339 GC heap after
{Heap after GC invocations=11 (full 0):
 garbage-first heap   total 152576K, used 20907K [0x0000000084c00000, 0x0000000100000000)
  region size 1024K, 8 young (8192K), 8 survivors (8192K)
 Metaspace       used 50532K, capacity 51715K, committed 51840K, reserved 1093632K
  class space    used 6228K, capacity 6704K, committed 6784K, reserved 1048576K
}
Event: 7.311 GC heap before
{Heap before GC invocations=11 (full 0):
 garbage-first heap   total 152576K, used 68011K [0x0000000084c00000, 0x0000000100000000)
  region size 1024K, 55 young (56320K), 8 survivors (8192K)
 Metaspace       used 58632K, capacity 59917K, committed 60160K, reserved 1101824K
  class space    used 7426K, capacity 7936K, committed 7936K, reserved 1048576K
}
Event: 7.320 GC heap after
{Heap after GC invocations=12 (full 0):
 garbage-first heap   total 183296K, used 23128K [0x0000000084c00000, 0x0000000100000000)
  region size 1024K, 8 young (8192K), 8 survivors (8192K)
 Metaspace       used 58632K, capacity 59917K, committed 60160K, reserved 1101824K
  class space    used 7426K, capacity 7936K, committed 7936K, reserved 1048576K
}

Deoptimization events (10 events):
Event: 8.601 Thread 0x000001aff191f000 Uncommon trap: reason=class_check action=maybe_recompile pc=0x000001afe266fbcc method=org.springframework.core.annotation.AnnotatedElementUtils.searchWithGetSemanticsInAnnotations(Ljava/lang/reflect/AnnotatedElement;Ljava/util/List;Ljava/util/Set;Ljava/la
Event: 8.601 Thread 0x000001aff191f000 Uncommon trap: reason=unstable_if action=reinterpret pc=0x000001afe266fab0 method=org.springframework.core.annotation.AnnotatedElementUtils.searchWithGetSemanticsInAnnotations(Ljava/lang/reflect/AnnotatedElement;Ljava/util/List;Ljava/util/Set;Ljava/lang/S
Event: 8.622 Thread 0x000001aff191f000 Uncommon trap: reason=speculate_class_check action=maybe_recompile pc=0x000001afe26743c0 method=java.lang.reflect.Executable.declaredAnnotations()Ljava/util/Map; @ 23 c2
Event: 8.622 Thread 0x000001aff191f000 Uncommon trap: reason=speculate_class_check action=maybe_recompile pc=0x000001afe26743c0 method=java.lang.reflect.Executable.declaredAnnotations()Ljava/util/Map; @ 23 c2
Event: 8.632 Thread 0x000001aff191f000 Uncommon trap: reason=unstable_if action=reinterpret pc=0x000001afe24b3678 method=org.springframework.util.ConcurrentReferenceHashMap$Segment.clear()V @ 4 c2
Event: 8.671 Thread 0x000001aff191f000 Uncommon trap: reason=class_check action=maybe_recompile pc=0x000001afe2620fe0 method=org.springframework.util.ConcurrentReferenceHashMap$ReferenceManager.pollForPurge()Lorg/springframework/util/ConcurrentReferenceHashMap$Reference; @ 7 c2
Event: 8.671 Thread 0x000001aff191f000 Uncommon trap: reason=class_check action=maybe_recompile pc=0x000001afe2620fe0 method=org.springframework.util.ConcurrentReferenceHashMap$ReferenceManager.pollForPurge()Lorg/springframework/util/ConcurrentReferenceHashMap$Reference; @ 7 c2
Event: 8.671 Thread 0x000001aff191f000 Uncommon trap: reason=class_check action=maybe_recompile pc=0x000001afe2620fe0 method=org.springframework.util.ConcurrentReferenceHashMap$ReferenceManager.pollForPurge()Lorg/springframework/util/ConcurrentReferenceHashMap$Reference; @ 7 c2
Event: 8.671 Thread 0x000001aff191f000 Uncommon trap: reason=class_check action=maybe_recompile pc=0x000001afe2620fe0 method=org.springframework.util.ConcurrentReferenceHashMap$ReferenceManager.pollForPurge()Lorg/springframework/util/ConcurrentReferenceHashMap$Reference; @ 7 c2
Event: 9.620 Thread 0x000001aff4a5b800 Uncommon trap: reason=predicate action=maybe_recompile pc=0x000001afe24cef8c method=java.util.AbstractCollection.containsAll(Ljava/util/Collection;)Z @ 13 c2

Classes redefined (0 events):
No events

Internal exceptions (10 events):
Event: 7.963 Thread 0x000001aff191f000 Exception <a 'java/lang/ClassNotFoundException'{0x000000008e2fdcc0}: org/springframework/boot/autoconfigure/web/servlet/WebMvcAutoConfiguration$EnableWebMvcConfiguration$$EnhancerBySpringCGLIB$$8dfd67d4Customizer> (0x000000008e2fdcc0) thrown at [./open/sr
Event: 7.965 Thread 0x000001aff191f000 Exception <a 'java/lang/ClassNotFoundException'{0x000000008e1255a8}: org/springframework/context/annotation/ConfigurationClassEnhancer$EnhancedConfigurationCustomizer> (0x000000008e1255a8) thrown at [./open/src/hotspot/share/classfile/systemDictionary.cpp
Event: 7.966 Thread 0x000001aff191f000 Exception <a 'java/lang/ClassNotFoundException'{0x000000008e132950}: org/springframework/beans/factory/BeanFactoryAwareCustomizer> (0x000000008e132950) thrown at [./open/src/hotspot/share/classfile/systemDictionary.cpp, line 228]
Event: 7.967 Thread 0x000001aff191f000 Exception <a 'java/lang/ClassNotFoundException'{0x000000008e13f4e8}: org/springframework/beans/factory/AwareCustomizer> (0x000000008e13f4e8) thrown at [./open/src/hotspot/share/classfile/systemDictionary.cpp, line 228]
Event: 7.967 Thread 0x000001aff191f000 Exception <a 'java/lang/ClassNotFoundException'{0x000000008e14c8a8}: org/springframework/context/ApplicationContextAwareCustomizer> (0x000000008e14c8a8) thrown at [./open/src/hotspot/share/classfile/systemDictionary.cpp, line 228]
Event: 7.968 Thread 0x000001aff191f000 Exception <a 'java/lang/ClassNotFoundException'{0x000000008e159878}: org/springframework/beans/factory/AwareCustomizer> (0x000000008e159878) thrown at [./open/src/hotspot/share/classfile/systemDictionary.cpp, line 228]
Event: 7.969 Thread 0x000001aff191f000 Exception <a 'java/lang/ClassNotFoundException'{0x000000008e166c00}: org/springframework/web/context/ServletContextAwareCustomizer> (0x000000008e166c00) thrown at [./open/src/hotspot/share/classfile/systemDictionary.cpp, line 228]
Event: 7.970 Thread 0x000001aff191f000 Exception <a 'java/lang/ClassNotFoundException'{0x000000008e1736a8}: org/springframework/beans/factory/AwareCustomizer> (0x000000008e1736a8) thrown at [./open/src/hotspot/share/classfile/systemDictionary.cpp, line 228]
Event: 8.147 Thread 0x000001aff191f000 Exception <a 'java/lang/NoSuchMethodError'{0x000000008d431cd0}: java.lang.invoke.DirectMethodHandle$Holder.invokeVirtual(Ljava/lang/Object;Ljava/lang/Object;I)V> (0x000000008d431cd0) thrown at [./open/src/hotspot/share/interpreter/linkResolver.cpp, line 7
Event: 8.663 Thread 0x000001aff191f000 Exception <a 'java/lang/NoSuchMethodError'{0x000000008b515110}: java.lang.invoke.DirectMethodHandle$Holder.newInvokeSpecial(Ljava/lang/Object;I)Ljava/lang/Object;> (0x000000008b515110) thrown at [./open/src/hotspot/share/interpreter/linkResolver.cpp, line

Events (10 events):
Event: 15.938 loading class org/springframework/web/servlet/mvc/condition/ProducesRequestCondition$ProduceMediaTypeExpression
Event: 15.938 loading class org/springframework/web/servlet/mvc/condition/ProducesRequestCondition$ProduceMediaTypeExpression done
Event: 15.939 loading class org/springframework/web/servlet/handler/AbstractHandlerMethodMapping$MatchComparator
Event: 15.939 loading class org/springframework/web/servlet/handler/AbstractHandlerMethodMapping$MatchComparator done
Event: 15.939 loading class javax/servlet/http/HttpServletRequest
Event: 15.939 loading class javax/servlet/http/HttpServletRequest done
Event: 15.939 loading class org/springframework/web/servlet/mvc/method/RequestMappingInfo
Event: 15.939 loading class org/springframework/web/servlet/mvc/method/RequestMappingInfo done
Event: 15.939 loading class javax/servlet/http/HttpServletRequest
Event: 15.939 loading class javax/servlet/http/HttpServletRequest done


Dynamic libraries:
0x00007ff7651b0000 - 0x00007ff7651bf000 	C:\Program Files\Java\jdk-11.0.10\bin\java.exe
0x00007ffc9d7b0000 - 0x00007ffc9d9a5000 	C:\WINDOWS\SYSTEM32\ntdll.dll
0x00007ffc9ce30000 - 0x00007ffc9ceed000 	C:\WINDOWS\System32\KERNEL32.DLL
0x00007ffc9af70000 - 0x00007ffc9b238000 	C:\WINDOWS\System32\KERNELBASE.dll
0x00007ffc98270000 - 0x00007ffc98300000 	C:\WINDOWS\SYSTEM32\apphelp.dll
0x00007ffc9b3a0000 - 0x00007ffc9b4a0000 	C:\WINDOWS\System32\ucrtbase.dll
0x00007ffc968c0000 - 0x00007ffc968d8000 	C:\Program Files\Java\jdk-11.0.10\bin\jli.dll
0x00007ffc9d2d0000 - 0x00007ffc9d37c000 	C:\WINDOWS\System32\ADVAPI32.dll
0x00007ffc9bc90000 - 0x00007ffc9bd2e000 	C:\WINDOWS\System32\msvcrt.dll
0x00007ffc9d380000 - 0x00007ffc9d41b000 	C:\WINDOWS\System32\sechost.dll
0x00007ffc9cb70000 - 0x00007ffc9cc9b000 	C:\WINDOWS\System32\RPCRT4.dll
0x00007ffc9d420000 - 0x00007ffc9d5c0000 	C:\WINDOWS\System32\USER32.dll
0x00007ffc9b660000 - 0x00007ffc9b682000 	C:\WINDOWS\System32\win32u.dll
0x00007ffc9b8f0000 - 0x00007ffc9b91a000 	C:\WINDOWS\System32\GDI32.dll
0x00007ffc9b4a0000 - 0x00007ffc9b5ab000 	C:\WINDOWS\System32\gdi32full.dll
0x00007ffc9b6f0000 - 0x00007ffc9b78d000 	C:\WINDOWS\System32\msvcp_win.dll
0x00007ffc72010000 - 0x00007ffc72025000 	C:\Program Files\Java\jdk-11.0.10\bin\VCRUNTIME140.dll
0x00007ffc6a710000 - 0x00007ffc6a9aa000 	C:\WINDOWS\WinSxS\amd64_microsoft.windows.common-controls_6595b64144ccf1df_6.0.19041.844_none_ca00b6081b84eb1d\COMCTL32.dll
0x00007ffc926e0000 - 0x00007ffc926ea000 	C:\WINDOWS\SYSTEM32\VERSION.dll
0x00007ffc9b9a0000 - 0x00007ffc9b9d0000 	C:\WINDOWS\System32\IMM32.DLL
0x00007ffc66a90000 - 0x00007ffc66b2b000 	C:\Program Files\Java\jdk-11.0.10\bin\msvcp140.dll
0x00007ffc12c80000 - 0x00007ffc1377b000 	C:\Program Files\Java\jdk-11.0.10\bin\server\jvm.dll
0x00007ffc9bd30000 - 0x00007ffc9bd38000 	C:\WINDOWS\System32\PSAPI.DLL
0x00007ffc804c0000 - 0x00007ffc804c9000 	C:\WINDOWS\SYSTEM32\WSOCK32.dll
0x00007ffc9d260000 - 0x00007ffc9d2cb000 	C:\WINDOWS\System32\WS2_32.dll
0x00007ffc85090000 - 0x00007ffc850b7000 	C:\WINDOWS\SYSTEM32\WINMM.dll
0x00007ffc99810000 - 0x00007ffc99822000 	C:\WINDOWS\SYSTEM32\kernel.appcore.dll
0x00007ffc957f0000 - 0x00007ffc95800000 	C:\Program Files\Java\jdk-11.0.10\bin\verify.dll
0x00007ffc995a0000 - 0x00007ffc99784000 	C:\WINDOWS\SYSTEM32\DBGHELP.DLL
0x00007ffc80410000 - 0x00007ffc8043c000 	C:\WINDOWS\SYSTEM32\dbgcore.DLL
0x00007ffc9b790000 - 0x00007ffc9b810000 	C:\WINDOWS\System32\bcryptPrimitives.dll
0x00007ffc66a60000 - 0x00007ffc66a88000 	C:\Program Files\Java\jdk-11.0.10\bin\java.dll
0x00007ffc95780000 - 0x00007ffc9578a000 	C:\Program Files\Java\jdk-11.0.10\bin\jimage.dll
0x00007ffc66a40000 - 0x00007ffc66a56000 	C:\Program Files\Java\jdk-11.0.10\bin\zip.dll
0x00007ffc9be10000 - 0x00007ffc9c552000 	C:\WINDOWS\System32\SHELL32.dll
0x00007ffc98d50000 - 0x00007ffc994e0000 	C:\WINDOWS\SYSTEM32\windows.storage.dll
0x00007ffc9cef0000 - 0x00007ffc9d245000 	C:\WINDOWS\System32\combase.dll
0x00007ffc9a960000 - 0x00007ffc9a98c000 	C:\WINDOWS\SYSTEM32\Wldp.dll
0x00007ffc9ba60000 - 0x00007ffc9bb0e000 	C:\WINDOWS\System32\SHCORE.dll
0x00007ffc9b890000 - 0x00007ffc9b8e5000 	C:\WINDOWS\System32\shlwapi.dll
0x00007ffc9ae30000 - 0x00007ffc9ae4f000 	C:\WINDOWS\SYSTEM32\profapi.dll
0x00007ffc66a20000 - 0x00007ffc66a39000 	C:\Program Files\Java\jdk-11.0.10\bin\net.dll
0x00007ffc87190000 - 0x00007ffc8729b000 	C:\WINDOWS\SYSTEM32\WINHTTP.dll
0x00007ffc9a6d0000 - 0x00007ffc9a73a000 	C:\WINDOWS\system32\mswsock.dll
0x00007ffc61ca0000 - 0x00007ffc61cb2000 	C:\Program Files\Java\jdk-11.0.10\bin\nio.dll
0x00007ffc8dc20000 - 0x00007ffc8dc29000 	C:\Program Files\Java\jdk-11.0.10\bin\management.dll
0x00007ffc867f0000 - 0x00007ffc867fb000 	C:\Program Files\Java\jdk-11.0.10\bin\management_ext.dll
0x00007ffc71cf0000 - 0x00007ffc71d07000 	C:\WINDOWS\system32\napinsp.dll
0x00007ffc71cd0000 - 0x00007ffc71ceb000 	C:\WINDOWS\system32\pnrpnsp.dll
0x00007ffc95b10000 - 0x00007ffc95b25000 	C:\WINDOWS\system32\wshbth.dll
0x00007ffc966a0000 - 0x00007ffc966bd000 	C:\WINDOWS\system32\NLAapi.dll
0x00007ffc9a370000 - 0x00007ffc9a3ab000 	C:\WINDOWS\SYSTEM32\IPHLPAPI.DLL
0x00007ffc9a3b0000 - 0x00007ffc9a47c000 	C:\WINDOWS\SYSTEM32\DNSAPI.dll
0x00007ffc9d250000 - 0x00007ffc9d258000 	C:\WINDOWS\System32\NSI.dll
0x00007ffc71cb0000 - 0x00007ffc71cc2000 	C:\WINDOWS\System32\winrnr.dll
0x00007ffc85f90000 - 0x00007ffc85f9a000 	C:\Windows\System32\rasadhlp.dll
0x00007ffc85de0000 - 0x00007ffc85e5f000 	C:\WINDOWS\System32\fwpuclnt.dll
0x00007ffc9aef0000 - 0x00007ffc9af17000 	C:\WINDOWS\System32\bcrypt.dll
0x00007ffc9a8a0000 - 0x00007ffc9a8b8000 	C:\WINDOWS\SYSTEM32\CRYPTSP.dll
0x00007ffc9a000000 - 0x00007ffc9a034000 	C:\WINDOWS\system32\rsaenh.dll
0x00007ffc9adf0000 - 0x00007ffc9ae1e000 	C:\WINDOWS\SYSTEM32\USERENV.dll
0x00007ffc9a8c0000 - 0x00007ffc9a8cc000 	C:\WINDOWS\SYSTEM32\CRYPTBASE.dll
0x00007ffc98d30000 - 0x00007ffc98d47000 	C:\WINDOWS\SYSTEM32\dhcpcsvc6.DLL
0x00007ffc98d10000 - 0x00007ffc98d2d000 	C:\WINDOWS\SYSTEM32\dhcpcsvc.DLL

dbghelp: loaded successfully - version: 4.0.5 - missing functions: none
symbol engine: initialized successfully - sym options: 0x614 - pdb path: .;C:\Program Files\Java\jdk-11.0.10\bin;C:\WINDOWS\SYSTEM32;C:\WINDOWS\WinSxS\amd64_microsoft.windows.common-controls_6595b64144ccf1df_6.0.19041.844_none_ca00b6081b84eb1d;C:\Program Files\Java\jdk-11.0.10\bin\server

VM Arguments:
java_command: com.launchacademy.PetAdoptionsApplication
java_class_path (initial): C:\Users\sinaf\challenges\java-spring-express-refactor\target\classes;C:\Users\sinaf\.m2\repository\org\springframework\boot\spring-boot-starter-data-jpa\2.1.6.RELEASE\spring-boot-starter-data-jpa-2.1.6.RELEASE.jar;C:\Users\sinaf\.m2\repository\org\springframework\boot\spring-boot-starter-aop\2.1.6.RELEASE\spring-boot-starter-aop-2.1.6.RELEASE.jar;C:\Users\sinaf\.m2\repository\org\springframework\spring-aop\5.1.8.RELEASE\spring-aop-5.1.8.RELEASE.jar;C:\Users\sinaf\.m2\repository\org\aspectj\aspectjweaver\1.9.4\aspectjweaver-1.9.4.jar;C:\Users\sinaf\.m2\repository\org\springframework\boot\spring-boot-starter-jdbc\2.1.6.RELEASE\spring-boot-starter-jdbc-2.1.6.RELEASE.jar;C:\Users\sinaf\.m2\repository\com\zaxxer\HikariCP\3.2.0\HikariCP-3.2.0.jar;C:\Users\sinaf\.m2\repository\org\springframework\spring-jdbc\5.1.8.RELEASE\spring-jdbc-5.1.8.RELEASE.jar;C:\Users\sinaf\.m2\repository\javax\transaction\javax.transaction-api\1.3\javax.transaction-api-1.3.jar;C:\Users\sinaf\.m2\repository\javax\xml\bind\jaxb-api\2.3.1\jaxb-api-2.3.1.jar;C:\Users\sinaf\.m2\repository\javax\activation\javax.activation-api\1.2.0\javax.activation-api-1.2.0.jar;C:\Users\sinaf\.m2\repository\org\hibernate\hibernate-core\5.3.10.Final\hibernate-core-5.3.10.Final.jar;C:\Users\sinaf\.m2\repository\org\jboss\logging\jboss-logging\3.3.2.Final\jboss-logging-3.3.2.Final.jar;C:\Users\sinaf\.m2\repository\javax\persistence\javax.persistence-api\2.2\javax.persistence-api-2.2.jar;C:\Users\sinaf\.m2\repository\org\javassist\javassist\3.23.2-GA\javassist-3.23.2-GA.jar;C:\Users\sinaf\.m2\repository\net\bytebuddy\byte-buddy\1.9.13\byte-buddy-1.9.13.jar;C:\Users\sinaf\.m2\repository\antlr\antlr\2.7.7\antlr-2.7.7.jar;C:\Users\sinaf\.m2\repository\org\jboss\jandex\2.0.5.Final\jandex-2.0.5.Final.jar;C:\Users\sinaf\.m2\repository\com\fasterxml\classmate\1.4.0\classmate-1.4.0.jar;C:\Users\sinaf\.m2\repository\org\dom4j\dom4j\2.1.1\dom4j-2.1.1.jar;C:\Users\sinaf\.m2\repository\org\hibernate\com
Launcher Type: SUN_STANDARD

[Global flags]
     intx CICompilerCount                          = 3                                         {product} {ergonomic}
     uint ConcGCThreads                            = 1                                         {product} {ergonomic}
     uint G1ConcRefinementThreads                  = 4                                         {product} {ergonomic}
   size_t G1HeapRegionSize                         = 1048576                                   {product} {ergonomic}
    uintx GCDrainStackTargetSize                   = 64                                        {product} {ergonomic}
   size_t InitialHeapSize                          = 130023424                                 {product} {ergonomic}
   size_t MarkStackSize                            = 4194304                                   {product} {ergonomic}
   size_t MaxHeapSize                              = 2067791872                                {product} {ergonomic}
   size_t MaxNewSize                               = 1240465408                                {product} {ergonomic}
   size_t MinHeapDeltaBytes                        = 1048576                                   {product} {ergonomic}
    uintx NonNMethodCodeHeapSize                   = 5830732                                {pd product} {ergonomic}
    uintx NonProfiledCodeHeapSize                  = 122913754                              {pd product} {ergonomic}
    uintx ProfiledCodeHeapSize                     = 122913754                              {pd product} {ergonomic}
    uintx ReservedCodeCacheSize                    = 251658240                              {pd product} {ergonomic}
     bool SegmentedCodeCache                       = true                                      {product} {ergonomic}
     bool UseCompressedClassPointers               = true                                 {lp64_product} {ergonomic}
     bool UseCompressedOops                        = true                                 {lp64_product} {ergonomic}
     bool UseG1GC                                  = true                                      {product} {ergonomic}
     bool UseLargePagesIndividualAllocation        = false                                  {pd product} {ergonomic}

Logging:
Log output configuration:
 #0: stdout all=warning uptime,level,tags
 #1: stderr all=off uptime,level,tags

Environment Variables:
JAVA_HOME=
PATH=C:\Users\sinaf\bin;C:\Program Files\Git\mingw64\bin;C:\Program Files\Git\usr\local\bin;C:\Program Files\Git\usr\bin;C:\Program Files\Git\usr\bin;C:\Program Files\Git\mingw64\bin;C:\Program Files\Git\usr\bin;C:\Users\sinaf\bin;C:\Program Files\Common Files\Oracle\Java\javapath;C:\Python39\Scripts;C:\Python39;C:\Program Files\Microsoft MPI\Bin;C:\WINDOWS\system32;C:\WINDOWS;C:\WINDOWS\System32\Wbem;C:\WINDOWS\System32\WindowsPowerShell\v1.0;C:\WINDOWS\System32\OpenSSH;C:\Program Files\Microsoft SQL Server\Client SDK\ODBC\170\Tools\Binn;C:\Program Files (x86)\Microsoft SQL Server\150\Tools\Binn;C:\Program Files\Microsoft SQL Server\150\Tools\Binn;C:\Program Files\Microsoft SQL Server\150\DTS\Binn;C:\Program Files (x86)\Microsoft SQL Server\150\DTS\Binn;C:\Program Files\dotnet;C:\Program Files\Microsoft SQL Server\130\Tools\Binn;C:\Program Files\Git\cmd;C:\Program Files\Git\mingw64\bin;C:\Program Files\Git\usr\bin;C:\Program Files (x86)\Yarn\bin;C:\Program Files (x86)\dotnet;C:\Program Files\nodejs;C:\ProgramData\chocolatey\bin;C:\Program Files\JetBrains\IntelliJ IDEA Community Edition 2020.3.3\bin;C:\Program Files\Java\jdk-11.0.10\bin;C:\Users\sinaf\AppData\Local\Microsoft\WindowsApps;C:\Users\sinaf\AppData\Local\Programs\Microsoft VS Code\bin;C:\Users\sinaf\AppData\Local\Yarn\bin;C:\Users\sinaf\AppData\Roaming\npm;C:\Users\sinaf\AppData\Local\GitHubDesktop\bin;C:\Program Files\PostgreSQL\12\bin;C:\Program Files\Git\usr\bin\vendor_perl;C:\Program Files\Git\usr\bin\core_perl
USERNAME=sinaf
SHELL=C:\Program Files\Git\usr\bin\bash.exe
DISPLAY=needs-to-be-defined
OS=Windows_NT
PROCESSOR_IDENTIFIER=Intel64 Family 6 Model 126 Stepping 5, GenuineIntel



---------------  S Y S T E M  ---------------

OS: Windows 10 , 64 bit Build 19041 (10.0.19041.928)

CPU:total 4 (initial active 4) (2 cores per cpu, 2 threads per core) family 6 model 126 stepping 5 microcode 0xa0, cmov, cx8, fxsr, mmx, sse, sse2, sse3, ssse3, sse4.1, sse4.2, popcnt, avx, avx2, aes, clmul, erms, 3dnowpref, lzcnt, ht, tsc, tscinvbit, bmi1, bmi2, adx, evex, sha, fma

Memory: 4k page, system-wide physical 7881M (1150M free)
TotalPageFile size 16970M (AvailPageFile size 1794M)
current process WorkingSet (physical memory assigned to process): 311M, peak: 334M
current process commit charge ("private bytes"): 379M, peak: 399M

vm_info: Java HotSpot(TM) 64-Bit Server VM (11.0.10+8-LTS-162) for windows-amd64 JRE (11.0.10+8-LTS-162), built on Dec  8 2020 16:32:57 by "mach5one" with MS VC++ 15.9 (VS2017)

END.
