#
# A fatal error has been detected by the Java Runtime Environment:
#
#  EXCEPTION_ACCESS_VIOLATION (0xc0000005) at pc=0x00007ffc07ed669c, pid=17512, tid=32572
#
# JRE version: Java(TM) SE Runtime Environment 18.9 (11.0.10+8) (build 11.0.10+8-LTS-162)
# Java VM: Java HotSpot(TM) 64-Bit Server VM 18.9 (11.0.10+8-LTS-162, mixed mode, tiered, compressed oops, g1 gc, windows-amd64)
# Problematic frame:
# V  [jvm.dll+0x20669c]
#
# No core dump will be written. Minidumps are not enabled by default on client versions of Windows
#
# If you would like to submit a bug report, please visit:
#   https://bugreport.java.com/bugreport/crash.jsp
#

---------------  S U M M A R Y ------------

Command Line: com.launchacademy.PetAdoptionsApplication

Host: Intel(R) Core(TM) i3-1005G1 CPU @ 1.20GHz, 4 cores, 7G,  Windows 10 , 64 bit Build 19041 (10.0.19041.928)
Time: Sun May 30 11:05:41 2021 Pacific Daylight Time elapsed time: 7.571333 seconds (0d 0h 0m 7s)

---------------  T H R E A D  ---------------

Current thread (0x00000227532ca800):  JavaThread "C2 CompilerThread1" daemon [_thread_in_native, id=32572, stack(0x000000ab9a800000,0x000000ab9a900000)]


Current CompileTask:
C2:   7571 5191   !   4       org.postgresql.jdbc.PgConnection::encodeString (32 bytes)

Stack: [0x000000ab9a800000,0x000000ab9a900000],  sp=0x000000ab9a8fd4b0,  free space=1013k
Native frames: (J=compiled Java code, j=interpreted, Vv=VM code, C=native code)
V  [jvm.dll+0x20669c]
V  [jvm.dll+0x63ddd3]
V  [jvm.dll+0x1fc39c]
V  [jvm.dll+0x17f09c]
V  [jvm.dll+0x20bbd4]
V  [jvm.dll+0x209cab]
V  [jvm.dll+0x713619]
V  [jvm.dll+0x70c314]
V  [jvm.dll+0x613036]
C  [ucrtbase.dll+0x21bb2]
C  [KERNEL32.DLL+0x17034]
C  [ntdll.dll+0x52651]


siginfo: EXCEPTION_ACCESS_VIOLATION (0xc0000005), reading address 0x00000267578d6200


Register to memory mapping:

RIP=0x00007ffc07ed669c jvm.dll
RAX=0x000000000000006e is an unknown value
RBX=0x0000022758d2f010 points into unknown readable memory: 60 a4 4f 08 fc 7f 00 00
RCX=0x00000267578d61d8 is an unknown value
RDX=0x0000000000080000 is an unknown value
RSP=0x000000ab9a8fd4b0 is pointing into the stack for thread: 0x00000227532ca800
RBP=0x000000ab9a8fd740 is pointing into the stack for thread: 0x00000227532ca800
RSI=0x0000022758de6180 points into unknown readable memory: d8 61 8d 57 67 02 00 00
RDI=0x0000022758de5e10 points into unknown readable memory: 20 9c de 58 27 02 00 00
R8 =0x00000227570f6e90 points into unknown readable memory: eb 0f 80 04 fc f3 f3 ff
R9 =0x0000000000000027 is an unknown value
R10=0x000000000000008b is an unknown value
R11=0x0000000000000013 is an unknown value
R12=0x00007ffc084e7f08 jvm.dll
R13=0x0000000000000002 is an unknown value
R14=0x0000000000000041 is an unknown value
R15=0x000000ab9a8fe200 is pointing into the stack for thread: 0x00000227532ca800


Registers:
RAX=0x000000000000006e, RBX=0x0000022758d2f010, RCX=0x00000267578d61d8, RDX=0x0000000000080000
RSP=0x000000ab9a8fd4b0, RBP=0x000000ab9a8fd740, RSI=0x0000022758de6180, RDI=0x0000022758de5e10
R8 =0x00000227570f6e90, R9 =0x0000000000000027, R10=0x000000000000008b, R11=0x0000000000000013
R12=0x00007ffc084e7f08, R13=0x0000000000000002, R14=0x0000000000000041, R15=0x000000ab9a8fe200
RIP=0x00007ffc07ed669c, EFLAGS=0x0000000000010283

Top of Stack: (sp=0x000000ab9a8fd4b0)
0x000000ab9a8fd4b0:   0000022758d30a90 0000022758d30af0
0x000000ab9a8fd4c0:   000000ab9a8fd610 00007ffc084e7f08
0x000000ab9a8fd4d0:   000000ab9a8fd610 000000ab9a8fd790
0x000000ab9a8fd4e0:   000002275349ec40 00007ffc0830ddd3
0x000000ab9a8fd4f0:   000002275349ec40 000000ab9a8fd730
0x000000ab9a8fd500:   0000000000004000 0000000000000001
0x000000ab9a8fd510:   000000ab9a8fe200 0000000000000001
0x000000ab9a8fd520:   000002275349ec40 00007ffc07ecc39c
0x000000ab9a8fd530:   00000227543f6860 0000000000000008
0x000000ab9a8fd540:   000000ab9a8fd630 0000022758e1ab90
0x000000ab9a8fd550:   0000000000000000 000000ab9a8feaa8
0x000000ab9a8fd560:   000000000000000c 00000227541e32f0
0x000000ab9a8fd570:   000000ab9a8fec58 000000ab9a8fec70
0x000000ab9a8fd580:   00000227521f6dc0 0000000000000000
0x000000ab9a8fd590:   0000000000000000 0000000000000002
0x000000ab9a8fd5a0:   0000022758e22b78 0000000000000000 

Instructions: (pc=0x00007ffc07ed669c)
0x00007ffc07ed667c:   46 00 44 8b 53 20 33 c0 45 85 d2 7e 5d 0f 1f 80
0x00007ffc07ed668c:   00 00 00 00 48 8b 7b 10 48 8b 0c c7 48 8d 34 c7
0x00007ffc07ed669c:   44 8b 59 28 41 8b d3 c1 ea 05 3b 55 30 73 1e 4c
0x00007ffc07ed66ac:   8b 45 38 41 83 e3 1f 44 8b ca 41 0f b6 cb ba 01 


Stack slot to memory mapping:
stack at sp + 0 slots: 0x0000022758d30a90 points into unknown readable memory: 40 fd 46 08 fc 7f 00 00
stack at sp + 1 slots: 0x0000022758d30af0 points into unknown readable memory: 60 0c d3 58 27 02 00 00
stack at sp + 2 slots: 0x000000ab9a8fd610 is pointing into the stack for thread: 0x00000227532ca800
stack at sp + 3 slots: 0x00007ffc084e7f08 jvm.dll
stack at sp + 4 slots: 0x000000ab9a8fd610 is pointing into the stack for thread: 0x00000227532ca800
stack at sp + 5 slots: 0x000000ab9a8fd790 is pointing into the stack for thread: 0x00000227532ca800
stack at sp + 6 slots: 0x000002275349ec40 points into unknown readable memory: 06 00 00 00 00 01 00 00
stack at sp + 7 slots: 0x00007ffc0830ddd3 jvm.dll


---------------  P R O C E S S  ---------------

Threads class SMR info:
_java_thread_list=0x0000022757ba99b0, length=20, elements={
0x0000022733fa5000, 0x000002275225c800, 0x0000022752266000, 0x0000022752278000,
0x000002275227c000, 0x000002275227d800, 0x0000022752b94000, 0x0000022752b95000,
0x0000022752d80000, 0x0000022752d83800, 0x00000227532ca800, 0x0000022753589800,
0x0000022753641000, 0x0000022756207000, 0x0000022756209800, 0x0000022756208000,
0x000002275620c000, 0x0000022756208800, 0x0000022756206000, 0x000002275620c800
}

Java Threads: ( => current thread )
  0x0000022733fa5000 JavaThread "main" [_thread_blocked, id=32620, stack(0x000000ab99700000,0x000000ab99800000)]
  0x000002275225c800 JavaThread "Reference Handler" daemon [_thread_blocked, id=9496, stack(0x000000ab99e00000,0x000000ab99f00000)]
  0x0000022752266000 JavaThread "Finalizer" daemon [_thread_blocked, id=22356, stack(0x000000ab99f00000,0x000000ab9a000000)]
  0x0000022752278000 JavaThread "Signal Dispatcher" daemon [_thread_blocked, id=8196, stack(0x000000ab9a000000,0x000000ab9a100000)]
  0x000002275227c000 JavaThread "Attach Listener" daemon [_thread_blocked, id=25728, stack(0x000000ab9a100000,0x000000ab9a200000)]
  0x000002275227d800 JavaThread "C2 CompilerThread0" daemon [_thread_in_native, id=32280, stack(0x000000ab9a200000,0x000000ab9a300000)]
  0x0000022752b94000 JavaThread "C1 CompilerThread0" daemon [_thread_in_native, id=29800, stack(0x000000ab9a300000,0x000000ab9a400000)]
  0x0000022752b95000 JavaThread "Sweeper thread" daemon [_thread_blocked, id=25372, stack(0x000000ab9a400000,0x000000ab9a500000)]
  0x0000022752d80000 JavaThread "Service Thread" daemon [_thread_blocked, id=13796, stack(0x000000ab9a500000,0x000000ab9a600000)]
  0x0000022752d83800 JavaThread "Common-Cleaner" daemon [_thread_blocked, id=30772, stack(0x000000ab9a700000,0x000000ab9a800000)]
=>0x00000227532ca800 JavaThread "C2 CompilerThread1" daemon [_thread_in_native, id=32572, stack(0x000000ab9a800000,0x000000ab9a900000)]
  0x0000022753589800 JavaThread "Thread-0" [_thread_blocked, id=21920, stack(0x000000ab9aa00000,0x000000ab9ab00000)]
  0x0000022753641000 JavaThread "restartedMain" [_thread_in_Java, id=29092, stack(0x000000ab9ab00000,0x000000ab9ac00000)]
  0x0000022756207000 JavaThread "Catalina-utility-1" [_thread_blocked, id=19264, stack(0x000000ab9ac00000,0x000000ab9ad00000)]
  0x0000022756209800 JavaThread "Catalina-utility-2" [_thread_blocked, id=22808, stack(0x000000ab9af00000,0x000000ab9b000000)]
  0x0000022756208000 JavaThread "container-0" [_thread_blocked, id=27116, stack(0x000000ab9b000000,0x000000ab9b100000)]
  0x000002275620c000 JavaThread "PostgreSQL-JDBC-SharedTimer-1" daemon [_thread_blocked, id=31908, stack(0x000000ab9b200000,0x000000ab9b300000)]
  0x0000022756208800 JavaThread "HikariPool-1 housekeeper" daemon [_thread_blocked, id=3168, stack(0x000000ab9b300000,0x000000ab9b400000)]
  0x0000022756206000 JavaThread "HikariPool-1 connection adder" daemon [_thread_blocked, id=24652, stack(0x000000ab9b400000,0x000000ab9b500000)]
  0x000002275620c800 JavaThread "Live Reload Server" daemon [_thread_new, id=32736, stack(0x0000000000000000,0x0000000000000000)]

Other Threads:
  0x0000022752237800 VMThread "VM Thread" [stack: 0x000000ab99d00000,0x000000ab99e00000] [id=26380]
  0x0000022752d8b000 WatcherThread [stack: 0x000000ab9a600000,0x000000ab9a700000] [id=30212]
  0x0000022733fbc800 GCTaskThread "GC Thread#0" [stack: 0x000000ab99800000,0x000000ab99900000] [id=22448]
  0x0000022753a6e000 GCTaskThread "GC Thread#1" [stack: 0x000000ab9a900000,0x000000ab9aa00000] [id=28968]
  0x0000022753bbc800 GCTaskThread "GC Thread#2" [stack: 0x000000ab9ad00000,0x000000ab9ae00000] [id=32648]
  0x0000022753bbd000 GCTaskThread "GC Thread#3" [stack: 0x000000ab9ae00000,0x000000ab9af00000] [id=31936]
  0x0000022733feb000 ConcurrentGCThread "G1 Main Marker" [stack: 0x000000ab99900000,0x000000ab99a00000] [id=32244]
  0x0000022733fec800 ConcurrentGCThread "G1 Conc#0" [stack: 0x000000ab99a00000,0x000000ab99b00000] [id=28328]
  0x000002273406d800 ConcurrentGCThread "G1 Refine#0" [stack: 0x000000ab99b00000,0x000000ab99c00000] [id=31196]
  0x000002273406e800 ConcurrentGCThread "G1 Young RemSet Sampling" [stack: 0x000000ab99c00000,0x000000ab99d00000] [id=8764]

Threads with active compile tasks:
C2 CompilerThread0   7606 5233   !   4       com.sun.proxy.$Proxy3::annotationType (29 bytes)
C1 CompilerThread0   7607 5237       3       org.springframework.aop.framework.autoproxy.AutoProxyUtils::isOriginalInstance (55 bytes)
C2 CompilerThread1   7607 5191   !   4       org.postgresql.jdbc.PgConnection::encodeString (32 bytes)

VM state:not at safepoint (normal execution)

VM Mutex/Monitor currently owned by a thread: None

Heap address: 0x0000000084c00000, size: 1972 MB, Compressed Oops mode: 32-bit
Narrow klass base: 0x0000000000000000, Narrow klass shift: 3
Compressed class space size: 1073741824 Address: 0x0000000100000000

Heap:
 garbage-first heap   total 183296K, used 81575K [0x0000000084c00000, 0x0000000100000000)
  region size 1024K, 67 young (68608K), 7 survivors (7168K)
 Metaspace       used 58683K, capacity 59890K, committed 60160K, reserved 1101824K
  class space    used 7428K, capacity 7905K, committed 7936K, reserved 1048576K
Heap Regions: E=young(eden), S=young(survivor), O=old, HS=humongous(starts), HC=humongous(continues), CS=collection set, F=free, A=archive, TAMS=top-at-mark-start (previous, next)
|   0|0x0000000084c00000, 0x0000000084d00000, 0x0000000084d00000|100%|HS|  |TAMS 0x0000000084d00000, 0x0000000084c00000| Complete 
|   1|0x0000000084d00000, 0x0000000084e00000, 0x0000000084e00000|100%| O|  |TAMS 0x0000000084e00000, 0x0000000084d00000| Untracked 
|   2|0x0000000084e00000, 0x0000000084f00000, 0x0000000084f00000|100%| O|  |TAMS 0x0000000084f00000, 0x0000000084e00000| Untracked 
|   3|0x0000000084f00000, 0x0000000085000000, 0x0000000085000000|100%| O|  |TAMS 0x0000000085000000, 0x0000000084f00000| Untracked 
|   4|0x0000000085000000, 0x0000000085100000, 0x0000000085100000|100%| O|  |TAMS 0x0000000085100000, 0x0000000085000000| Untracked 
|   5|0x0000000085100000, 0x0000000085200000, 0x0000000085200000|100%| O|  |TAMS 0x0000000085200000, 0x0000000085100000| Untracked 
|   6|0x0000000085200000, 0x0000000085300000, 0x0000000085300000|100%| O|  |TAMS 0x0000000085300000, 0x0000000085200000| Untracked 
|   7|0x0000000085300000, 0x0000000085400000, 0x0000000085400000|100%| O|  |TAMS 0x0000000085400000, 0x0000000085300000| Untracked 
|   8|0x0000000085400000, 0x0000000085500000, 0x0000000085500000|100%| O|  |TAMS 0x000000008543b400, 0x0000000085400000| Untracked 
|   9|0x0000000085500000, 0x0000000085600000, 0x0000000085600000|100%| O|  |TAMS 0x0000000085500000, 0x0000000085500000| Untracked 
|  10|0x0000000085600000, 0x0000000085700000, 0x0000000085700000|100%| O|  |TAMS 0x0000000085600000, 0x0000000085600000| Untracked 
|  11|0x0000000085700000, 0x0000000085800000, 0x0000000085800000|100%| O|  |TAMS 0x0000000085700000, 0x0000000085700000| Untracked 
|  12|0x0000000085800000, 0x0000000085900000, 0x0000000085900000|100%| O|  |TAMS 0x0000000085800000, 0x0000000085800000| Untracked 
|  13|0x0000000085900000, 0x00000000859bca00, 0x0000000085a00000| 73%| O|  |TAMS 0x0000000085900000, 0x0000000085900000| Untracked 
|  14|0x0000000085a00000, 0x0000000085a00000, 0x0000000085b00000|  0%| F|  |TAMS 0x0000000085a00000, 0x0000000085a00000| Untracked 
|  15|0x0000000085b00000, 0x0000000085b00000, 0x0000000085c00000|  0%| F|  |TAMS 0x0000000085b00000, 0x0000000085b00000| Untracked 
|  16|0x0000000085c00000, 0x0000000085c00000, 0x0000000085d00000|  0%| F|  |TAMS 0x0000000085c00000, 0x0000000085c00000| Untracked 
|  17|0x0000000085d00000, 0x0000000085d00000, 0x0000000085e00000|  0%| F|  |TAMS 0x0000000085d00000, 0x0000000085d00000| Untracked 
|  18|0x0000000085e00000, 0x0000000085e00000, 0x0000000085f00000|  0%| F|  |TAMS 0x0000000085e00000, 0x0000000085e00000| Untracked 
|  19|0x0000000085f00000, 0x0000000085f00000, 0x0000000086000000|  0%| F|  |TAMS 0x0000000085f00000, 0x0000000085f00000| Untracked 
|  20|0x0000000086000000, 0x0000000086000000, 0x0000000086100000|  0%| F|  |TAMS 0x0000000086000000, 0x0000000086000000| Untracked 
|  21|0x0000000086100000, 0x0000000086100000, 0x0000000086200000|  0%| F|  |TAMS 0x0000000086100000, 0x0000000086100000| Untracked 
|  22|0x0000000086200000, 0x0000000086200000, 0x0000000086300000|  0%| F|  |TAMS 0x0000000086200000, 0x0000000086200000| Untracked 
|  23|0x0000000086300000, 0x0000000086300000, 0x0000000086400000|  0%| F|  |TAMS 0x0000000086300000, 0x0000000086300000| Untracked 
|  24|0x0000000086400000, 0x0000000086400000, 0x0000000086500000|  0%| F|  |TAMS 0x0000000086400000, 0x0000000086400000| Untracked 
|  25|0x0000000086500000, 0x0000000086500000, 0x0000000086600000|  0%| F|  |TAMS 0x0000000086500000, 0x0000000086500000| Untracked 
|  26|0x0000000086600000, 0x0000000086600000, 0x0000000086700000|  0%| F|  |TAMS 0x0000000086600000, 0x0000000086600000| Untracked 
|  27|0x0000000086700000, 0x0000000086700000, 0x0000000086800000|  0%| F|  |TAMS 0x0000000086700000, 0x0000000086700000| Untracked 
|  28|0x0000000086800000, 0x0000000086800000, 0x0000000086900000|  0%| F|  |TAMS 0x0000000086800000, 0x0000000086800000| Untracked 
|  29|0x0000000086900000, 0x0000000086900000, 0x0000000086a00000|  0%| F|  |TAMS 0x0000000086900000, 0x0000000086900000| Untracked 
|  30|0x0000000086a00000, 0x0000000086a00000, 0x0000000086b00000|  0%| F|  |TAMS 0x0000000086a00000, 0x0000000086a00000| Untracked 
|  31|0x0000000086b00000, 0x0000000086b00000, 0x0000000086c00000|  0%| F|  |TAMS 0x0000000086b00000, 0x0000000086b00000| Untracked 
|  32|0x0000000086c00000, 0x0000000086c00000, 0x0000000086d00000|  0%| F|  |TAMS 0x0000000086c00000, 0x0000000086c00000| Untracked 
|  33|0x0000000086d00000, 0x0000000086d00000, 0x0000000086e00000|  0%| F|  |TAMS 0x0000000086d00000, 0x0000000086d00000| Untracked 
|  34|0x0000000086e00000, 0x0000000086e00000, 0x0000000086f00000|  0%| F|  |TAMS 0x0000000086e00000, 0x0000000086e00000| Untracked 
|  35|0x0000000086f00000, 0x0000000086f00000, 0x0000000087000000|  0%| F|  |TAMS 0x0000000086f00000, 0x0000000086f00000| Untracked 
|  36|0x0000000087000000, 0x0000000087000000, 0x0000000087100000|  0%| F|  |TAMS 0x0000000087000000, 0x0000000087000000| Untracked 
|  37|0x0000000087100000, 0x0000000087100000, 0x0000000087200000|  0%| F|  |TAMS 0x0000000087100000, 0x0000000087100000| Untracked 
|  38|0x0000000087200000, 0x0000000087200000, 0x0000000087300000|  0%| F|  |TAMS 0x0000000087200000, 0x0000000087200000| Untracked 
|  39|0x0000000087300000, 0x0000000087300000, 0x0000000087400000|  0%| F|  |TAMS 0x0000000087300000, 0x0000000087300000| Untracked 
|  40|0x0000000087400000, 0x0000000087400000, 0x0000000087500000|  0%| F|  |TAMS 0x0000000087400000, 0x0000000087400000| Untracked 
|  41|0x0000000087500000, 0x0000000087500000, 0x0000000087600000|  0%| F|  |TAMS 0x0000000087500000, 0x0000000087500000| Untracked 
|  42|0x0000000087600000, 0x0000000087600000, 0x0000000087700000|  0%| F|  |TAMS 0x0000000087600000, 0x0000000087600000| Untracked 
|  43|0x0000000087700000, 0x0000000087700000, 0x0000000087800000|  0%| F|  |TAMS 0x0000000087700000, 0x0000000087700000| Untracked 
|  44|0x0000000087800000, 0x0000000087800000, 0x0000000087900000|  0%| F|  |TAMS 0x0000000087800000, 0x0000000087800000| Untracked 
|  45|0x0000000087900000, 0x0000000087900000, 0x0000000087a00000|  0%| F|  |TAMS 0x0000000087900000, 0x0000000087900000| Untracked 
|  46|0x0000000087a00000, 0x0000000087a00000, 0x0000000087b00000|  0%| F|  |TAMS 0x0000000087a00000, 0x0000000087a00000| Untracked 
|  47|0x0000000087b00000, 0x0000000087b00000, 0x0000000087c00000|  0%| F|  |TAMS 0x0000000087b00000, 0x0000000087b00000| Untracked 
|  48|0x0000000087c00000, 0x0000000087c00000, 0x0000000087d00000|  0%| F|  |TAMS 0x0000000087c00000, 0x0000000087c00000| Untracked 
|  49|0x0000000087d00000, 0x0000000087d00000, 0x0000000087e00000|  0%| F|  |TAMS 0x0000000087d00000, 0x0000000087d00000| Untracked 
|  50|0x0000000087e00000, 0x0000000087e00000, 0x0000000087f00000|  0%| F|  |TAMS 0x0000000087e00000, 0x0000000087e00000| Untracked 
|  51|0x0000000087f00000, 0x0000000087f00000, 0x0000000088000000|  0%| F|  |TAMS 0x0000000087f00000, 0x0000000087f00000| Untracked 
|  52|0x0000000088000000, 0x0000000088000000, 0x0000000088100000|  0%| F|  |TAMS 0x0000000088000000, 0x0000000088000000| Untracked 
|  53|0x0000000088100000, 0x0000000088100000, 0x0000000088200000|  0%| F|  |TAMS 0x0000000088100000, 0x0000000088100000| Untracked 
|  54|0x0000000088200000, 0x0000000088200000, 0x0000000088300000|  0%| F|  |TAMS 0x0000000088200000, 0x0000000088200000| Untracked 
|  55|0x0000000088300000, 0x00000000883ed408, 0x0000000088400000| 92%| S|CS|TAMS 0x0000000088300000, 0x0000000088300000| Complete 
|  56|0x0000000088400000, 0x0000000088500000, 0x0000000088500000|100%| S|CS|TAMS 0x0000000088400000, 0x0000000088400000| Complete 
|  57|0x0000000088500000, 0x0000000088600000, 0x0000000088600000|100%| S|CS|TAMS 0x0000000088500000, 0x0000000088500000| Complete 
|  58|0x0000000088600000, 0x0000000088700000, 0x0000000088700000|100%| S|CS|TAMS 0x0000000088600000, 0x0000000088600000| Complete 
|  59|0x0000000088700000, 0x0000000088700000, 0x0000000088800000|  0%| F|  |TAMS 0x0000000088700000, 0x0000000088700000| Untracked 
|  60|0x0000000088800000, 0x0000000088800000, 0x0000000088900000|  0%| F|  |TAMS 0x0000000088800000, 0x0000000088800000| Untracked 
|  61|0x0000000088900000, 0x0000000088900000, 0x0000000088a00000|  0%| F|  |TAMS 0x0000000088900000, 0x0000000088900000| Untracked 
|  62|0x0000000088a00000, 0x0000000088a00000, 0x0000000088b00000|  0%| F|  |TAMS 0x0000000088a00000, 0x0000000088a00000| Untracked 
|  63|0x0000000088b00000, 0x0000000088b00000, 0x0000000088c00000|  0%| F|  |TAMS 0x0000000088b00000, 0x0000000088b00000| Untracked 
|  64|0x0000000088c00000, 0x0000000088c00000, 0x0000000088d00000|  0%| F|  |TAMS 0x0000000088c00000, 0x0000000088c00000| Untracked 
|  65|0x0000000088d00000, 0x0000000088d00000, 0x0000000088e00000|  0%| F|  |TAMS 0x0000000088d00000, 0x0000000088d00000| Untracked 
|  66|0x0000000088e00000, 0x0000000088f00000, 0x0000000088f00000|100%| E|CS|TAMS 0x0000000088e00000, 0x0000000088f00000| Complete 
|  67|0x0000000088f00000, 0x0000000089000000, 0x0000000089000000|100%| E|CS|TAMS 0x0000000088f00000, 0x0000000089000000| Complete 
|  68|0x0000000089000000, 0x0000000089100000, 0x0000000089100000|100%| E|CS|TAMS 0x0000000089000000, 0x0000000089100000| Complete 
|  69|0x0000000089100000, 0x0000000089100000, 0x0000000089200000|  0%| F|  |TAMS 0x0000000089100000, 0x0000000089100000| Untracked 
|  70|0x0000000089200000, 0x0000000089200000, 0x0000000089300000|  0%| F|  |TAMS 0x0000000089200000, 0x0000000089200000| Untracked 
|  71|0x0000000089300000, 0x0000000089300000, 0x0000000089400000|  0%| F|  |TAMS 0x0000000089300000, 0x0000000089300000| Untracked 
|  72|0x0000000089400000, 0x0000000089400000, 0x0000000089500000|  0%| F|  |TAMS 0x0000000089400000, 0x0000000089400000| Untracked 
|  73|0x0000000089500000, 0x0000000089500000, 0x0000000089600000|  0%| F|  |TAMS 0x0000000089500000, 0x0000000089500000| Untracked 
|  74|0x0000000089600000, 0x0000000089600000, 0x0000000089700000|  0%| F|  |TAMS 0x0000000089600000, 0x0000000089600000| Untracked 
|  75|0x0000000089700000, 0x0000000089700000, 0x0000000089800000|  0%| F|  |TAMS 0x0000000089700000, 0x0000000089700000| Untracked 
|  76|0x0000000089800000, 0x0000000089800000, 0x0000000089900000|  0%| F|  |TAMS 0x0000000089800000, 0x0000000089800000| Untracked 
|  77|0x0000000089900000, 0x0000000089900000, 0x0000000089a00000|  0%| F|  |TAMS 0x0000000089900000, 0x0000000089900000| Untracked 
|  78|0x0000000089a00000, 0x0000000089a00000, 0x0000000089b00000|  0%| F|  |TAMS 0x0000000089a00000, 0x0000000089a00000| Untracked 
|  79|0x0000000089b00000, 0x0000000089b00000, 0x0000000089c00000|  0%| F|  |TAMS 0x0000000089b00000, 0x0000000089b00000| Untracked 
|  80|0x0000000089c00000, 0x0000000089c00000, 0x0000000089d00000|  0%| F|  |TAMS 0x0000000089c00000, 0x0000000089c00000| Untracked 
|  81|0x0000000089d00000, 0x0000000089d00000, 0x0000000089e00000|  0%| F|  |TAMS 0x0000000089d00000, 0x0000000089d00000| Untracked 
|  82|0x0000000089e00000, 0x0000000089e00000, 0x0000000089f00000|  0%| F|  |TAMS 0x0000000089e00000, 0x0000000089e00000| Untracked 
|  83|0x0000000089f00000, 0x0000000089f00000, 0x000000008a000000|  0%| F|  |TAMS 0x0000000089f00000, 0x0000000089f00000| Untracked 
|  84|0x000000008a000000, 0x000000008a000000, 0x000000008a100000|  0%| F|  |TAMS 0x000000008a000000, 0x000000008a000000| Untracked 
|  85|0x000000008a100000, 0x000000008a100000, 0x000000008a200000|  0%| F|  |TAMS 0x000000008a100000, 0x000000008a100000| Untracked 
|  86|0x000000008a200000, 0x000000008a200000, 0x000000008a300000|  0%| F|  |TAMS 0x000000008a200000, 0x000000008a200000| Untracked 
|  87|0x000000008a300000, 0x000000008a300000, 0x000000008a400000|  0%| F|  |TAMS 0x000000008a300000, 0x000000008a300000| Untracked 
|  88|0x000000008a400000, 0x000000008a400000, 0x000000008a500000|  0%| F|  |TAMS 0x000000008a400000, 0x000000008a400000| Untracked 
|  89|0x000000008a500000, 0x000000008a500000, 0x000000008a600000|  0%| F|  |TAMS 0x000000008a500000, 0x000000008a500000| Untracked 
|  90|0x000000008a600000, 0x000000008a600000, 0x000000008a700000|  0%| F|  |TAMS 0x000000008a600000, 0x000000008a600000| Untracked 
|  91|0x000000008a700000, 0x000000008a700000, 0x000000008a800000|  0%| F|  |TAMS 0x000000008a700000, 0x000000008a700000| Untracked 
|  92|0x000000008a800000, 0x000000008a800000, 0x000000008a900000|  0%| F|  |TAMS 0x000000008a800000, 0x000000008a800000| Untracked 
|  93|0x000000008a900000, 0x000000008a900000, 0x000000008aa00000|  0%| F|  |TAMS 0x000000008a900000, 0x000000008a900000| Untracked 
|  94|0x000000008aa00000, 0x000000008aa00000, 0x000000008ab00000|  0%| F|  |TAMS 0x000000008aa00000, 0x000000008aa00000| Untracked 
|  95|0x000000008ab00000, 0x000000008ab00000, 0x000000008ac00000|  0%| F|  |TAMS 0x000000008ab00000, 0x000000008ab00000| Untracked 
|  96|0x000000008ac00000, 0x000000008ac00000, 0x000000008ad00000|  0%| F|  |TAMS 0x000000008ac00000, 0x000000008ac00000| Untracked 
|  97|0x000000008ad00000, 0x000000008ad00000, 0x000000008ae00000|  0%| F|  |TAMS 0x000000008ad00000, 0x000000008ad00000| Untracked 
|  98|0x000000008ae00000, 0x000000008ae00000, 0x000000008af00000|  0%| F|  |TAMS 0x000000008ae00000, 0x000000008ae00000| Untracked 
|  99|0x000000008af00000, 0x000000008af00000, 0x000000008b000000|  0%| F|  |TAMS 0x000000008af00000, 0x000000008af00000| Untracked 
| 100|0x000000008b000000, 0x000000008b000000, 0x000000008b100000|  0%| F|  |TAMS 0x000000008b000000, 0x000000008b000000| Untracked 
| 101|0x000000008b100000, 0x000000008b100000, 0x000000008b200000|  0%| F|  |TAMS 0x000000008b100000, 0x000000008b100000| Untracked 
| 102|0x000000008b200000, 0x000000008b200000, 0x000000008b300000|  0%| F|  |TAMS 0x000000008b200000, 0x000000008b200000| Untracked 
| 103|0x000000008b300000, 0x000000008b300000, 0x000000008b400000|  0%| F|  |TAMS 0x000000008b300000, 0x000000008b300000| Untracked 
| 104|0x000000008b400000, 0x000000008b400000, 0x000000008b500000|  0%| F|  |TAMS 0x000000008b400000, 0x000000008b400000| Untracked 
| 105|0x000000008b500000, 0x000000008b500000, 0x000000008b600000|  0%| F|  |TAMS 0x000000008b500000, 0x000000008b500000| Untracked 
| 106|0x000000008b600000, 0x000000008b600000, 0x000000008b700000|  0%| F|  |TAMS 0x000000008b600000, 0x000000008b600000| Untracked 
| 107|0x000000008b700000, 0x000000008b700000, 0x000000008b800000|  0%| F|  |TAMS 0x000000008b700000, 0x000000008b700000| Untracked 
| 108|0x000000008b800000, 0x000000008b800000, 0x000000008b900000|  0%| F|  |TAMS 0x000000008b800000, 0x000000008b800000| Untracked 
| 109|0x000000008b900000, 0x000000008b900000, 0x000000008ba00000|  0%| F|  |TAMS 0x000000008b900000, 0x000000008b900000| Untracked 
| 110|0x000000008ba00000, 0x000000008ba00000, 0x000000008bb00000|  0%| F|  |TAMS 0x000000008ba00000, 0x000000008ba00000| Untracked 
| 111|0x000000008bb00000, 0x000000008bb00000, 0x000000008bc00000|  0%| F|  |TAMS 0x000000008bb00000, 0x000000008bb00000| Untracked 
| 112|0x000000008bc00000, 0x000000008bc00000, 0x000000008bd00000|  0%| F|  |TAMS 0x000000008bc00000, 0x000000008bc00000| Untracked 
| 113|0x000000008bd00000, 0x000000008bd00000, 0x000000008be00000|  0%| F|  |TAMS 0x000000008bd00000, 0x000000008bd00000| Untracked 
| 114|0x000000008be00000, 0x000000008be00000, 0x000000008bf00000|  0%| F|  |TAMS 0x000000008be00000, 0x000000008be00000| Untracked 
| 115|0x000000008bf00000, 0x000000008bf00000, 0x000000008c000000|  0%| F|  |TAMS 0x000000008bf00000, 0x000000008bf00000| Untracked 
| 116|0x000000008c000000, 0x000000008c000000, 0x000000008c100000|  0%| F|  |TAMS 0x000000008c000000, 0x000000008c000000| Untracked 
| 117|0x000000008c100000, 0x000000008c1efee0, 0x000000008c200000| 93%| S|  |TAMS 0x000000008c100000, 0x000000008c100000| Complete 
| 118|0x000000008c200000, 0x000000008c300000, 0x000000008c300000|100%| S|  |TAMS 0x000000008c200000, 0x000000008c200000| Complete 
| 119|0x000000008c300000, 0x000000008c400000, 0x000000008c400000|100%| E|CS|TAMS 0x000000008c300000, 0x000000008c400000| Complete 
| 120|0x000000008c400000, 0x000000008c500000, 0x000000008c500000|100%| E|CS|TAMS 0x000000008c400000, 0x000000008c500000| Complete 
| 121|0x000000008c500000, 0x000000008c600000, 0x000000008c600000|100%| E|CS|TAMS 0x000000008c500000, 0x000000008c600000| Complete 
| 122|0x000000008c600000, 0x000000008c700000, 0x000000008c700000|100%| E|CS|TAMS 0x000000008c600000, 0x000000008c700000| Complete 
| 123|0x000000008c700000, 0x000000008c800000, 0x000000008c800000|100%| E|CS|TAMS 0x000000008c700000, 0x000000008c800000| Complete 
| 124|0x000000008c800000, 0x000000008c900000, 0x000000008c900000|100%| E|CS|TAMS 0x000000008c800000, 0x000000008c900000| Complete 
| 125|0x000000008c900000, 0x000000008ca00000, 0x000000008ca00000|100%| E|CS|TAMS 0x000000008c900000, 0x000000008ca00000| Complete 
| 126|0x000000008ca00000, 0x000000008cb00000, 0x000000008cb00000|100%| E|CS|TAMS 0x000000008ca00000, 0x000000008cb00000| Complete 
| 127|0x000000008cb00000, 0x000000008cc00000, 0x000000008cc00000|100%| E|CS|TAMS 0x000000008cb00000, 0x000000008cc00000| Complete 
| 128|0x000000008cc00000, 0x000000008cd00000, 0x000000008cd00000|100%| E|CS|TAMS 0x000000008cc00000, 0x000000008cd00000| Complete 
| 129|0x000000008cd00000, 0x000000008ce00000, 0x000000008ce00000|100%| E|CS|TAMS 0x000000008cd00000, 0x000000008ce00000| Complete 
| 130|0x000000008ce00000, 0x000000008cf00000, 0x000000008cf00000|100%| E|CS|TAMS 0x000000008ce00000, 0x000000008cf00000| Complete 
| 131|0x000000008cf00000, 0x000000008d000000, 0x000000008d000000|100%| E|CS|TAMS 0x000000008cf00000, 0x000000008d000000| Complete 
| 132|0x000000008d000000, 0x000000008d100000, 0x000000008d100000|100%| E|CS|TAMS 0x000000008d000000, 0x000000008d100000| Complete 
| 133|0x000000008d100000, 0x000000008d200000, 0x000000008d200000|100%| E|CS|TAMS 0x000000008d100000, 0x000000008d200000| Complete 
| 134|0x000000008d200000, 0x000000008d300000, 0x000000008d300000|100%| E|CS|TAMS 0x000000008d200000, 0x000000008d300000| Complete 
| 135|0x000000008d300000, 0x000000008d400000, 0x000000008d400000|100%| E|CS|TAMS 0x000000008d300000, 0x000000008d400000| Complete 
| 136|0x000000008d400000, 0x000000008d500000, 0x000000008d500000|100%| E|CS|TAMS 0x000000008d400000, 0x000000008d500000| Complete 
| 137|0x000000008d500000, 0x000000008d600000, 0x000000008d600000|100%| E|CS|TAMS 0x000000008d500000, 0x000000008d600000| Complete 
| 138|0x000000008d600000, 0x000000008d700000, 0x000000008d700000|100%| E|CS|TAMS 0x000000008d600000, 0x000000008d700000| Complete 
| 139|0x000000008d700000, 0x000000008d800000, 0x000000008d800000|100%| E|CS|TAMS 0x000000008d700000, 0x000000008d800000| Complete 
| 140|0x000000008d800000, 0x000000008d900000, 0x000000008d900000|100%| E|CS|TAMS 0x000000008d800000, 0x000000008d900000| Complete 
| 141|0x000000008d900000, 0x000000008da00000, 0x000000008da00000|100%| E|CS|TAMS 0x000000008d900000, 0x000000008da00000| Complete 
| 142|0x000000008da00000, 0x000000008db00000, 0x000000008db00000|100%| E|CS|TAMS 0x000000008da00000, 0x000000008db00000| Complete 
| 143|0x000000008db00000, 0x000000008dc00000, 0x000000008dc00000|100%| E|CS|TAMS 0x000000008db00000, 0x000000008dc00000| Complete 
| 144|0x000000008dc00000, 0x000000008dd00000, 0x000000008dd00000|100%| E|CS|TAMS 0x000000008dc00000, 0x000000008dd00000| Complete 
| 145|0x000000008dd00000, 0x000000008de00000, 0x000000008de00000|100%| E|CS|TAMS 0x000000008dd00000, 0x000000008de00000| Complete 
| 146|0x000000008de00000, 0x000000008df00000, 0x000000008df00000|100%| E|CS|TAMS 0x000000008de00000, 0x000000008df00000| Complete 
| 147|0x000000008df00000, 0x000000008e000000, 0x000000008e000000|100%| E|CS|TAMS 0x000000008df00000, 0x000000008e000000| Complete 
| 148|0x000000008e000000, 0x000000008e100000, 0x000000008e100000|100%| E|CS|TAMS 0x000000008e000000, 0x000000008e100000| Complete 
| 149|0x000000008e100000, 0x000000008e200000, 0x000000008e200000|100%| E|CS|TAMS 0x000000008e100000, 0x000000008e200000| Complete 
| 150|0x000000008e200000, 0x000000008e300000, 0x000000008e300000|100%| E|CS|TAMS 0x000000008e200000, 0x000000008e300000| Complete 
| 151|0x000000008e300000, 0x000000008e400000, 0x000000008e400000|100%| E|CS|TAMS 0x000000008e300000, 0x000000008e400000| Complete 
| 152|0x000000008e400000, 0x000000008e500000, 0x000000008e500000|100%| E|CS|TAMS 0x000000008e400000, 0x000000008e500000| Complete 
| 153|0x000000008e500000, 0x000000008e600000, 0x000000008e600000|100%| E|CS|TAMS 0x000000008e500000, 0x000000008e600000| Complete 
| 154|0x000000008e600000, 0x000000008e700000, 0x000000008e700000|100%| E|CS|TAMS 0x000000008e600000, 0x000000008e700000| Complete 
| 155|0x000000008e700000, 0x000000008e800000, 0x000000008e800000|100%| E|CS|TAMS 0x000000008e700000, 0x000000008e800000| Complete 
| 156|0x000000008e800000, 0x000000008e900000, 0x000000008e900000|100%| E|CS|TAMS 0x000000008e800000, 0x000000008e900000| Complete 
| 157|0x000000008e900000, 0x000000008ea00000, 0x000000008ea00000|100%| E|CS|TAMS 0x000000008e900000, 0x000000008ea00000| Complete 
| 158|0x000000008ea00000, 0x000000008eb00000, 0x000000008eb00000|100%| E|CS|TAMS 0x000000008ea00000, 0x000000008eb00000| Complete 
| 159|0x000000008eb00000, 0x000000008ec00000, 0x000000008ec00000|100%| E|CS|TAMS 0x000000008eb00000, 0x000000008ec00000| Complete 
| 160|0x000000008ec00000, 0x000000008ed00000, 0x000000008ed00000|100%| E|CS|TAMS 0x000000008ec00000, 0x000000008ed00000| Complete 
| 161|0x000000008ed00000, 0x000000008ee00000, 0x000000008ee00000|100%| E|CS|TAMS 0x000000008ed00000, 0x000000008ee00000| Complete 
| 162|0x000000008ee00000, 0x000000008ef00000, 0x000000008ef00000|100%| E|CS|TAMS 0x000000008ee00000, 0x000000008ef00000| Complete 
| 163|0x000000008ef00000, 0x000000008f000000, 0x000000008f000000|100%| E|CS|TAMS 0x000000008ef00000, 0x000000008f000000| Complete 
| 164|0x000000008f000000, 0x000000008f100000, 0x000000008f100000|100%| E|CS|TAMS 0x000000008f000000, 0x000000008f100000| Complete 
| 165|0x000000008f100000, 0x000000008f200000, 0x000000008f200000|100%| E|CS|TAMS 0x000000008f100000, 0x000000008f200000| Complete 
| 166|0x000000008f200000, 0x000000008f300000, 0x000000008f300000|100%| E|CS|TAMS 0x000000008f200000, 0x000000008f300000| Complete 
| 167|0x000000008f300000, 0x000000008f400000, 0x000000008f400000|100%| E|CS|TAMS 0x000000008f300000, 0x000000008f400000| Complete 
| 168|0x000000008f400000, 0x000000008f500000, 0x000000008f500000|100%| E|CS|TAMS 0x000000008f400000, 0x000000008f500000| Complete 
| 169|0x000000008f500000, 0x000000008f600000, 0x000000008f600000|100%| E|CS|TAMS 0x000000008f500000, 0x000000008f600000| Complete 
| 170|0x000000008f600000, 0x000000008f700000, 0x000000008f700000|100%| E|CS|TAMS 0x000000008f600000, 0x000000008f700000| Complete 
| 171|0x000000008f700000, 0x000000008f800000, 0x000000008f800000|100%| E|CS|TAMS 0x000000008f700000, 0x000000008f800000| Complete 
| 172|0x000000008f800000, 0x000000008f900000, 0x000000008f900000|100%| E|CS|TAMS 0x000000008f800000, 0x000000008f900000| Complete 
| 173|0x000000008f900000, 0x000000008fa00000, 0x000000008fa00000|100%| E|CS|TAMS 0x000000008f900000, 0x000000008fa00000| Complete 
| 174|0x000000008fa00000, 0x000000008fb00000, 0x000000008fb00000|100%| E|CS|TAMS 0x000000008fa00000, 0x000000008fb00000| Complete 
| 175|0x000000008fb00000, 0x000000008fc00000, 0x000000008fc00000|100%| E|CS|TAMS 0x000000008fb00000, 0x000000008fc00000| Complete 
| 176|0x000000008fc00000, 0x000000008fd00000, 0x000000008fd00000|100%| E|CS|TAMS 0x000000008fc00000, 0x000000008fd00000| Complete 
| 177|0x000000008fd00000, 0x000000008fe00000, 0x000000008fe00000|100%| E|CS|TAMS 0x000000008fd00000, 0x000000008fe00000| Complete 
| 178|0x000000008fe00000, 0x000000008ff00000, 0x000000008ff00000|100%| E|CS|TAMS 0x000000008fe00000, 0x000000008ff00000| Complete 

Card table byte_map: [0x000002274b800000,0x000002274bbe0000] _byte_map_base: 0x000002274b3da000

Marking Bits (Prev, Next): (CMBitMap*) 0x0000022733fe2978, (CMBitMap*) 0x0000022733fe29b0
 Prev Bits: [0x000002274bfc0000, 0x000002274de90000)
 Next Bits: [0x000002274de90000, 0x000002274fd60000)

Polling page: 0x0000022731f80000

Metaspace:

Usage:
  Non-class:     50.83 MB capacity,    50.06 MB ( 98%) used,   636.00 KB (  1%) free+waste,   151.63 KB ( <1%) overhead. 
      Class:      7.72 MB capacity,     7.26 MB ( 94%) used,   404.97 KB (  5%) free+waste,    70.00 KB ( <1%) overhead. 
       Both:     58.55 MB capacity,    57.32 MB ( 98%) used,     1.02 MB (  2%) free+waste,   221.63 KB ( <1%) overhead. 

Virtual space:
  Non-class space:       52.00 MB reserved,      51.00 MB ( 98%) committed 
      Class space:        1.00 GB reserved,       7.75 MB ( <1%) committed 
             Both:        1.05 GB reserved,      58.75 MB (  5%) committed 

Chunk freelists:
   Non-Class:  5.88 KB
       Class:  0 bytes
        Both:  5.88 KB

CodeHeap 'non-profiled nmethods': size=120064Kb used=3184Kb max_used=3184Kb free=116879Kb
 bounds [0x0000022743ee0000, 0x0000022744200000, 0x000002274b420000]
CodeHeap 'profiled nmethods': size=120000Kb used=12023Kb max_used=12023Kb free=107976Kb
 bounds [0x000002273c9b0000, 0x000002273d570000, 0x0000022743ee0000]
CodeHeap 'non-nmethods': size=5696Kb used=1215Kb max_used=1242Kb free=4480Kb
 bounds [0x000002273c420000, 0x000002273c690000, 0x000002273c9b0000]
 total_blobs=5791 nmethods=5224 adapters=478
 compilation: enabled
              stopped_count=0, restarted_count=0
 full_count=0

Compilation events (10 events):
Event: 7.557 Thread 0x0000022752b94000 5202   !   3       java.net.AbstractPlainSocketImpl::releaseFD (74 bytes)
Event: 7.557 Thread 0x0000022752b94000 nmethod 5202 0x000002273d545110 code [0x000002273d5452e0, 0x000002273d5457c8]
Event: 7.557 Thread 0x0000022752b94000 5203       3       java.util.ArrayDeque::clear (26 bytes)
Event: 7.557 Thread 0x0000022752b94000 nmethod 5203 0x000002273d545990 code [0x000002273d545b40, 0x000002273d545ca8]
Event: 7.557 Thread 0x0000022752b94000 5204       3       java.util.ArrayDeque::circularClear (43 bytes)
Event: 7.558 Thread 0x0000022752b94000 nmethod 5204 0x000002273d545d90 code [0x000002273d545f60, 0x000002273d546398]
Event: 7.560 Thread 0x0000022752b94000 5206       3       java.util.concurrent.atomic.AtomicReferenceFieldUpdater$AtomicReferenceFieldUpdaterImpl::accessCheck (17 bytes)
Event: 7.561 Thread 0x0000022752b94000 nmethod 5206 0x000002273d546510 code [0x000002273d5466c0, 0x000002273d546868]
Event: 7.561 Thread 0x0000022752b94000 5207       3       java.io.BufferedOutputStream::flushBuffer (29 bytes)
Event: 7.561 Thread 0x0000022752b94000 nmethod 5207 0x000002273d546910 code [0x000002273d546ac0, 0x000002273d546ce8]

GC Heap History (10 events):
Event: 2.496 GC heap before
{Heap before GC invocations=5 (full 0):
 garbage-first heap   total 126976K, used 70390K [0x0000000084c00000, 0x0000000100000000)
  region size 1024K, 66 young (67584K), 5 survivors (5120K)
 Metaspace       used 29673K, capacity 30317K, committed 30592K, reserved 1077248K
  class space    used 3413K, capacity 3667K, committed 3712K, reserved 1048576K
}
Event: 2.506 GC heap after
{Heap after GC invocations=6 (full 0):
 garbage-first heap   total 152576K, used 12007K [0x0000000084c00000, 0x0000000100000000)
  region size 1024K, 8 young (8192K), 8 survivors (8192K)
 Metaspace       used 29673K, capacity 30317K, committed 30592K, reserved 1077248K
  class space    used 3413K, capacity 3667K, committed 3712K, reserved 1048576K
}
Event: 3.405 GC heap before
{Heap before GC invocations=6 (full 0):
 garbage-first heap   total 152576K, used 85735K [0x0000000084c00000, 0x0000000100000000)
  region size 1024K, 81 young (82944K), 8 survivors (8192K)
 Metaspace       used 32800K, capacity 33729K, committed 33920K, reserved 1079296K
  class space    used 3858K, capacity 4199K, committed 4224K, reserved 1048576K
}
Event: 3.414 GC heap after
{Heap after GC invocations=7 (full 0):
 garbage-first heap   total 152576K, used 13893K [0x0000000084c00000, 0x0000000100000000)
  region size 1024K, 8 young (8192K), 8 survivors (8192K)
 Metaspace       used 32800K, capacity 33729K, committed 33920K, reserved 1079296K
  class space    used 3858K, capacity 4199K, committed 4224K, reserved 1048576K
}
Event: 3.785 GC heap before
{Heap before GC invocations=7 (full 0):
 garbage-first heap   total 152576K, used 34373K [0x0000000084c00000, 0x0000000100000000)
  region size 1024K, 29 young (29696K), 8 survivors (8192K)
 Metaspace       used 34929K, capacity 35800K, committed 35840K, reserved 1081344K
  class space    used 4099K, capacity 4440K, committed 4480K, reserved 1048576K
}
Event: 3.793 GC heap after
{Heap after GC invocations=8 (full 0):
 garbage-first heap   total 152576K, used 15597K [0x0000000084c00000, 0x0000000100000000)
  region size 1024K, 7 young (7168K), 7 survivors (7168K)
 Metaspace       used 34929K, capacity 35800K, committed 35840K, reserved 1081344K
  class space    used 4099K, capacity 4440K, committed 4480K, reserved 1048576K
}
Event: 4.727 GC heap before
{Heap before GC invocations=9 (full 0):
 garbage-first heap   total 152576K, used 92397K [0x0000000084c00000, 0x0000000100000000)
  region size 1024K, 83 young (84992K), 7 survivors (7168K)
 Metaspace       used 39787K, capacity 40862K, committed 40960K, reserved 1085440K
  class space    used 4671K, capacity 5114K, committed 5120K, reserved 1048576K
}
Event: 4.736 GC heap after
{Heap after GC invocations=10 (full 0):
 garbage-first heap   total 152576K, used 18552K [0x0000000084c00000, 0x0000000100000000)
  region size 1024K, 7 young (7168K), 7 survivors (7168K)
 Metaspace       used 39787K, capacity 40862K, committed 40960K, reserved 1085440K
  class space    used 4671K, capacity 5114K, committed 5120K, reserved 1048576K
}
Event: 6.264 GC heap before
{Heap before GC invocations=10 (full 0):
 garbage-first heap   total 152576K, used 99448K [0x0000000084c00000, 0x0000000100000000)
  region size 1024K, 87 young (89088K), 7 survivors (7168K)
 Metaspace       used 47901K, capacity 49081K, committed 49280K, reserved 1091584K
  class space    used 5774K, capacity 6252K, committed 6272K, reserved 1048576K
}
Event: 6.274 GC heap after
{Heap after GC invocations=11 (full 0):
 garbage-first heap   total 183296K, used 21159K [0x0000000084c00000, 0x0000000100000000)
  region size 1024K, 7 young (7168K), 7 survivors (7168K)
 Metaspace       used 47901K, capacity 49081K, committed 49280K, reserved 1091584K
  class space    used 5774K, capacity 6252K, committed 6272K, reserved 1048576K
}

Deoptimization events (10 events):
Event: 5.224 Thread 0x0000022753641000 Uncommon trap: reason=unstable_if action=reinterpret pc=0x000002274400db54 method=sun.net.www.ParseUtil.encodePath(Ljava/lang/String;Z)Ljava/lang/String; @ 1 c2
Event: 5.224 Thread 0x0000022753641000 Uncommon trap: reason=unstable_if action=reinterpret pc=0x0000022743f215dc method=java.net.URI.match(CJJ)Z @ 45 c2
Event: 5.336 Thread 0x0000022753641000 Uncommon trap: reason=unstable_if action=reinterpret pc=0x0000022743f426a0 method=java.lang.CharacterDataLatin1.isWhitespace(I)Z @ 14 c2
Event: 5.362 Thread 0x0000022753641000 Uncommon trap: reason=unstable_if action=reinterpret pc=0x0000022744121c38 method=java.lang.Integer.stringSize(I)I @ 3 c2
Event: 5.424 Thread 0x0000022753641000 Uncommon trap: reason=unstable_if action=reinterpret pc=0x00000227441235b0 method=java.lang.Integer.stringSize(I)I @ 3 c2
Event: 5.642 Thread 0x0000022753641000 Uncommon trap: reason=unstable_if action=reinterpret pc=0x0000022744118634 method=java.net.URL.<init>(Ljava/net/URL;Ljava/lang/String;Ljava/net/URLStreamHandler;)V @ 57 c2
Event: 6.567 Thread 0x0000022753641000 Uncommon trap: reason=unstable_if action=reinterpret pc=0x000002274401b740 method=java.lang.String.valueOf(Ljava/lang/Object;)Ljava/lang/String; @ 1 c2
Event: 6.753 Thread 0x0000022753641000 Uncommon trap: reason=null_check action=make_not_entrant pc=0x0000022744194230 method=java.lang.Class.createAnnotationData(I)Ljava/lang/Class$AnnotationData; @ 14 c2
Event: 6.932 Thread 0x0000022753641000 Uncommon trap: reason=unstable_if action=reinterpret pc=0x0000022744075fe0 method=jdk.internal.reflect.Reflection.verifyMemberAccess(Ljava/lang/Class;Ljava/lang/Class;Ljava/lang/Class;I)Z @ 33 c2
Event: 7.020 Thread 0x0000022753641000 Uncommon trap: reason=class_check action=make_not_entrant pc=0x00000227441a1354 method=java.util.ArrayList.toArray([Ljava/lang/Object;)[Ljava/lang/Object; @ 21 c2

Classes redefined (0 events):
No events

Internal exceptions (10 events):
Event: 5.074 Thread 0x0000022753641000 Implicit null exception at 0x000002273d0a7295 to 0x000002273d0a781b
Event: 5.074 Thread 0x0000022753641000 Exception <a 'java/lang/NullPointerException'{0x000000008b498c70}> (0x000000008b498c70) thrown at [./open/src/hotspot/share/runtime/sharedRuntime.cpp, line 584]
Event: 5.074 Thread 0x0000022753641000 Implicit null exception at 0x000002273d0a7295 to 0x000002273d0a781b
Event: 5.074 Thread 0x0000022753641000 Exception <a 'java/lang/NullPointerException'{0x000000008b499e68}> (0x000000008b499e68) thrown at [./open/src/hotspot/share/runtime/sharedRuntime.cpp, line 584]
Event: 5.110 Thread 0x0000022753641000 Exception <a 'java/lang/NoSuchMethodError'{0x000000008b24ee90}: java.lang.invoke.DirectMethodHandle$Holder.invokeVirtual(Ljava/lang/Object;Ljava/lang/Object;I)Ljava/lang/Object;> (0x000000008b24ee90) thrown at [./open/src/hotspot/share/interpreter/linkRes
Event: 5.156 Thread 0x0000022753641000 Implicit null exception at 0x00000227440887ac to 0x00000227440887de
Event: 5.443 Thread 0x0000022753641000 Exception <a 'java/lang/NoSuchMethodError'{0x000000008a719028}: java.lang.invoke.DirectMethodHandle$Holder.invokeStaticInit(Ljava/lang/Object;Ljava/lang/Object;Ljava/lang/Object;Ljava/lang/Object;)Ljava/lang/Object;> (0x000000008a719028) thrown at [./open
Event: 6.567 Thread 0x0000022753641000 Implicit null exception at 0x000002274401b1ef to 0x000002274401b72c
Event: 6.753 Thread 0x0000022753641000 Implicit null exception at 0x0000022744193b6d to 0x0000022744194224
Event: 7.393 Thread 0x0000022753641000 Exception <a 'java/lang/NoSuchMethodError'{0x000000008ceb4558}: java.lang.invoke.DirectMethodHandle$Holder.invokeInterface(Ljava/lang/Object;Ljava/lang/Object;)V> (0x000000008ceb4558) thrown at [./open/src/hotspot/share/interpreter/linkResolver.cpp, line 

Events (10 events):
Event: 7.487 loading class org/hibernate/tool/schema/extract/internal/SequenceInformationImpl
Event: 7.487 loading class org/hibernate/tool/schema/extract/internal/SequenceInformationImpl done
Event: 7.487 loading class org/hibernate/tool/schema/extract/spi/SequenceInformation
Event: 7.487 loading class org/hibernate/tool/schema/extract/spi/SequenceInformation done
Event: 7.494 loading class org/hibernate/tool/schema/extract/spi/NameSpaceTablesInformation
Event: 7.494 loading class org/hibernate/tool/schema/extract/spi/NameSpaceTablesInformation done
Event: 7.495 loading class org/hibernate/tool/schema/extract/internal/TableInformationImpl
Event: 7.495 loading class org/hibernate/tool/schema/extract/internal/TableInformationImpl done
Event: 7.519 loading class org/postgresql/util/ByteConverter
Event: 7.519 loading class org/postgresql/util/ByteConverter done


Dynamic libraries:
0x00007ff735410000 - 0x00007ff73541f000 	C:\Program Files\Java\jdk-11.0.10\bin\java.exe
0x00007ffc9d7b0000 - 0x00007ffc9d9a5000 	C:\WINDOWS\SYSTEM32\ntdll.dll
0x00007ffc9ce30000 - 0x00007ffc9ceed000 	C:\WINDOWS\System32\KERNEL32.DLL
0x00007ffc9af70000 - 0x00007ffc9b238000 	C:\WINDOWS\System32\KERNELBASE.dll
0x00007ffc98270000 - 0x00007ffc98300000 	C:\WINDOWS\SYSTEM32\apphelp.dll
0x00007ffc9b3a0000 - 0x00007ffc9b4a0000 	C:\WINDOWS\System32\ucrtbase.dll
0x00007ffc968c0000 - 0x00007ffc968d8000 	C:\Program Files\Java\jdk-11.0.10\bin\jli.dll
0x00007ffc9d2d0000 - 0x00007ffc9d37c000 	C:\WINDOWS\System32\ADVAPI32.dll
0x00007ffc9bc90000 - 0x00007ffc9bd2e000 	C:\WINDOWS\System32\msvcrt.dll
0x00007ffc9d380000 - 0x00007ffc9d41b000 	C:\WINDOWS\System32\sechost.dll
0x00007ffc9cb70000 - 0x00007ffc9cc9b000 	C:\WINDOWS\System32\RPCRT4.dll
0x00007ffc9d420000 - 0x00007ffc9d5c0000 	C:\WINDOWS\System32\USER32.dll
0x00007ffc9b660000 - 0x00007ffc9b682000 	C:\WINDOWS\System32\win32u.dll
0x00007ffc9b8f0000 - 0x00007ffc9b91a000 	C:\WINDOWS\System32\GDI32.dll
0x00007ffc9b4a0000 - 0x00007ffc9b5ab000 	C:\WINDOWS\System32\gdi32full.dll
0x00007ffc9b6f0000 - 0x00007ffc9b78d000 	C:\WINDOWS\System32\msvcp_win.dll
0x00007ffc718a0000 - 0x00007ffc718b5000 	C:\Program Files\Java\jdk-11.0.10\bin\VCRUNTIME140.dll
0x00007ffc6a710000 - 0x00007ffc6a9aa000 	C:\WINDOWS\WinSxS\amd64_microsoft.windows.common-controls_6595b64144ccf1df_6.0.19041.844_none_ca00b6081b84eb1d\COMCTL32.dll
0x00007ffc926e0000 - 0x00007ffc926ea000 	C:\WINDOWS\SYSTEM32\VERSION.dll
0x00007ffc9b9a0000 - 0x00007ffc9b9d0000 	C:\WINDOWS\System32\IMM32.DLL
0x00007ffc5bb70000 - 0x00007ffc5bc0b000 	C:\Program Files\Java\jdk-11.0.10\bin\msvcp140.dll
0x00007ffc07cd0000 - 0x00007ffc087cb000 	C:\Program Files\Java\jdk-11.0.10\bin\server\jvm.dll
0x00007ffc9bd30000 - 0x00007ffc9bd38000 	C:\WINDOWS\System32\PSAPI.DLL
0x00007ffc804c0000 - 0x00007ffc804c9000 	C:\WINDOWS\SYSTEM32\WSOCK32.dll
0x00007ffc85090000 - 0x00007ffc850b7000 	C:\WINDOWS\SYSTEM32\WINMM.dll
0x00007ffc9d260000 - 0x00007ffc9d2cb000 	C:\WINDOWS\System32\WS2_32.dll
0x00007ffc99810000 - 0x00007ffc99822000 	C:\WINDOWS\SYSTEM32\kernel.appcore.dll
0x00007ffc95770000 - 0x00007ffc95780000 	C:\Program Files\Java\jdk-11.0.10\bin\verify.dll
0x00007ffc995a0000 - 0x00007ffc99784000 	C:\WINDOWS\SYSTEM32\DBGHELP.DLL
0x00007ffc80410000 - 0x00007ffc8043c000 	C:\WINDOWS\SYSTEM32\dbgcore.DLL
0x00007ffc9b790000 - 0x00007ffc9b810000 	C:\WINDOWS\System32\bcryptPrimitives.dll
0x00007ffc717b0000 - 0x00007ffc717d8000 	C:\Program Files\Java\jdk-11.0.10\bin\java.dll
0x00007ffc8dc20000 - 0x00007ffc8dc2a000 	C:\Program Files\Java\jdk-11.0.10\bin\jimage.dll
0x00007ffc71790000 - 0x00007ffc717a6000 	C:\Program Files\Java\jdk-11.0.10\bin\zip.dll
0x00007ffc9be10000 - 0x00007ffc9c552000 	C:\WINDOWS\System32\SHELL32.dll
0x00007ffc98d50000 - 0x00007ffc994e0000 	C:\WINDOWS\SYSTEM32\windows.storage.dll
0x00007ffc9cef0000 - 0x00007ffc9d245000 	C:\WINDOWS\System32\combase.dll
0x00007ffc9a960000 - 0x00007ffc9a98c000 	C:\WINDOWS\SYSTEM32\Wldp.dll
0x00007ffc9ba60000 - 0x00007ffc9bb0e000 	C:\WINDOWS\System32\SHCORE.dll
0x00007ffc9b890000 - 0x00007ffc9b8e5000 	C:\WINDOWS\System32\shlwapi.dll
0x00007ffc9ae30000 - 0x00007ffc9ae4f000 	C:\WINDOWS\SYSTEM32\profapi.dll
0x00007ffc6b770000 - 0x00007ffc6b789000 	C:\Program Files\Java\jdk-11.0.10\bin\net.dll
0x00007ffc87190000 - 0x00007ffc8729b000 	C:\WINDOWS\SYSTEM32\WINHTTP.dll
0x00007ffc9a6d0000 - 0x00007ffc9a73a000 	C:\WINDOWS\system32\mswsock.dll
0x00007ffc6b750000 - 0x00007ffc6b762000 	C:\Program Files\Java\jdk-11.0.10\bin\nio.dll
0x00007ffc83f10000 - 0x00007ffc83f19000 	C:\Program Files\Java\jdk-11.0.10\bin\management.dll
0x00007ffc82460000 - 0x00007ffc8246b000 	C:\Program Files\Java\jdk-11.0.10\bin\management_ext.dll
0x00007ffc71cf0000 - 0x00007ffc71d07000 	C:\WINDOWS\system32\napinsp.dll
0x00007ffc71cd0000 - 0x00007ffc71ceb000 	C:\WINDOWS\system32\pnrpnsp.dll
0x00007ffc95b10000 - 0x00007ffc95b25000 	C:\WINDOWS\system32\wshbth.dll
0x00007ffc966a0000 - 0x00007ffc966bd000 	C:\WINDOWS\system32\NLAapi.dll
0x00007ffc9a370000 - 0x00007ffc9a3ab000 	C:\WINDOWS\SYSTEM32\IPHLPAPI.DLL
0x00007ffc9a3b0000 - 0x00007ffc9a47c000 	C:\WINDOWS\SYSTEM32\DNSAPI.dll
0x00007ffc9d250000 - 0x00007ffc9d258000 	C:\WINDOWS\System32\NSI.dll
0x00007ffc71cb0000 - 0x00007ffc71cc2000 	C:\WINDOWS\System32\winrnr.dll
0x00007ffc85f90000 - 0x00007ffc85f9a000 	C:\Windows\System32\rasadhlp.dll
0x00007ffc85de0000 - 0x00007ffc85e5f000 	C:\WINDOWS\System32\fwpuclnt.dll
0x00007ffc9aef0000 - 0x00007ffc9af17000 	C:\WINDOWS\System32\bcrypt.dll
0x00007ffc9a8a0000 - 0x00007ffc9a8b8000 	C:\WINDOWS\SYSTEM32\CRYPTSP.dll
0x00007ffc9a000000 - 0x00007ffc9a034000 	C:\WINDOWS\system32\rsaenh.dll
0x00007ffc9adf0000 - 0x00007ffc9ae1e000 	C:\WINDOWS\SYSTEM32\USERENV.dll
0x00007ffc9a8c0000 - 0x00007ffc9a8cc000 	C:\WINDOWS\SYSTEM32\CRYPTBASE.dll
0x00007ffc98d30000 - 0x00007ffc98d47000 	C:\WINDOWS\SYSTEM32\dhcpcsvc6.DLL
0x00007ffc98d10000 - 0x00007ffc98d2d000 	C:\WINDOWS\SYSTEM32\dhcpcsvc.DLL

dbghelp: loaded successfully - version: 4.0.5 - missing functions: none
symbol engine: initialized successfully - sym options: 0x614 - pdb path: .;C:\Program Files\Java\jdk-11.0.10\bin;C:\WINDOWS\SYSTEM32;C:\WINDOWS\WinSxS\amd64_microsoft.windows.common-controls_6595b64144ccf1df_6.0.19041.844_none_ca00b6081b84eb1d;C:\Program Files\Java\jdk-11.0.10\bin\server

VM Arguments:
java_command: com.launchacademy.PetAdoptionsApplication
java_class_path (initial): C:\Users\sinaf\challenges\java-spring-express-refactor\target\classes;C:\Users\sinaf\.m2\repository\org\springframework\boot\spring-boot-starter-data-jpa\2.1.6.RELEASE\spring-boot-starter-data-jpa-2.1.6.RELEASE.jar;C:\Users\sinaf\.m2\repository\org\springframework\boot\spring-boot-starter-aop\2.1.6.RELEASE\spring-boot-starter-aop-2.1.6.RELEASE.jar;C:\Users\sinaf\.m2\repository\org\springframework\spring-aop\5.1.8.RELEASE\spring-aop-5.1.8.RELEASE.jar;C:\Users\sinaf\.m2\repository\org\aspectj\aspectjweaver\1.9.4\aspectjweaver-1.9.4.jar;C:\Users\sinaf\.m2\repository\org\springframework\boot\spring-boot-starter-jdbc\2.1.6.RELEASE\spring-boot-starter-jdbc-2.1.6.RELEASE.jar;C:\Users\sinaf\.m2\repository\com\zaxxer\HikariCP\3.2.0\HikariCP-3.2.0.jar;C:\Users\sinaf\.m2\repository\org\springframework\spring-jdbc\5.1.8.RELEASE\spring-jdbc-5.1.8.RELEASE.jar;C:\Users\sinaf\.m2\repository\javax\transaction\javax.transaction-api\1.3\javax.transaction-api-1.3.jar;C:\Users\sinaf\.m2\repository\javax\xml\bind\jaxb-api\2.3.1\jaxb-api-2.3.1.jar;C:\Users\sinaf\.m2\repository\javax\activation\javax.activation-api\1.2.0\javax.activation-api-1.2.0.jar;C:\Users\sinaf\.m2\repository\org\hibernate\hibernate-core\5.3.10.Final\hibernate-core-5.3.10.Final.jar;C:\Users\sinaf\.m2\repository\org\jboss\logging\jboss-logging\3.3.2.Final\jboss-logging-3.3.2.Final.jar;C:\Users\sinaf\.m2\repository\javax\persistence\javax.persistence-api\2.2\javax.persistence-api-2.2.jar;C:\Users\sinaf\.m2\repository\org\javassist\javassist\3.23.2-GA\javassist-3.23.2-GA.jar;C:\Users\sinaf\.m2\repository\net\bytebuddy\byte-buddy\1.9.13\byte-buddy-1.9.13.jar;C:\Users\sinaf\.m2\repository\antlr\antlr\2.7.7\antlr-2.7.7.jar;C:\Users\sinaf\.m2\repository\org\jboss\jandex\2.0.5.Final\jandex-2.0.5.Final.jar;C:\Users\sinaf\.m2\repository\com\fasterxml\classmate\1.4.0\classmate-1.4.0.jar;C:\Users\sinaf\.m2\repository\org\dom4j\dom4j\2.1.1\dom4j-2.1.1.jar;C:\Users\sinaf\.m2\repository\org\hibernate\com
Launcher Type: SUN_STANDARD

[Global flags]
     intx CICompilerCount                          = 3                                         {product} {ergonomic}
     uint ConcGCThreads                            = 1                                         {product} {ergonomic}
     uint G1ConcRefinementThreads                  = 4                                         {product} {ergonomic}
   size_t G1HeapRegionSize                         = 1048576                                   {product} {ergonomic}
    uintx GCDrainStackTargetSize                   = 64                                        {product} {ergonomic}
   size_t InitialHeapSize                          = 130023424                                 {product} {ergonomic}
   size_t MarkStackSize                            = 4194304                                   {product} {ergonomic}
   size_t MaxHeapSize                              = 2067791872                                {product} {ergonomic}
   size_t MaxNewSize                               = 1240465408                                {product} {ergonomic}
   size_t MinHeapDeltaBytes                        = 1048576                                   {product} {ergonomic}
    uintx NonNMethodCodeHeapSize                   = 5830732                                {pd product} {ergonomic}
    uintx NonProfiledCodeHeapSize                  = 122913754                              {pd product} {ergonomic}
    uintx ProfiledCodeHeapSize                     = 122913754                              {pd product} {ergonomic}
    uintx ReservedCodeCacheSize                    = 251658240                              {pd product} {ergonomic}
     bool SegmentedCodeCache                       = true                                      {product} {ergonomic}
     bool UseCompressedClassPointers               = true                                 {lp64_product} {ergonomic}
     bool UseCompressedOops                        = true                                 {lp64_product} {ergonomic}
     bool UseG1GC                                  = true                                      {product} {ergonomic}
     bool UseLargePagesIndividualAllocation        = false                                  {pd product} {ergonomic}

Logging:
Log output configuration:
 #0: stdout all=warning uptime,level,tags
 #1: stderr all=off uptime,level,tags

Environment Variables:
JAVA_HOME=
PATH=C:\Users\sinaf\bin;C:\Program Files\Git\mingw64\bin;C:\Program Files\Git\usr\local\bin;C:\Program Files\Git\usr\bin;C:\Program Files\Git\usr\bin;C:\Program Files\Git\mingw64\bin;C:\Program Files\Git\usr\bin;C:\Users\sinaf\bin;C:\Program Files\Common Files\Oracle\Java\javapath;C:\Python39\Scripts;C:\Python39;C:\Program Files\Microsoft MPI\Bin;C:\WINDOWS\system32;C:\WINDOWS;C:\WINDOWS\System32\Wbem;C:\WINDOWS\System32\WindowsPowerShell\v1.0;C:\WINDOWS\System32\OpenSSH;C:\Program Files\Microsoft SQL Server\Client SDK\ODBC\170\Tools\Binn;C:\Program Files (x86)\Microsoft SQL Server\150\Tools\Binn;C:\Program Files\Microsoft SQL Server\150\Tools\Binn;C:\Program Files\Microsoft SQL Server\150\DTS\Binn;C:\Program Files (x86)\Microsoft SQL Server\150\DTS\Binn;C:\Program Files\dotnet;C:\Program Files\Microsoft SQL Server\130\Tools\Binn;C:\Program Files\Git\cmd;C:\Program Files\Git\mingw64\bin;C:\Program Files\Git\usr\bin;C:\Program Files (x86)\Yarn\bin;C:\Program Files (x86)\dotnet;C:\Program Files\nodejs;C:\ProgramData\chocolatey\bin;C:\Program Files\JetBrains\IntelliJ IDEA Community Edition 2020.3.3\bin;C:\Program Files\Java\jdk-11.0.10\bin;C:\Users\sinaf\AppData\Local\Microsoft\WindowsApps;C:\Users\sinaf\AppData\Local\Programs\Microsoft VS Code\bin;C:\Users\sinaf\AppData\Local\Yarn\bin;C:\Users\sinaf\AppData\Roaming\npm;C:\Users\sinaf\AppData\Local\GitHubDesktop\bin;C:\Program Files\PostgreSQL\12\bin;C:\Program Files\Git\usr\bin\vendor_perl;C:\Program Files\Git\usr\bin\core_perl
USERNAME=sinaf
SHELL=C:\Program Files\Git\usr\bin\bash.exe
DISPLAY=needs-to-be-defined
OS=Windows_NT
PROCESSOR_IDENTIFIER=Intel64 Family 6 Model 126 Stepping 5, GenuineIntel



---------------  S Y S T E M  ---------------

OS: Windows 10 , 64 bit Build 19041 (10.0.19041.928)

CPU:total 4 (initial active 4) (2 cores per cpu, 2 threads per core) family 6 model 126 stepping 5 microcode 0xa0, cmov, cx8, fxsr, mmx, sse, sse2, sse3, ssse3, sse4.1, sse4.2, popcnt, avx, avx2, aes, clmul, erms, 3dnowpref, lzcnt, ht, tsc, tscinvbit, bmi1, bmi2, adx, evex, sha, fma

Memory: 4k page, system-wide physical 7881M (451M free)
TotalPageFile size 18554M (AvailPageFile size 3702M)
current process WorkingSet (physical memory assigned to process): 308M, peak: 308M
current process commit charge ("private bytes"): 377M, peak: 377M

vm_info: Java HotSpot(TM) 64-Bit Server VM (11.0.10+8-LTS-162) for windows-amd64 JRE (11.0.10+8-LTS-162), built on Dec  8 2020 16:32:57 by "mach5one" with MS VC++ 15.9 (VS2017)

END.
